#
# A fatal error has been detected by the Java Runtime Environment:
#
#  EXCEPTION_ACCESS_VIOLATION (0xc0000005) at pc=0x00007ffdf8ce2f58, pid=6396, tid=12192
#
# JRE version: Java(TM) SE Runtime Environment (21.0.6+8) (build 21.0.6+8-LTS-188)
# Java VM: Java HotSpot(TM) 64-Bit Server VM (21.0.6+8-LTS-188, mixed mode, sharing, tiered, compressed oops, compressed class ptrs, g1 gc, windows-amd64)
# Problematic frame:
# C  [msvcp140.dll+0x12f58]
#
# No core dump will be written. Minidumps are not enabled by default on client versions of Windows
#
# If you would like to submit a bug report, please visit:
#   https://bugreport.java.com/bugreport/crash.jsp
# The crash happened outside the Java Virtual Machine in native code.
# See problematic frame for where to report the bug.
#

---------------  S U M M A R Y ------------

Command Line: -ea -Dfile.encoding=UTF-8 -Dstdout.encoding=UTF-8 -Dstderr.encoding=UTF-8 -XX:+ShowCodeDetailsInExceptionMessages org.eclipse.jdt.internal.junit.runner.RemoteTestRunner -version 3 -port 49789 -testLoaderClass org.eclipse.jdt.internal.junit5.runner.JUnit5TestLoader -loaderpluginname org.eclipse.jdt.junit5.runtime -classNames io.github.givimad.whisperjni.WhisperJNITest

Host: AMD Ryzen 7 1700 Eight-Core Processor          , 16 cores, 15G,  Windows 10 , 64 bit Build 19041 (10.0.19041.5678)
Time: Mon May  5 15:16:56 2025 Eastern Daylight Time elapsed time: 1.972104 seconds (0d 0h 0m 1s)

---------------  T H R E A D  ---------------

Current thread (0x000001ede6424d00):  JavaThread "main"             [_thread_in_native, id=12192, stack(0x0000006b79e00000,0x0000006b79f00000) (1024K)]

Stack: [0x0000006b79e00000,0x0000006b79f00000],  sp=0x0000006b79efb670,  free space=1005k
Native frames: (J=compiled Java code, j=interpreted, Vv=VM code, C=native code)
C  [msvcp140.dll+0x12f58]
C  [whisper-jni.dll+0x882c4]

Java frames: (J=compiled Java code, j=interpreted, Vv=VM code)
j  io.github.givimad.whisperjni.WhisperJNI.initNoState(Ljava/lang/String;Lio/github/givimad/whisperjni/WhisperContextParams;)I+0
j  io.github.givimad.whisperjni.WhisperJNI.initNoState(Ljava/nio/file/Path;Lio/github/givimad/whisperjni/WhisperContextParams;)Lio/github/givimad/whisperjni/WhisperContext;+29
j  io.github.givimad.whisperjni.WhisperJNI.initNoState(Ljava/nio/file/Path;)Lio/github/givimad/whisperjni/WhisperContext;+3
j  io.github.givimad.whisperjni.WhisperJNITest.testFullWithState()V+15
j  java.lang.invoke.LambdaForm$DMH+0x000001ed8a0b4000.invokeVirtual(Ljava/lang/Object;Ljava/lang/Object;)V+10 java.base@21.0.6
j  java.lang.invoke.LambdaForm$MH+0x000001ed8a0b4800.invoke(Ljava/lang/Object;Ljava/lang/Object;)Ljava/lang/Object;+31 java.base@21.0.6
j  java.lang.invoke.Invokers$Holder.invokeExact_MT(Ljava/lang/Object;Ljava/lang/Object;Ljava/lang/Object;)Ljava/lang/Object;+19 java.base@21.0.6
j  jdk.internal.reflect.DirectMethodHandleAccessor.invokeImpl(Ljava/lang/Object;[Ljava/lang/Object;)Ljava/lang/Object;+41 java.base@21.0.6
j  jdk.internal.reflect.DirectMethodHandleAccessor.invoke(Ljava/lang/Object;[Ljava/lang/Object;)Ljava/lang/Object;+23 java.base@21.0.6
j  java.lang.reflect.Method.invoke(Ljava/lang/Object;[Ljava/lang/Object;)Ljava/lang/Object;+102 java.base@21.0.6
j  org.junit.platform.commons.util.ReflectionUtils.invokeMethod(Ljava/lang/reflect/Method;Ljava/lang/Object;[Ljava/lang/Object;)Ljava/lang/Object;+42
j  org.junit.jupiter.engine.execution.MethodInvocation.proceed()Ljava/lang/Object;+16
j  org.junit.jupiter.engine.execution.InvocationInterceptorChain$ValidatingInvocation.proceed()Ljava/lang/Object;+8
j  org.junit.jupiter.engine.extension.TimeoutExtension.intercept(Lorg/junit/jupiter/api/extension/InvocationInterceptor$Invocation;Lorg/junit/jupiter/api/extension/ReflectiveInvocationContext;Lorg/junit/jupiter/api/extension/ExtensionContext;Lorg/junit/jupiter/engine/extension/TimeoutDuration;Lorg/junit/jupiter/engine/extension/TimeoutExtension$TimeoutProvider;)Ljava/lang/Object;+28
j  org.junit.jupiter.engine.extension.TimeoutExtension.interceptTestableMethod(Lorg/junit/jupiter/api/extension/InvocationInterceptor$Invocation;Lorg/junit/jupiter/api/extension/ReflectiveInvocationContext;Lorg/junit/jupiter/api/extension/ExtensionContext;Lorg/junit/jupiter/engine/extension/TimeoutExtension$TimeoutProvider;)Ljava/lang/Object;+31
j  org.junit.jupiter.engine.extension.TimeoutExtension.interceptTestMethod(Lorg/junit/jupiter/api/extension/InvocationInterceptor$Invocation;Lorg/junit/jupiter/api/extension/ReflectiveInvocationContext;Lorg/junit/jupiter/api/extension/ExtensionContext;)V+9
j  org.junit.jupiter.engine.descriptor.TestMethodTestDescriptor$$Lambda+0x000001ed8a0372e8.apply(Lorg/junit/jupiter/api/extension/InvocationInterceptor;Lorg/junit/jupiter/api/extension/InvocationInterceptor$Invocation;Lorg/junit/jupiter/api/extension/ReflectiveInvocationContext;Lorg/junit/jupiter/api/extension/ExtensionContext;)V+5
j  org.junit.jupiter.engine.execution.InterceptingExecutableInvoker$ReflectiveInterceptorCall.lambda$ofVoidMethod$0(Lorg/junit/jupiter/engine/execution/InterceptingExecutableInvoker$ReflectiveInterceptorCall$VoidMethodInterceptorCall;Lorg/junit/jupiter/api/extension/InvocationInterceptor;Lorg/junit/jupiter/api/extension/InvocationInterceptor$Invocation;Lorg/junit/jupiter/api/extension/ReflectiveInvocationContext;Lorg/junit/jupiter/api/extension/ExtensionContext;)Ljava/lang/Void;+6
j  org.junit.jupiter.engine.execution.InterceptingExecutableInvoker$ReflectiveInterceptorCall$$Lambda+0x000001ed8a0376e8.apply(Lorg/junit/jupiter/api/extension/InvocationInterceptor;Lorg/junit/jupiter/api/extension/InvocationInterceptor$Invocation;Lorg/junit/jupiter/api/extension/ReflectiveInvocationContext;Lorg/junit/jupiter/api/extension/ExtensionContext;)Ljava/lang/Object;+9
j  org.junit.jupiter.engine.execution.InterceptingExecutableInvoker.lambda$invoke$0(Lorg/junit/jupiter/engine/execution/InterceptingExecutableInvoker$ReflectiveInterceptorCall;Lorg/junit/jupiter/api/extension/ReflectiveInvocationContext;Lorg/junit/jupiter/api/extension/ExtensionContext;Lorg/junit/jupiter/api/extension/InvocationInterceptor;Lorg/junit/jupiter/api/extension/InvocationInterceptor$Invocation;)Ljava/lang/Object;+6
j  org.junit.jupiter.engine.execution.InterceptingExecutableInvoker$$Lambda+0x000001ed8a0a2650.apply(Lorg/junit/jupiter/api/extension/InvocationInterceptor;Lorg/junit/jupiter/api/extension/InvocationInterceptor$Invocation;)Ljava/lang/Object;+14
j  org.junit.jupiter.engine.execution.InvocationInterceptorChain$InterceptedInvocation.proceed()Ljava/lang/Object;+12
j  org.junit.jupiter.engine.execution.InvocationInterceptorChain.proceed(Lorg/junit/jupiter/api/extension/InvocationInterceptor$Invocation;)Ljava/lang/Object;+1
j  org.junit.jupiter.engine.execution.InvocationInterceptorChain.chainAndInvoke(Lorg/junit/jupiter/api/extension/InvocationInterceptor$Invocation;Lorg/junit/jupiter/engine/execution/InvocationInterceptorChain$InterceptorCall;Ljava/util/List;)Ljava/lang/Object;+24
j  org.junit.jupiter.engine.execution.InvocationInterceptorChain.invoke(Lorg/junit/jupiter/api/extension/InvocationInterceptor$Invocation;Lorg/junit/jupiter/engine/extension/ExtensionRegistry;Lorg/junit/jupiter/engine/execution/InvocationInterceptorChain$InterceptorCall;)Ljava/lang/Object;+31
j  org.junit.jupiter.engine.execution.InterceptingExecutableInvoker.invoke(Lorg/junit/jupiter/api/extension/InvocationInterceptor$Invocation;Lorg/junit/jupiter/api/extension/ReflectiveInvocationContext;Lorg/junit/jupiter/api/extension/ExtensionContext;Lorg/junit/jupiter/engine/extension/ExtensionRegistry;Lorg/junit/jupiter/engine/execution/InterceptingExecutableInvoker$ReflectiveInterceptorCall;)Ljava/lang/Object;+15
j  org.junit.jupiter.engine.execution.InterceptingExecutableInvoker.invoke(Ljava/lang/reflect/Method;Ljava/lang/Object;Lorg/junit/jupiter/api/extension/ExtensionContext;Lorg/junit/jupiter/engine/extension/ExtensionRegistry;Lorg/junit/jupiter/engine/execution/InterceptingExecutableInvoker$ReflectiveInterceptorCall;)Ljava/lang/Object;+55
j  org.junit.jupiter.engine.descriptor.TestMethodTestDescriptor.lambda$invokeTestMethod$7(Lorg/junit/jupiter/api/extension/ExtensionContext;Lorg/junit/jupiter/engine/execution/JupiterEngineExecutionContext;)V+28
j  org.junit.jupiter.engine.descriptor.TestMethodTestDescriptor$$Lambda+0x000001ed8a0b0400.execute()V+12
j  org.junit.platform.engine.support.hierarchical.ThrowableCollector.execute(Lorg/junit/platform/engine/support/hierarchical/ThrowableCollector$Executable;)V+1
j  org.junit.jupiter.engine.descriptor.TestMethodTestDescriptor.invokeTestMethod(Lorg/junit/jupiter/engine/execution/JupiterEngineExecutionContext;Lorg/junit/platform/engine/support/hierarchical/Node$DynamicTestExecutor;)V+21
j  org.junit.jupiter.engine.descriptor.TestMethodTestDescriptor.execute(Lorg/junit/jupiter/engine/execution/JupiterEngineExecutionContext;Lorg/junit/platform/engine/support/hierarchical/Node$DynamicTestExecutor;)Lorg/junit/jupiter/engine/execution/JupiterEngineExecutionContext;+44
j  org.junit.jupiter.engine.descriptor.TestMethodTestDescriptor.execute(Lorg/junit/platform/engine/support/hierarchical/EngineExecutionContext;Lorg/junit/platform/engine/support/hierarchical/Node$DynamicTestExecutor;)Lorg/junit/platform/engine/support/hierarchical/EngineExecutionContext;+6
j  org.junit.platform.engine.support.hierarchical.NodeTestTask.lambda$executeRecursively$6()V+79
j  org.junit.platform.engine.support.hierarchical.NodeTestTask$$Lambda+0x000001ed8a096a60.execute()V+4
j  org.junit.platform.engine.support.hierarchical.ThrowableCollector.execute(Lorg/junit/platform/engine/support/hierarchical/ThrowableCollector$Executable;)V+1
j  org.junit.platform.engine.support.hierarchical.NodeTestTask.lambda$executeRecursively$8(Lorg/junit/platform/engine/support/hierarchical/EngineExecutionContext;)V+15
j  org.junit.platform.engine.support.hierarchical.NodeTestTask$$Lambda+0x000001ed8a096848.invoke(Lorg/junit/platform/engine/support/hierarchical/EngineExecutionContext;)V+5
j  org.junit.platform.engine.support.hierarchical.Node.around(Lorg/junit/platform/engine/support/hierarchical/EngineExecutionContext;Lorg/junit/platform/engine/support/hierarchical/Node$Invocation;)V+2
j  org.junit.platform.engine.support.hierarchical.NodeTestTask.lambda$executeRecursively$9()V+14
j  org.junit.platform.engine.support.hierarchical.NodeTestTask$$Lambda+0x000001ed8a096440.execute()V+4
j  org.junit.platform.engine.support.hierarchical.ThrowableCollector.execute(Lorg/junit/platform/engine/support/hierarchical/ThrowableCollector$Executable;)V+1
j  org.junit.platform.engine.support.hierarchical.NodeTestTask.executeRecursively()V+31
j  org.junit.platform.engine.support.hierarchical.NodeTestTask.execute()V+55
j  org.junit.platform.engine.support.hierarchical.SameThreadHierarchicalTestExecutorService$$Lambda+0x000001ed8a097528.accept(Ljava/lang/Object;)V+4
j  java.util.ArrayList.forEach(Ljava/util/function/Consumer;)V+46 java.base@21.0.6
j  org.junit.platform.engine.support.hierarchical.SameThreadHierarchicalTestExecutorService.invokeAll(Ljava/util/List;)V+6
j  org.junit.platform.engine.support.hierarchical.NodeTestTask.lambda$executeRecursively$6()V+116
j  org.junit.platform.engine.support.hierarchical.NodeTestTask$$Lambda+0x000001ed8a096a60.execute()V+4
j  org.junit.platform.engine.support.hierarchical.ThrowableCollector.execute(Lorg/junit/platform/engine/support/hierarchical/ThrowableCollector$Executable;)V+1
j  org.junit.platform.engine.support.hierarchical.NodeTestTask.lambda$executeRecursively$8(Lorg/junit/platform/engine/support/hierarchical/EngineExecutionContext;)V+15
j  org.junit.platform.engine.support.hierarchical.NodeTestTask$$Lambda+0x000001ed8a096848.invoke(Lorg/junit/platform/engine/support/hierarchical/EngineExecutionContext;)V+5
j  org.junit.platform.engine.support.hierarchical.Node.around(Lorg/junit/platform/engine/support/hierarchical/EngineExecutionContext;Lorg/junit/platform/engine/support/hierarchical/Node$Invocation;)V+2
j  org.junit.platform.engine.support.hierarchical.NodeTestTask.lambda$executeRecursively$9()V+14
j  org.junit.platform.engine.support.hierarchical.NodeTestTask$$Lambda+0x000001ed8a096440.execute()V+4
j  org.junit.platform.engine.support.hierarchical.ThrowableCollector.execute(Lorg/junit/platform/engine/support/hierarchical/ThrowableCollector$Executable;)V+1
j  org.junit.platform.engine.support.hierarchical.NodeTestTask.executeRecursively()V+31
j  org.junit.platform.engine.support.hierarchical.NodeTestTask.execute()V+55
j  org.junit.platform.engine.support.hierarchical.SameThreadHierarchicalTestExecutorService$$Lambda+0x000001ed8a097528.accept(Ljava/lang/Object;)V+4
j  java.util.ArrayList.forEach(Ljava/util/function/Consumer;)V+46 java.base@21.0.6
j  org.junit.platform.engine.support.hierarchical.SameThreadHierarchicalTestExecutorService.invokeAll(Ljava/util/List;)V+6
j  org.junit.platform.engine.support.hierarchical.NodeTestTask.lambda$executeRecursively$6()V+116
j  org.junit.platform.engine.support.hierarchical.NodeTestTask$$Lambda+0x000001ed8a096a60.execute()V+4
j  org.junit.platform.engine.support.hierarchical.ThrowableCollector.execute(Lorg/junit/platform/engine/support/hierarchical/ThrowableCollector$Executable;)V+1
j  org.junit.platform.engine.support.hierarchical.NodeTestTask.lambda$executeRecursively$8(Lorg/junit/platform/engine/support/hierarchical/EngineExecutionContext;)V+15
j  org.junit.platform.engine.support.hierarchical.NodeTestTask$$Lambda+0x000001ed8a096848.invoke(Lorg/junit/platform/engine/support/hierarchical/EngineExecutionContext;)V+5
j  org.junit.platform.engine.support.hierarchical.Node.around(Lorg/junit/platform/engine/support/hierarchical/EngineExecutionContext;Lorg/junit/platform/engine/support/hierarchical/Node$Invocation;)V+2
j  org.junit.platform.engine.support.hierarchical.NodeTestTask.lambda$executeRecursively$9()V+14
j  org.junit.platform.engine.support.hierarchical.NodeTestTask$$Lambda+0x000001ed8a096440.execute()V+4
j  org.junit.platform.engine.support.hierarchical.ThrowableCollector.execute(Lorg/junit/platform/engine/support/hierarchical/ThrowableCollector$Executable;)V+1
j  org.junit.platform.engine.support.hierarchical.NodeTestTask.executeRecursively()V+31
j  org.junit.platform.engine.support.hierarchical.NodeTestTask.execute()V+55
j  org.junit.platform.engine.support.hierarchical.SameThreadHierarchicalTestExecutorService.submit(Lorg/junit/platform/engine/support/hierarchical/HierarchicalTestExecutorService$TestTask;)Ljava/util/concurrent/Future;+1
j  org.junit.platform.engine.support.hierarchical.HierarchicalTestExecutor.execute()Ljava/util/concurrent/Future;+74
j  org.junit.platform.engine.support.hierarchical.HierarchicalTestEngine.execute(Lorg/junit/platform/engine/ExecutionRequest;)V+31
j  org.junit.platform.launcher.core.EngineExecutionOrchestrator.execute(Lorg/junit/platform/engine/TestDescriptor;Lorg/junit/platform/engine/EngineExecutionListener;Lorg/junit/platform/engine/ConfigurationParameters;Lorg/junit/platform/engine/TestEngine;)V+24
j  org.junit.platform.launcher.core.EngineExecutionOrchestrator.execute(Lorg/junit/platform/launcher/core/LauncherDiscoveryResult;Lorg/junit/platform/engine/EngineExecutionListener;)V+115
j  org.junit.platform.launcher.core.EngineExecutionOrchestrator.execute(Lorg/junit/platform/launcher/core/InternalTestPlan;Lorg/junit/platform/engine/EngineExecutionListener;Lorg/junit/platform/launcher/TestExecutionListener;)V+55
j  org.junit.platform.launcher.core.EngineExecutionOrchestrator.lambda$execute$0(Lorg/junit/platform/launcher/core/InternalTestPlan;Lorg/junit/platform/launcher/TestExecutionListener;)V+6
j  org.junit.platform.launcher.core.EngineExecutionOrchestrator$$Lambda+0x000001ed8a086300.accept(Ljava/lang/Object;)V+12
j  org.junit.platform.launcher.core.EngineExecutionOrchestrator.withInterceptedStreams(Lorg/junit/platform/engine/ConfigurationParameters;Lorg/junit/platform/launcher/core/ListenerRegistry;Ljava/util/function/Consumer;)V+51
j  org.junit.platform.launcher.core.EngineExecutionOrchestrator.execute(Lorg/junit/platform/launcher/core/InternalTestPlan;[Lorg/junit/platform/launcher/TestExecutionListener;)V+23
j  org.junit.platform.launcher.core.DefaultLauncher.execute(Lorg/junit/platform/launcher/core/InternalTestPlan;[Lorg/junit/platform/launcher/TestExecutionListener;)V+6
j  org.junit.platform.launcher.core.DefaultLauncher.execute(Lorg/junit/platform/launcher/TestPlan;[Lorg/junit/platform/launcher/TestExecutionListener;)V+36
j  org.junit.platform.launcher.core.DelegatingLauncher.execute(Lorg/junit/platform/launcher/TestPlan;[Lorg/junit/platform/launcher/TestExecutionListener;)V+6
j  org.junit.platform.launcher.core.SessionPerRequestLauncher.execute(Lorg/junit/platform/launcher/TestPlan;[Lorg/junit/platform/launcher/TestExecutionListener;)V+13
j  org.eclipse.jdt.internal.junit5.runner.JUnit5TestReference.run(Lorg/eclipse/jdt/internal/junit/runner/TestExecution;)V+69
j  org.eclipse.jdt.internal.junit.runner.TestExecution.run([Lorg/eclipse/jdt/internal/junit/runner/ITestReference;)V+27
j  org.eclipse.jdt.internal.junit.runner.RemoteTestRunner.runTests([Ljava/lang/String;Ljava/lang/String;Lorg/eclipse/jdt/internal/junit/runner/TestExecution;)V+62
j  org.eclipse.jdt.internal.junit.runner.RemoteTestRunner.runTests(Lorg/eclipse/jdt/internal/junit/runner/TestExecution;)V+10
j  org.eclipse.jdt.internal.junit.runner.RemoteTestRunner.run()V+70
j  org.eclipse.jdt.internal.junit.runner.RemoteTestRunner.main([Ljava/lang/String;)V+14
v  ~StubRoutines::call_stub 0x000001edf77e100d

siginfo: EXCEPTION_ACCESS_VIOLATION (0xc0000005), reading address 0x0000000000000000


Registers:
RAX=0x0000000000000000, RBX=0x000001edcef00b60, RCX=0x000001edcef00b68, RDX=0x0000000000000000
RSP=0x0000006b79efb670, RBP=0x0000000000000002, RSI=0x000001edcef00b60, RDI=0x000001edcef00f30
R8 =0x0000000000000002, R9 =0x0000000000000000, R10=0x000001ede63f0000, R11=0x0000006b79efb590
R12=0x0000000000000001, R13=0x0000000000000001, R14=0x0000000000000000, R15=0x000001edcef00ba8
RIP=0x00007ffdf8ce2f58, EFLAGS=0x0000000000010286


Register to memory mapping:

RAX=0x0 is null
RBX=0x000001edcef00b60 points into unknown readable memory: 0x0000000000000002 | 02 00 00 00 00 00 00 00
RCX=0x000001edcef00b68 points into unknown readable memory: 0x0000000000000000 | 00 00 00 00 00 00 00 00
RDX=0x0 is null
RSP=0x0000006b79efb670 is pointing into the stack for thread: 0x000001ede6424d00
RBP=0x0000000000000002 is an unknown value
RSI=0x000001edcef00b60 points into unknown readable memory: 0x0000000000000002 | 02 00 00 00 00 00 00 00
RDI=0x000001edcef00f30 points into unknown readable memory: 0x0000000000000000 | 00 00 00 00 00 00 00 00
R8 =0x0000000000000002 is an unknown value
R9 =0x0 is null
R10=0x000001ede63f0000 points into unknown readable memory: 0x0000000000000000 | 00 00 00 00 00 00 00 00
R11=0x0000006b79efb590 is pointing into the stack for thread: 0x000001ede6424d00
R12=0x0000000000000001 is an unknown value
R13=0x0000000000000001 is an unknown value
R14=0x0 is null
R15=0x000001edcef00ba8 points into unknown readable memory: 0x00000000ffffffff | ff ff ff ff 00 00 00 00

Top of Stack: (sp=0x0000006b79efb670)
0x0000006b79efb670:   000001edcf0e0320 000001edcef06360
0x0000006b79efb680:   000001edcef56a50 0000000000000000
0x0000006b79efb690:   0000000000000000 0000000000000020
0x0000006b79efb6a0:   00004466f9336e97 0000000000000000
0x0000006b79efb6b0:   6666666666666667 0000000000000000
0x0000006b79efb6c0:   000001edcef00f30 00007ffdc51082c4
0x0000006b79efb6d0:   0000006b79efc520 00007ffdf8a320b4
0x0000006b79efb6e0:   000001edcef00b60 0000006b79efb760
0x0000006b79efb6f0:   000001edcef00b60 0000000000000000
0x0000006b79efb700:   0000006b79efc520 0000000000000000
0x0000006b79efb710:   6666666666666667 0000000000000000
0x0000006b79efb720:   0000000000000002 00007ffdc510a02a
0x0000006b79efb730:   000001edcef00b60 000001edcef00b60
0x0000006b79efb740:   0000006b79efb830 ffffffffffffffff
0x0000006b79efb750:   0000006b79efc520 0000000000000000
0x0000006b79efb760:   000001edcef00b60 000001edcef00b50
0x0000006b79efb770:   000001edcf12dd90 000001edcf12dd98
0x0000006b79efb780:   000001edcf12dd98 3f8000003f800000
0x0000006b79efb790:   000001edcf0bf500 000001edcf0bf550
0x0000006b79efb7a0:   000001edcf0bf550 000001edce4e2b00
0x0000006b79efb7b0:   000001edce4e2b78 000001edce4e2b78
0x0000006b79efb7c0:   0000000000000000 000001edcef1a9c0
0x0000006b79efb7d0:   000001edcef27e04 000001edcef27e04
0x0000006b79efb7e0:   0000000100000001 0000000100000001
0x0000006b79efb7f0:   0000000100000001 0000000100000001
0x0000006b79efb800:   0000000100000001 0000000100000001
0x0000006b79efb810:   0000000100000001 0000000100000001
0x0000006b79efb820:   0000000100000001 0000000100000001
0x0000006b79efb830:   0000000000000000 0000000100000001
0x0000006b79efb840:   0000000100000001 0000000100000001
0x0000006b79efb850:   0000000100000001 0000000100000001
0x0000006b79efb860:   0000000100000001 0000000100000001 

Instructions: (pc=0x00007ffdf8ce2f58)
0x00007ffdf8ce2e58:   cc cc cc cc cc cc cc cc 40 53 48 83 ec 30 48 8d
0x00007ffdf8ce2e68:   41 08 4d 8b c8 4c 8b c2 48 89 44 24 28 83 64 24
0x00007ffdf8ce2e78:   20 00 48 8b d9 33 d2 33 c9 ff 15 31 36 04 00 48
0x00007ffdf8ce2e88:   89 03 48 f7 d8 1b c0 f7 d0 83 e0 04 48 83 c4 30
0x00007ffdf8ce2e98:   5b c3 cc cc cc cc cc cc 48 ff 25 59 33 04 00 cc
0x00007ffdf8ce2ea8:   cc cc cc cc cc cc cc cc 48 83 c1 08 48 ff 25 95
0x00007ffdf8ce2eb8:   31 04 00 cc 48 89 5c 24 18 48 89 74 24 20 57 41
0x00007ffdf8ce2ec8:   56 41 57 48 83 ec 40 48 8b 05 82 14 07 00 48 33
0x00007ffdf8ce2ed8:   c4 48 89 44 24 30 8b 01 4c 8b f2 0f ba f0 08 48
0x00007ffdf8ce2ee8:   8b f1 83 f8 01 75 4a ff 15 03 33 04 00 39 46 48
0x00007ffdf8ce2ef8:   74 19 48 8d 4e 08 48 8b 01 48 8b 00 ff 15 a6 37
0x00007ffdf8ce2f08:   04 00 ff 15 e8 32 04 00 89 46 48 ff 46 4c 33 c0
0x00007ffdf8ce2f18:   48 8b 4c 24 30 48 33 cc e8 3b fd 03 00 48 8b 5c
0x00007ffdf8ce2f28:   24 70 48 8b 74 24 78 48 83 c4 40 41 5f 41 5e 5f
0x00007ffdf8ce2f38:   c3 4d 85 f6 75 28 4c 8d 79 48 ff 15 b0 32 04 00
0x00007ffdf8ce2f48:   41 39 07 0f 84 ad 00 00 00 48 8d 4e 08 48 8b 01
0x00007ffdf8ce2f58:   48 8b 00 ff 15 4f 37 04 00 e9 98 00 00 00 48 83
0x00007ffdf8ce2f68:   3a 00 7c 6e 75 06 83 7a 08 00 7e 66 ba 01 00 00
0x00007ffdf8ce2f78:   00 48 8d 4c 24 20 e8 ed 08 00 00 48 8b 44 24 20
0x00007ffdf8ce2f88:   49 3b 06 7c 14 0f 85 b3 00 00 00 41 8b 46 08 39
0x00007ffdf8ce2f98:   44 24 28 0f 8d a5 00 00 00 4c 8d 7e 48 ff 15 4d
0x00007ffdf8ce2fa8:   32 04 00 41 39 07 74 4e 48 8b 46 08 48 8d 54 24
0x00007ffdf8ce2fb8:   20 49 8b ce 48 8b 58 10 e8 ab 07 00 00 8b d0 48
0x00007ffdf8ce2fc8:   8d 4e 08 48 8b c3 ff 15 dc 36 04 00 84 c0 74 9c
0x00007ffdf8ce2fd8:   eb 24 4c 8d 79 48 ff 15 14 32 04 00 41 39 07 74
0x00007ffdf8ce2fe8:   15 48 8d 4e 08 48 8b 01 48 8b 40 08 ff 15 b6 36
0x00007ffdf8ce2ff8:   04 00 84 c0 74 48 8b 4e 4c 33 db bf 02 01 00 00
0x00007ffdf8ce3008:   8d 41 01 89 46 4c 83 f8 01 7e 0f f7 06 00 01 00
0x00007ffdf8ce3018:   00 75 10 89 4e 4c 8b df eb 09 ff 15 d0 31 04 00
0x00007ffdf8ce3028:   41 89 07 85 db 0f 84 e3 fe ff ff 3b df 74 0a b8
0x00007ffdf8ce3038:   04 00 00 00 e9 d7 fe ff ff 4d 85 f6 74 20 49 83
0x00007ffdf8ce3048:   3e 00 75 10 41 8b 46 08 f7 d8 1b c0 83 c0 03 e9 


Stack slot to memory mapping:

stack at sp + 0 slots: 0x000001edcf0e0320 points into unknown readable memory: 0x000001edcf13f210 | 10 f2 13 cf ed 01 00 00
stack at sp + 1 slots: 0x000001edcef06360 points into unknown readable memory: 0x10aded040410aded | ed ad 10 04 04 ed ad 10
stack at sp + 2 slots: 0x000001edcef56a50 points into unknown readable memory: 0x000001edcef06360 | 60 63 f0 ce ed 01 00 00
stack at sp + 3 slots: 0x0 is null
stack at sp + 4 slots: 0x0 is null
stack at sp + 5 slots: 0x0000000000000020 is an unknown value
stack at sp + 6 slots: 0x00004466f9336e97 is an unknown value
stack at sp + 7 slots: 0x0 is null


---------------  P R O C E S S  ---------------

Threads class SMR info:
_java_thread_list=0x000001ed8865c340, length=15, elements={
0x000001ede6424d00, 0x000001ed883c6070, 0x000001ed883c78d0, 0x000001ed883cb270,
0x000001ed883cddd0, 0x000001ed883d0330, 0x000001ed883d5370, 0x000001ed883d6a40,
0x000001ed883e05f0, 0x000001ed88617150, 0x000001ed88619a30, 0x000001ed88652970,
0x000001ed886543b0, 0x000001ed88655760, 0x000001ed886185c0
}

Java Threads: ( => current thread )
=>0x000001ede6424d00 JavaThread "main"                              [_thread_in_native, id=12192, stack(0x0000006b79e00000,0x0000006b79f00000) (1024K)]
  0x000001ed883c6070 JavaThread "Reference Handler"          daemon [_thread_blocked, id=5048, stack(0x0000006b7a600000,0x0000006b7a700000) (1024K)]
  0x000001ed883c78d0 JavaThread "Finalizer"                  daemon [_thread_blocked, id=7148, stack(0x0000006b7a700000,0x0000006b7a800000) (1024K)]
  0x000001ed883cb270 JavaThread "Signal Dispatcher"          daemon [_thread_blocked, id=5808, stack(0x0000006b7a800000,0x0000006b7a900000) (1024K)]
  0x000001ed883cddd0 JavaThread "Attach Listener"            daemon [_thread_blocked, id=12252, stack(0x0000006b7a900000,0x0000006b7aa00000) (1024K)]
  0x000001ed883d0330 JavaThread "Service Thread"             daemon [_thread_blocked, id=6068, stack(0x0000006b7aa00000,0x0000006b7ab00000) (1024K)]
  0x000001ed883d5370 JavaThread "Monitor Deflation Thread"   daemon [_thread_blocked, id=12096, stack(0x0000006b7ab00000,0x0000006b7ac00000) (1024K)]
  0x000001ed883d6a40 JavaThread "C2 CompilerThread0"         daemon [_thread_blocked, id=5352, stack(0x0000006b7ac00000,0x0000006b7ad00000) (1024K)]
  0x000001ed883e05f0 JavaThread "C1 CompilerThread0"         daemon [_thread_blocked, id=1504, stack(0x0000006b7ad00000,0x0000006b7ae00000) (1024K)]
  0x000001ed88617150 JavaThread "C1 CompilerThread1"         daemon [_thread_blocked, id=6412, stack(0x0000006b7ae00000,0x0000006b7af00000) (1024K)]
  0x000001ed88619a30 JavaThread "C1 CompilerThread2"         daemon [_thread_blocked, id=6404, stack(0x0000006b7af00000,0x0000006b7b000000) (1024K)]
  0x000001ed88652970 JavaThread "Notification Thread"        daemon [_thread_blocked, id=11444, stack(0x0000006b7b000000,0x0000006b7b100000) (1024K)]
  0x000001ed886543b0 JavaThread "Common-Cleaner"             daemon [_thread_blocked, id=6388, stack(0x0000006b7b100000,0x0000006b7b200000) (1024K)]
  0x000001ed88655760 JavaThread "ReaderThread"                      [_thread_in_native, id=6384, stack(0x0000006b7b200000,0x0000006b7b300000) (1024K)]
  0x000001ed886185c0 JavaThread "C2 CompilerThread1"         daemon [_thread_blocked, id=2744, stack(0x0000006b7b300000,0x0000006b7b400000) (1024K)]
Total: 15

Other Threads:
  0x000001ed883ab2f0 VMThread "VM Thread"                           [id=3136, stack(0x0000006b7a500000,0x0000006b7a600000) (1024K)]
  0x000001ed88397270 WatcherThread "VM Periodic Task Thread"        [id=7452, stack(0x0000006b7a400000,0x0000006b7a500000) (1024K)]
  0x000001ede67747d0 WorkerThread "GC Thread#0"                     [id=7532, stack(0x0000006b79f00000,0x0000006b7a000000) (1024K)]
  0x000001ede6785fa0 ConcurrentGCThread "G1 Main Marker"            [id=3636, stack(0x0000006b7a000000,0x0000006b7a100000) (1024K)]
  0x000001ede67869b0 WorkerThread "G1 Conc#0"                       [id=11612, stack(0x0000006b7a100000,0x0000006b7a200000) (1024K)]
  0x000001ed882575e0 ConcurrentGCThread "G1 Refine#0"               [id=7536, stack(0x0000006b7a200000,0x0000006b7a300000) (1024K)]
  0x000001ed88257f60 ConcurrentGCThread "G1 Service"                [id=4008, stack(0x0000006b7a300000,0x0000006b7a400000) (1024K)]
Total: 7

Threads with active compile tasks:
Total: 0

VM state: not at safepoint (normal execution)

VM Mutex/Monitor currently owned by a thread: None

Heap address: 0x0000000700e00000, size: 4082 MB, Compressed Oops mode: Zero based, Oop shift amount: 3

CDS archive(s) mapped at: [0x000001ed89000000-0x000001ed89c90000-0x000001ed89c90000), size 13172736, SharedBaseAddress: 0x000001ed89000000, ArchiveRelocationMode: 1.
Compressed class space mapped at: 0x000001ed8a000000-0x000001edca000000, reserved size: 1073741824
Narrow klass base: 0x000001ed89000000, Narrow klass shift: 0, Narrow klass range: 0x100000000

GC Precious Log:
 CardTable entry size: 512
 Card Set container configuration: InlinePtr #cards 4 size 8 Array Of Cards #cards 16 size 48 Howl #buckets 8 coarsen threshold 3686 Howl Bitmap #cards 512 size 80 coarsen threshold 460 Card regions per heap region 1 cards per card region 4096
 CPUs: 16 total, 16 available
 Memory: 16323M
 Large Page Support: Disabled
 NUMA Support: Disabled
 Compressed Oops: Enabled (Zero based)
 Heap Region Size: 2M
 Heap Min Capacity: 8M
 Heap Initial Capacity: 256M
 Heap Max Capacity: 4082M
 Pre-touch: Disabled
 Parallel Workers: 13
 Concurrent Workers: 3
 Concurrent Refinement Workers: 13
 Periodic GC: Disabled

Heap:
 garbage-first heap   total 262144K, used 16384K [0x0000000700e00000, 0x0000000800000000)
  region size 2048K, 9 young (18432K), 0 survivors (0K)
 Metaspace       used 5335K, committed 5568K, reserved 1114112K
  class space    used 661K, committed 768K, reserved 1048576K

Heap Regions: E=young(eden), S=young(survivor), O=old, HS=humongous(starts), HC=humongous(continues), CS=collection set, F=free, TAMS=top-at-mark-start, PB=parsable bottom
|   0|0x0000000700e00000, 0x0000000700e00000, 0x0000000701000000|  0%| F|  |TAMS 0x0000000700e00000| PB 0x0000000700e00000| Untracked 
|   1|0x0000000701000000, 0x0000000701000000, 0x0000000701200000|  0%| F|  |TAMS 0x0000000701000000| PB 0x0000000701000000| Untracked 
|   2|0x0000000701200000, 0x0000000701200000, 0x0000000701400000|  0%| F|  |TAMS 0x0000000701200000| PB 0x0000000701200000| Untracked 
|   3|0x0000000701400000, 0x0000000701400000, 0x0000000701600000|  0%| F|  |TAMS 0x0000000701400000| PB 0x0000000701400000| Untracked 
|   4|0x0000000701600000, 0x0000000701600000, 0x0000000701800000|  0%| F|  |TAMS 0x0000000701600000| PB 0x0000000701600000| Untracked 
|   5|0x0000000701800000, 0x0000000701800000, 0x0000000701a00000|  0%| F|  |TAMS 0x0000000701800000| PB 0x0000000701800000| Untracked 
|   6|0x0000000701a00000, 0x0000000701a00000, 0x0000000701c00000|  0%| F|  |TAMS 0x0000000701a00000| PB 0x0000000701a00000| Untracked 
|   7|0x0000000701c00000, 0x0000000701c00000, 0x0000000701e00000|  0%| F|  |TAMS 0x0000000701c00000| PB 0x0000000701c00000| Untracked 
|   8|0x0000000701e00000, 0x0000000701e00000, 0x0000000702000000|  0%| F|  |TAMS 0x0000000701e00000| PB 0x0000000701e00000| Untracked 
|   9|0x0000000702000000, 0x0000000702000000, 0x0000000702200000|  0%| F|  |TAMS 0x0000000702000000| PB 0x0000000702000000| Untracked 
|  10|0x0000000702200000, 0x0000000702200000, 0x0000000702400000|  0%| F|  |TAMS 0x0000000702200000| PB 0x0000000702200000| Untracked 
|  11|0x0000000702400000, 0x0000000702400000, 0x0000000702600000|  0%| F|  |TAMS 0x0000000702400000| PB 0x0000000702400000| Untracked 
|  12|0x0000000702600000, 0x0000000702600000, 0x0000000702800000|  0%| F|  |TAMS 0x0000000702600000| PB 0x0000000702600000| Untracked 
|  13|0x0000000702800000, 0x0000000702800000, 0x0000000702a00000|  0%| F|  |TAMS 0x0000000702800000| PB 0x0000000702800000| Untracked 
|  14|0x0000000702a00000, 0x0000000702a00000, 0x0000000702c00000|  0%| F|  |TAMS 0x0000000702a00000| PB 0x0000000702a00000| Untracked 
|  15|0x0000000702c00000, 0x0000000702c00000, 0x0000000702e00000|  0%| F|  |TAMS 0x0000000702c00000| PB 0x0000000702c00000| Untracked 
|  16|0x0000000702e00000, 0x0000000702e00000, 0x0000000703000000|  0%| F|  |TAMS 0x0000000702e00000| PB 0x0000000702e00000| Untracked 
|  17|0x0000000703000000, 0x0000000703000000, 0x0000000703200000|  0%| F|  |TAMS 0x0000000703000000| PB 0x0000000703000000| Untracked 
|  18|0x0000000703200000, 0x0000000703200000, 0x0000000703400000|  0%| F|  |TAMS 0x0000000703200000| PB 0x0000000703200000| Untracked 
|  19|0x0000000703400000, 0x0000000703400000, 0x0000000703600000|  0%| F|  |TAMS 0x0000000703400000| PB 0x0000000703400000| Untracked 
|  20|0x0000000703600000, 0x0000000703600000, 0x0000000703800000|  0%| F|  |TAMS 0x0000000703600000| PB 0x0000000703600000| Untracked 
|  21|0x0000000703800000, 0x0000000703800000, 0x0000000703a00000|  0%| F|  |TAMS 0x0000000703800000| PB 0x0000000703800000| Untracked 
|  22|0x0000000703a00000, 0x0000000703a00000, 0x0000000703c00000|  0%| F|  |TAMS 0x0000000703a00000| PB 0x0000000703a00000| Untracked 
|  23|0x0000000703c00000, 0x0000000703c00000, 0x0000000703e00000|  0%| F|  |TAMS 0x0000000703c00000| PB 0x0000000703c00000| Untracked 
|  24|0x0000000703e00000, 0x0000000703e00000, 0x0000000704000000|  0%| F|  |TAMS 0x0000000703e00000| PB 0x0000000703e00000| Untracked 
|  25|0x0000000704000000, 0x0000000704000000, 0x0000000704200000|  0%| F|  |TAMS 0x0000000704000000| PB 0x0000000704000000| Untracked 
|  26|0x0000000704200000, 0x0000000704200000, 0x0000000704400000|  0%| F|  |TAMS 0x0000000704200000| PB 0x0000000704200000| Untracked 
|  27|0x0000000704400000, 0x0000000704400000, 0x0000000704600000|  0%| F|  |TAMS 0x0000000704400000| PB 0x0000000704400000| Untracked 
|  28|0x0000000704600000, 0x0000000704600000, 0x0000000704800000|  0%| F|  |TAMS 0x0000000704600000| PB 0x0000000704600000| Untracked 
|  29|0x0000000704800000, 0x0000000704800000, 0x0000000704a00000|  0%| F|  |TAMS 0x0000000704800000| PB 0x0000000704800000| Untracked 
|  30|0x0000000704a00000, 0x0000000704a00000, 0x0000000704c00000|  0%| F|  |TAMS 0x0000000704a00000| PB 0x0000000704a00000| Untracked 
|  31|0x0000000704c00000, 0x0000000704c00000, 0x0000000704e00000|  0%| F|  |TAMS 0x0000000704c00000| PB 0x0000000704c00000| Untracked 
|  32|0x0000000704e00000, 0x0000000704e00000, 0x0000000705000000|  0%| F|  |TAMS 0x0000000704e00000| PB 0x0000000704e00000| Untracked 
|  33|0x0000000705000000, 0x0000000705000000, 0x0000000705200000|  0%| F|  |TAMS 0x0000000705000000| PB 0x0000000705000000| Untracked 
|  34|0x0000000705200000, 0x0000000705200000, 0x0000000705400000|  0%| F|  |TAMS 0x0000000705200000| PB 0x0000000705200000| Untracked 
|  35|0x0000000705400000, 0x0000000705400000, 0x0000000705600000|  0%| F|  |TAMS 0x0000000705400000| PB 0x0000000705400000| Untracked 
|  36|0x0000000705600000, 0x0000000705600000, 0x0000000705800000|  0%| F|  |TAMS 0x0000000705600000| PB 0x0000000705600000| Untracked 
|  37|0x0000000705800000, 0x0000000705800000, 0x0000000705a00000|  0%| F|  |TAMS 0x0000000705800000| PB 0x0000000705800000| Untracked 
|  38|0x0000000705a00000, 0x0000000705a00000, 0x0000000705c00000|  0%| F|  |TAMS 0x0000000705a00000| PB 0x0000000705a00000| Untracked 
|  39|0x0000000705c00000, 0x0000000705c00000, 0x0000000705e00000|  0%| F|  |TAMS 0x0000000705c00000| PB 0x0000000705c00000| Untracked 
|  40|0x0000000705e00000, 0x0000000705e00000, 0x0000000706000000|  0%| F|  |TAMS 0x0000000705e00000| PB 0x0000000705e00000| Untracked 
|  41|0x0000000706000000, 0x0000000706000000, 0x0000000706200000|  0%| F|  |TAMS 0x0000000706000000| PB 0x0000000706000000| Untracked 
|  42|0x0000000706200000, 0x0000000706200000, 0x0000000706400000|  0%| F|  |TAMS 0x0000000706200000| PB 0x0000000706200000| Untracked 
|  43|0x0000000706400000, 0x0000000706400000, 0x0000000706600000|  0%| F|  |TAMS 0x0000000706400000| PB 0x0000000706400000| Untracked 
|  44|0x0000000706600000, 0x0000000706600000, 0x0000000706800000|  0%| F|  |TAMS 0x0000000706600000| PB 0x0000000706600000| Untracked 
|  45|0x0000000706800000, 0x0000000706800000, 0x0000000706a00000|  0%| F|  |TAMS 0x0000000706800000| PB 0x0000000706800000| Untracked 
|  46|0x0000000706a00000, 0x0000000706a00000, 0x0000000706c00000|  0%| F|  |TAMS 0x0000000706a00000| PB 0x0000000706a00000| Untracked 
|  47|0x0000000706c00000, 0x0000000706c00000, 0x0000000706e00000|  0%| F|  |TAMS 0x0000000706c00000| PB 0x0000000706c00000| Untracked 
|  48|0x0000000706e00000, 0x0000000706e00000, 0x0000000707000000|  0%| F|  |TAMS 0x0000000706e00000| PB 0x0000000706e00000| Untracked 
|  49|0x0000000707000000, 0x0000000707000000, 0x0000000707200000|  0%| F|  |TAMS 0x0000000707000000| PB 0x0000000707000000| Untracked 
|  50|0x0000000707200000, 0x0000000707200000, 0x0000000707400000|  0%| F|  |TAMS 0x0000000707200000| PB 0x0000000707200000| Untracked 
|  51|0x0000000707400000, 0x0000000707400000, 0x0000000707600000|  0%| F|  |TAMS 0x0000000707400000| PB 0x0000000707400000| Untracked 
|  52|0x0000000707600000, 0x0000000707600000, 0x0000000707800000|  0%| F|  |TAMS 0x0000000707600000| PB 0x0000000707600000| Untracked 
|  53|0x0000000707800000, 0x0000000707800000, 0x0000000707a00000|  0%| F|  |TAMS 0x0000000707800000| PB 0x0000000707800000| Untracked 
|  54|0x0000000707a00000, 0x0000000707a00000, 0x0000000707c00000|  0%| F|  |TAMS 0x0000000707a00000| PB 0x0000000707a00000| Untracked 
|  55|0x0000000707c00000, 0x0000000707c00000, 0x0000000707e00000|  0%| F|  |TAMS 0x0000000707c00000| PB 0x0000000707c00000| Untracked 
|  56|0x0000000707e00000, 0x0000000707e00000, 0x0000000708000000|  0%| F|  |TAMS 0x0000000707e00000| PB 0x0000000707e00000| Untracked 
|  57|0x0000000708000000, 0x0000000708000000, 0x0000000708200000|  0%| F|  |TAMS 0x0000000708000000| PB 0x0000000708000000| Untracked 
|  58|0x0000000708200000, 0x0000000708200000, 0x0000000708400000|  0%| F|  |TAMS 0x0000000708200000| PB 0x0000000708200000| Untracked 
|  59|0x0000000708400000, 0x0000000708400000, 0x0000000708600000|  0%| F|  |TAMS 0x0000000708400000| PB 0x0000000708400000| Untracked 
|  60|0x0000000708600000, 0x0000000708600000, 0x0000000708800000|  0%| F|  |TAMS 0x0000000708600000| PB 0x0000000708600000| Untracked 
|  61|0x0000000708800000, 0x0000000708800000, 0x0000000708a00000|  0%| F|  |TAMS 0x0000000708800000| PB 0x0000000708800000| Untracked 
|  62|0x0000000708a00000, 0x0000000708a00000, 0x0000000708c00000|  0%| F|  |TAMS 0x0000000708a00000| PB 0x0000000708a00000| Untracked 
|  63|0x0000000708c00000, 0x0000000708c00000, 0x0000000708e00000|  0%| F|  |TAMS 0x0000000708c00000| PB 0x0000000708c00000| Untracked 
|  64|0x0000000708e00000, 0x0000000708e00000, 0x0000000709000000|  0%| F|  |TAMS 0x0000000708e00000| PB 0x0000000708e00000| Untracked 
|  65|0x0000000709000000, 0x0000000709000000, 0x0000000709200000|  0%| F|  |TAMS 0x0000000709000000| PB 0x0000000709000000| Untracked 
|  66|0x0000000709200000, 0x0000000709200000, 0x0000000709400000|  0%| F|  |TAMS 0x0000000709200000| PB 0x0000000709200000| Untracked 
|  67|0x0000000709400000, 0x0000000709400000, 0x0000000709600000|  0%| F|  |TAMS 0x0000000709400000| PB 0x0000000709400000| Untracked 
|  68|0x0000000709600000, 0x0000000709600000, 0x0000000709800000|  0%| F|  |TAMS 0x0000000709600000| PB 0x0000000709600000| Untracked 
|  69|0x0000000709800000, 0x0000000709800000, 0x0000000709a00000|  0%| F|  |TAMS 0x0000000709800000| PB 0x0000000709800000| Untracked 
|  70|0x0000000709a00000, 0x0000000709a00000, 0x0000000709c00000|  0%| F|  |TAMS 0x0000000709a00000| PB 0x0000000709a00000| Untracked 
|  71|0x0000000709c00000, 0x0000000709c00000, 0x0000000709e00000|  0%| F|  |TAMS 0x0000000709c00000| PB 0x0000000709c00000| Untracked 
|  72|0x0000000709e00000, 0x0000000709e00000, 0x000000070a000000|  0%| F|  |TAMS 0x0000000709e00000| PB 0x0000000709e00000| Untracked 
|  73|0x000000070a000000, 0x000000070a000000, 0x000000070a200000|  0%| F|  |TAMS 0x000000070a000000| PB 0x000000070a000000| Untracked 
|  74|0x000000070a200000, 0x000000070a200000, 0x000000070a400000|  0%| F|  |TAMS 0x000000070a200000| PB 0x000000070a200000| Untracked 
|  75|0x000000070a400000, 0x000000070a400000, 0x000000070a600000|  0%| F|  |TAMS 0x000000070a400000| PB 0x000000070a400000| Untracked 
|  76|0x000000070a600000, 0x000000070a600000, 0x000000070a800000|  0%| F|  |TAMS 0x000000070a600000| PB 0x000000070a600000| Untracked 
|  77|0x000000070a800000, 0x000000070a800000, 0x000000070aa00000|  0%| F|  |TAMS 0x000000070a800000| PB 0x000000070a800000| Untracked 
|  78|0x000000070aa00000, 0x000000070aa00000, 0x000000070ac00000|  0%| F|  |TAMS 0x000000070aa00000| PB 0x000000070aa00000| Untracked 
|  79|0x000000070ac00000, 0x000000070ac00000, 0x000000070ae00000|  0%| F|  |TAMS 0x000000070ac00000| PB 0x000000070ac00000| Untracked 
|  80|0x000000070ae00000, 0x000000070ae00000, 0x000000070b000000|  0%| F|  |TAMS 0x000000070ae00000| PB 0x000000070ae00000| Untracked 
|  81|0x000000070b000000, 0x000000070b000000, 0x000000070b200000|  0%| F|  |TAMS 0x000000070b000000| PB 0x000000070b000000| Untracked 
|  82|0x000000070b200000, 0x000000070b200000, 0x000000070b400000|  0%| F|  |TAMS 0x000000070b200000| PB 0x000000070b200000| Untracked 
|  83|0x000000070b400000, 0x000000070b400000, 0x000000070b600000|  0%| F|  |TAMS 0x000000070b400000| PB 0x000000070b400000| Untracked 
|  84|0x000000070b600000, 0x000000070b600000, 0x000000070b800000|  0%| F|  |TAMS 0x000000070b600000| PB 0x000000070b600000| Untracked 
|  85|0x000000070b800000, 0x000000070b800000, 0x000000070ba00000|  0%| F|  |TAMS 0x000000070b800000| PB 0x000000070b800000| Untracked 
|  86|0x000000070ba00000, 0x000000070ba00000, 0x000000070bc00000|  0%| F|  |TAMS 0x000000070ba00000| PB 0x000000070ba00000| Untracked 
|  87|0x000000070bc00000, 0x000000070bc00000, 0x000000070be00000|  0%| F|  |TAMS 0x000000070bc00000| PB 0x000000070bc00000| Untracked 
|  88|0x000000070be00000, 0x000000070be00000, 0x000000070c000000|  0%| F|  |TAMS 0x000000070be00000| PB 0x000000070be00000| Untracked 
|  89|0x000000070c000000, 0x000000070c000000, 0x000000070c200000|  0%| F|  |TAMS 0x000000070c000000| PB 0x000000070c000000| Untracked 
|  90|0x000000070c200000, 0x000000070c200000, 0x000000070c400000|  0%| F|  |TAMS 0x000000070c200000| PB 0x000000070c200000| Untracked 
|  91|0x000000070c400000, 0x000000070c400000, 0x000000070c600000|  0%| F|  |TAMS 0x000000070c400000| PB 0x000000070c400000| Untracked 
|  92|0x000000070c600000, 0x000000070c600000, 0x000000070c800000|  0%| F|  |TAMS 0x000000070c600000| PB 0x000000070c600000| Untracked 
|  93|0x000000070c800000, 0x000000070c800000, 0x000000070ca00000|  0%| F|  |TAMS 0x000000070c800000| PB 0x000000070c800000| Untracked 
|  94|0x000000070ca00000, 0x000000070ca00000, 0x000000070cc00000|  0%| F|  |TAMS 0x000000070ca00000| PB 0x000000070ca00000| Untracked 
|  95|0x000000070cc00000, 0x000000070cc00000, 0x000000070ce00000|  0%| F|  |TAMS 0x000000070cc00000| PB 0x000000070cc00000| Untracked 
|  96|0x000000070ce00000, 0x000000070ce00000, 0x000000070d000000|  0%| F|  |TAMS 0x000000070ce00000| PB 0x000000070ce00000| Untracked 
|  97|0x000000070d000000, 0x000000070d000000, 0x000000070d200000|  0%| F|  |TAMS 0x000000070d000000| PB 0x000000070d000000| Untracked 
|  98|0x000000070d200000, 0x000000070d200000, 0x000000070d400000|  0%| F|  |TAMS 0x000000070d200000| PB 0x000000070d200000| Untracked 
|  99|0x000000070d400000, 0x000000070d400000, 0x000000070d600000|  0%| F|  |TAMS 0x000000070d400000| PB 0x000000070d400000| Untracked 
| 100|0x000000070d600000, 0x000000070d600000, 0x000000070d800000|  0%| F|  |TAMS 0x000000070d600000| PB 0x000000070d600000| Untracked 
| 101|0x000000070d800000, 0x000000070d800000, 0x000000070da00000|  0%| F|  |TAMS 0x000000070d800000| PB 0x000000070d800000| Untracked 
| 102|0x000000070da00000, 0x000000070da00000, 0x000000070dc00000|  0%| F|  |TAMS 0x000000070da00000| PB 0x000000070da00000| Untracked 
| 103|0x000000070dc00000, 0x000000070dc00000, 0x000000070de00000|  0%| F|  |TAMS 0x000000070dc00000| PB 0x000000070dc00000| Untracked 
| 104|0x000000070de00000, 0x000000070de00000, 0x000000070e000000|  0%| F|  |TAMS 0x000000070de00000| PB 0x000000070de00000| Untracked 
| 105|0x000000070e000000, 0x000000070e000000, 0x000000070e200000|  0%| F|  |TAMS 0x000000070e000000| PB 0x000000070e000000| Untracked 
| 106|0x000000070e200000, 0x000000070e200000, 0x000000070e400000|  0%| F|  |TAMS 0x000000070e200000| PB 0x000000070e200000| Untracked 
| 107|0x000000070e400000, 0x000000070e400000, 0x000000070e600000|  0%| F|  |TAMS 0x000000070e400000| PB 0x000000070e400000| Untracked 
| 108|0x000000070e600000, 0x000000070e600000, 0x000000070e800000|  0%| F|  |TAMS 0x000000070e600000| PB 0x000000070e600000| Untracked 
| 109|0x000000070e800000, 0x000000070e800000, 0x000000070ea00000|  0%| F|  |TAMS 0x000000070e800000| PB 0x000000070e800000| Untracked 
| 110|0x000000070ea00000, 0x000000070ea00000, 0x000000070ec00000|  0%| F|  |TAMS 0x000000070ea00000| PB 0x000000070ea00000| Untracked 
| 111|0x000000070ec00000, 0x000000070ec00000, 0x000000070ee00000|  0%| F|  |TAMS 0x000000070ec00000| PB 0x000000070ec00000| Untracked 
| 112|0x000000070ee00000, 0x000000070ee00000, 0x000000070f000000|  0%| F|  |TAMS 0x000000070ee00000| PB 0x000000070ee00000| Untracked 
| 113|0x000000070f000000, 0x000000070f000000, 0x000000070f200000|  0%| F|  |TAMS 0x000000070f000000| PB 0x000000070f000000| Untracked 
| 114|0x000000070f200000, 0x000000070f200000, 0x000000070f400000|  0%| F|  |TAMS 0x000000070f200000| PB 0x000000070f200000| Untracked 
| 115|0x000000070f400000, 0x000000070f400000, 0x000000070f600000|  0%| F|  |TAMS 0x000000070f400000| PB 0x000000070f400000| Untracked 
| 116|0x000000070f600000, 0x000000070f600000, 0x000000070f800000|  0%| F|  |TAMS 0x000000070f600000| PB 0x000000070f600000| Untracked 
| 117|0x000000070f800000, 0x000000070f800000, 0x000000070fa00000|  0%| F|  |TAMS 0x000000070f800000| PB 0x000000070f800000| Untracked 
| 118|0x000000070fa00000, 0x000000070fa00000, 0x000000070fc00000|  0%| F|  |TAMS 0x000000070fa00000| PB 0x000000070fa00000| Untracked 
| 119|0x000000070fc00000, 0x000000070fde3a00, 0x000000070fe00000| 94%| E|  |TAMS 0x000000070fc00000| PB 0x000000070fc00000| Complete 
| 120|0x000000070fe00000, 0x0000000710000000, 0x0000000710000000|100%| E|CS|TAMS 0x000000070fe00000| PB 0x000000070fe00000| Complete 
| 121|0x0000000710000000, 0x0000000710200000, 0x0000000710200000|100%| E|CS|TAMS 0x0000000710000000| PB 0x0000000710000000| Complete 
| 122|0x0000000710200000, 0x0000000710400000, 0x0000000710400000|100%| E|CS|TAMS 0x0000000710200000| PB 0x0000000710200000| Complete 
| 123|0x0000000710400000, 0x0000000710600000, 0x0000000710600000|100%| E|CS|TAMS 0x0000000710400000| PB 0x0000000710400000| Complete 
| 124|0x0000000710600000, 0x0000000710800000, 0x0000000710800000|100%| E|CS|TAMS 0x0000000710600000| PB 0x0000000710600000| Complete 
| 125|0x0000000710800000, 0x0000000710a00000, 0x0000000710a00000|100%| E|CS|TAMS 0x0000000710800000| PB 0x0000000710800000| Complete 
| 126|0x0000000710a00000, 0x0000000710c00000, 0x0000000710c00000|100%| E|CS|TAMS 0x0000000710a00000| PB 0x0000000710a00000| Complete 
| 127|0x0000000710c00000, 0x0000000710e00000, 0x0000000710e00000|100%| E|CS|TAMS 0x0000000710c00000| PB 0x0000000710c00000| Complete 

Card table byte_map: [0x000001ed80c50000,0x000001ed81450000] _byte_map_base: 0x000001ed7d449000

Marking Bits: (CMBitMap*) 0x000001ede6774de0
 Bits: [0x000001ed81450000, 0x000001ed85418000)

Polling page: 0x000001ede67e0000

Metaspace:

Usage:
  Non-class:      4.56 MB used.
      Class:    661.35 KB used.
       Both:      5.21 MB used.

Virtual space:
  Non-class space:       64.00 MB reserved,       4.69 MB (  7%) committed,  1 nodes.
      Class space:        1.00 GB reserved,     768.00 KB ( <1%) committed,  1 nodes.
             Both:        1.06 GB reserved,       5.44 MB ( <1%) committed. 

Chunk freelists:
   Non-Class:  10.10 MB
       Class:  15.29 MB
        Both:  25.40 MB

MaxMetaspaceSize: unlimited
CompressedClassSpaceSize: 1.00 GB
Initial GC threshold: 21.00 MB
Current GC threshold: 21.00 MB
CDS: on
 - commit_granule_bytes: 65536.
 - commit_granule_words: 8192.
 - virtual_space_node_default_size: 8388608.
 - enlarge_chunks_in_place: 1.
 - use_allocation_guard: 0.


Internal statistics:

num_allocs_failed_limit: 0.
num_arena_births: 154.
num_arena_deaths: 0.
num_vsnodes_births: 2.
num_vsnodes_deaths: 0.
num_space_committed: 87.
num_space_uncommitted: 0.
num_chunks_returned_to_freelist: 0.
num_chunks_taken_from_freelist: 326.
num_chunk_merges: 0.
num_chunk_splits: 175.
num_chunks_enlarged: 100.
num_inconsistent_stats: 0.

CodeHeap 'non-profiled nmethods': size=119168Kb used=365Kb max_used=365Kb free=118802Kb
 bounds [0x000001edf7f30000, 0x000001edf81a0000, 0x000001edff390000]
CodeHeap 'profiled nmethods': size=119104Kb used=2511Kb max_used=2511Kb free=116592Kb
 bounds [0x000001edf0390000, 0x000001edf0610000, 0x000001edf77e0000]
CodeHeap 'non-nmethods': size=7488Kb used=2474Kb max_used=2486Kb free=5013Kb
 bounds [0x000001edf77e0000, 0x000001edf7a50000, 0x000001edf7f30000]
 total_blobs=1795 nmethods=1340 adapters=357
 compilation: enabled
              stopped_count=0, restarted_count=0
 full_count=0

Compilation events (20 events):
Event: 0.694 Thread 0x000001ed886185c0 1331       4       jdk.internal.misc.Unsafe::getShortUnaligned (12 bytes)
Event: 0.694 Thread 0x000001ed883d6a40 1332       4       java.nio.Buffer::hasRemaining (17 bytes)
Event: 0.695 Thread 0x000001ed883d6a40 nmethod 1332 0x000001edf7f89790 code [0x000001edf7f89920, 0x000001edf7f899c0]
Event: 0.695 Thread 0x000001ed883d6a40 1333       4       java.lang.Math::min (46 bytes)
Event: 0.695 Thread 0x000001ed886185c0 nmethod 1331 0x000001edf7f89a90 code [0x000001edf7f89c20, 0x000001edf7f89cd8]
Event: 0.695 Thread 0x000001ed886185c0 1334       4       java.nio.ByteBufferAsShortBufferL::get (30 bytes)
Event: 0.696 Thread 0x000001ed883d6a40 nmethod 1333 0x000001edf7f89d90 code [0x000001edf7f89f40, 0x000001edf7f8a078]
Event: 0.696 Thread 0x000001ed883d6a40 1335       4       java.lang.Float::min (6 bytes)
Event: 0.697 Thread 0x000001ed886185c0 nmethod 1334 0x000001edf7f8a110 code [0x000001edf7f8a2a0, 0x000001edf7f8a3c8]
Event: 0.697 Thread 0x000001ed886185c0 1336       4       java.lang.Float::max (6 bytes)
Event: 0.697 Thread 0x000001ed883d6a40 nmethod 1335 0x000001edf7f8a590 code [0x000001edf7f8a700, 0x000001edf7f8a780]
Event: 0.697 Thread 0x000001ed883d6a40 1337       4       java.lang.Math::max (46 bytes)
Event: 0.697 Thread 0x000001ed883d6a40 nmethod 1337 0x000001edf7f8a890 code [0x000001edf7f8aa40, 0x000001edf7f8ab70]
Event: 0.697 Thread 0x000001ed886185c0 nmethod 1336 0x000001edf7f8ac10 code [0x000001edf7f8ad80, 0x000001edf7f8ae00]
Event: 0.701 Thread 0x000001ed883e05f0 1338 %     3       io.github.givimad.whisperjni.WhisperJNITest::readJFKFileSamples @ 75 (114 bytes)
Event: 0.702 Thread 0x000001ed883e05f0 nmethod 1338% 0x000001edf0601510 code [0x000001edf0601840, 0x000001edf06024b8]
Event: 0.702 Thread 0x000001ed88619a30 1339       3       io.github.givimad.whisperjni.WhisperJNITest::readJFKFileSamples (114 bytes)
Event: 0.703 Thread 0x000001ed88619a30 nmethod 1339 0x000001edf0602a10 code [0x000001edf0602d20, 0x000001edf06038e8]
Event: 0.703 Thread 0x000001ed883d6a40 1340 %     4       io.github.givimad.whisperjni.WhisperJNITest::readJFKFileSamples @ 75 (114 bytes)
Event: 0.707 Thread 0x000001ed883d6a40 nmethod 1340% 0x000001edf7f8af10 code [0x000001edf7f8b0e0, 0x000001edf7f8b3b8]

GC Heap History (0 events):
No events

Dll operation events (8 events):
Event: 0.009 Loaded shared library C:\Program Files\Java\jdk-21\bin\java.dll
Event: 0.049 Loaded shared library C:\Program Files\Java\jdk-21\bin\jsvml.dll
Event: 0.091 Loaded shared library C:\Program Files\Java\jdk-21\bin\net.dll
Event: 0.093 Loaded shared library C:\Program Files\Java\jdk-21\bin\nio.dll
Event: 0.098 Loaded shared library C:\Program Files\Java\jdk-21\bin\zip.dll
Event: 0.169 Loaded shared library C:\Program Files\Java\jdk-21\bin\jimage.dll
Event: 0.198 Loaded shared library C:\Program Files\Java\jdk-21\bin\extnet.dll
Event: 0.666 Loaded shared library C:\Users\Sullbeans\AppData\Local\Temp\whisper-jni-148083446500\whisper-jni.dll

Deoptimization events (20 events):
Event: 0.581 Thread 0x000001ede6424d00 Uncommon trap: trap_request=0xffffff45 fr.pc=0x000001edf7f75ff4 relative=0x0000000000000054
Event: 0.581 Thread 0x000001ede6424d00 Uncommon trap: reason=unstable_if action=reinterpret pc=0x000001edf7f75ff4 method=java.lang.CharacterData.of(I)Ljava/lang/CharacterData; @ 4 c2
Event: 0.581 Thread 0x000001ede6424d00 DEOPT PACKING pc=0x000001edf7f75ff4 sp=0x0000006b79efc0e0
Event: 0.581 Thread 0x000001ede6424d00 DEOPT UNPACKING pc=0x000001edf78346a2 sp=0x0000006b79efc080 mode 2
Event: 0.583 Thread 0x000001ede6424d00 Uncommon trap: trap_request=0xffffff45 fr.pc=0x000001edf7f39ad8 relative=0x00000000000000b8
Event: 0.583 Thread 0x000001ede6424d00 Uncommon trap: reason=unstable_if action=reinterpret pc=0x000001edf7f39ad8 method=java.lang.String.hashCode()I @ 20 c2
Event: 0.583 Thread 0x000001ede6424d00 DEOPT PACKING pc=0x000001edf7f39ad8 sp=0x0000006b79efc950
Event: 0.583 Thread 0x000001ede6424d00 DEOPT UNPACKING pc=0x000001edf78346a2 sp=0x0000006b79efc8e0 mode 2
Event: 0.583 Thread 0x000001ede6424d00 Uncommon trap: trap_request=0xffffff45 fr.pc=0x000001edf7f5be30 relative=0x0000000000000190
Event: 0.583 Thread 0x000001ede6424d00 Uncommon trap: reason=unstable_if action=reinterpret pc=0x000001edf7f5be30 method=jdk.internal.util.ArraysSupport.vectorizedHashCode(Ljava/lang/Object;IIII)I @ 2 c2
Event: 0.583 Thread 0x000001ede6424d00 DEOPT PACKING pc=0x000001edf7f5be30 sp=0x0000006b79efc850
Event: 0.583 Thread 0x000001ede6424d00 DEOPT UNPACKING pc=0x000001edf78346a2 sp=0x0000006b79efc800 mode 2
Event: 0.603 Thread 0x000001ede6424d00 Uncommon trap: trap_request=0xffffff45 fr.pc=0x000001edf7f76c4c relative=0x000000000000008c
Event: 0.603 Thread 0x000001ede6424d00 Uncommon trap: reason=unstable_if action=reinterpret pc=0x000001edf7f76c4c method=sun.net.www.ParseUtil.firstEncodeIndex(Ljava/lang/String;)I @ 51 c2
Event: 0.603 Thread 0x000001ede6424d00 DEOPT PACKING pc=0x000001edf7f76c4c sp=0x0000006b79efce20
Event: 0.603 Thread 0x000001ede6424d00 DEOPT UNPACKING pc=0x000001edf78346a2 sp=0x0000006b79efcda8 mode 2
Event: 0.603 Thread 0x000001ede6424d00 Uncommon trap: trap_request=0xffffff6e fr.pc=0x000001edf7f59010 relative=0x0000000000000450
Event: 0.603 Thread 0x000001ede6424d00 Uncommon trap: reason=loop_limit_check action=maybe_recompile pc=0x000001edf7f59010 method=java.lang.StringLatin1.indexOf([BI[BII)I @ 37 c2
Event: 0.603 Thread 0x000001ede6424d00 DEOPT PACKING pc=0x000001edf7f59010 sp=0x0000006b79efcdc0
Event: 0.603 Thread 0x000001ede6424d00 DEOPT UNPACKING pc=0x000001edf78346a2 sp=0x0000006b79efcd20 mode 2

Classes loaded (20 events):
Event: 0.686 Loading class com/sun/media/sound/RIFFReader
Event: 0.686 Loading class com/sun/media/sound/RIFFReader done
Event: 0.687 Loading class java/io/EOFException
Event: 0.687 Loading class java/io/EOFException done
Event: 0.689 Loading class com/sun/media/sound/WaveFileFormat
Event: 0.689 Loading class com/sun/media/sound/StandardFileFormat
Event: 0.690 Loading class javax/sound/sampled/AudioFileFormat
Event: 0.690 Loading class javax/sound/sampled/AudioFileFormat done
Event: 0.690 Loading class com/sun/media/sound/StandardFileFormat done
Event: 0.690 Loading class com/sun/media/sound/WaveFileFormat done
Event: 0.691 Loading class java/nio/ByteBufferAsShortBufferL
Event: 0.692 Loading class java/nio/ShortBuffer
Event: 0.692 Loading class java/nio/ShortBuffer done
Event: 0.692 Loading class java/nio/ByteBufferAsShortBufferL done
Event: 0.693 Loading class jdk/internal/foreign/MemorySessionImpl
Event: 0.693 Loading class java/lang/foreign/MemorySegment$Scope
Event: 0.693 Loading class java/lang/foreign/MemorySegment$Scope done
Event: 0.693 Loading class jdk/internal/foreign/MemorySessionImpl done
Event: 0.704 Loading class java/nio/file/AccessMode
Event: 0.705 Loading class java/nio/file/AccessMode done

Classes unloaded (0 events):
No events

Classes redefined (0 events):
No events

Internal exceptions (20 events):
Event: 0.449 Thread 0x000001ede6424d00 Exception <a 'java/lang/NoSuchMethodError'{0x0000000710392500}: 'void java.lang.invoke.DirectMethodHandle$Holder.invokeSpecial(java.lang.Object, java.lang.Object, java.lang.Object, java.lang.Object, java.lang.Object)'> (0x0000000710392500) 
thrown [s\open\src\hotspot\share\interpreter\linkResolver.cpp, line 773]
Event: 0.462 Thread 0x000001ede6424d00 Exception <a 'java/lang/NoSuchMethodError'{0x00000007103e7e80}: 'long java.lang.invoke.DirectMethodHandle$Holder.invokeSpecial(java.lang.Object, java.lang.Object)'> (0x00000007103e7e80) 
thrown [s\open\src\hotspot\share\interpreter\linkResolver.cpp, line 773]
Event: 0.462 Thread 0x000001ede6424d00 Exception <a 'java/lang/NoSuchMethodError'{0x00000007103eb3c0}: 'long java.lang.invoke.Invokers$Holder.invokeExact_MT(java.lang.Object, java.lang.Object)'> (0x00000007103eb3c0) 
thrown [s\open\src\hotspot\share\interpreter\linkResolver.cpp, line 773]
Event: 0.484 Thread 0x000001ede6424d00 Exception <a 'java/lang/NoSuchMethodError'{0x000000071006f708}: 'void java.lang.invoke.DirectMethodHandle$Holder.invokeInterface(java.lang.Object, java.lang.Object, java.lang.Object, java.lang.Object)'> (0x000000071006f708) 
thrown [s\open\src\hotspot\share\interpreter\linkResolver.cpp, line 773]
Event: 0.485 Thread 0x000001ede6424d00 Exception <a 'java/lang/IncompatibleClassChangeError'{0x0000000710072fb8}: Found class java.lang.Object, but interface was expected> (0x0000000710072fb8) 
thrown [s\open\src\hotspot\share\interpreter\linkResolver.cpp, line 840]
Event: 0.488 Thread 0x000001ede6424d00 Exception <a 'java/lang/NoSuchMethodError'{0x000000071008c8b8}: 'void java.lang.invoke.DirectMethodHandle$Holder.invokeStatic(java.lang.Object, java.lang.Object, java.lang.Object, java.lang.Object)'> (0x000000071008c8b8) 
thrown [s\open\src\hotspot\share\interpreter\linkResolver.cpp, line 773]
Event: 0.502 Thread 0x000001ede6424d00 Exception <a 'java/lang/NoSuchMethodError'{0x00000007100ee278}: 'int java.lang.invoke.DirectMethodHandle$Holder.invokeStatic(java.lang.Object, java.lang.Object, java.lang.Object, java.lang.Object)'> (0x00000007100ee278) 
thrown [s\open\src\hotspot\share\interpreter\linkResolver.cpp, line 773]
Event: 0.502 Thread 0x000001ede6424d00 Exception <a 'java/lang/NoSuchMethodError'{0x00000007100f1908}: 'java.lang.Object java.lang.invoke.Invokers$Holder.invokeExact_MT(java.lang.Object, java.lang.Object, java.lang.Object, java.lang.Object, java.lang.Object, java.lang.Object)'> (0x00000007100f1908) 
thrown [s\open\src\hotspot\share\interpreter\linkResolver.cpp, line 773]
Event: 0.504 Thread 0x000001ede6424d00 Exception <a 'java/lang/NoSuchMethodError'{0x00000007100fef78}: 'int java.lang.invoke.DirectMethodHandle$Holder.invokeStatic(java.lang.Object, java.lang.Object, java.lang.Object, java.lang.Object, java.lang.Object)'> (0x00000007100fef78) 
thrown [s\open\src\hotspot\share\interpreter\linkResolver.cpp, line 773]
Event: 0.513 Thread 0x000001ede6424d00 Exception <a 'java/lang/NoSuchMethodError'{0x000000071013fd40}: 'void java.lang.invoke.DirectMethodHandle$Holder.invokeStaticInit(java.lang.Object)'> (0x000000071013fd40) 
thrown [s\open\src\hotspot\share\interpreter\linkResolver.cpp, line 773]
Event: 0.532 Thread 0x000001ede6424d00 Exception <a 'java/lang/NoSuchMethodError'{0x00000007101d7a68}: 'void java.lang.invoke.DirectMethodHandle$Holder.invokeStaticInit(java.lang.Object, java.lang.Object, java.lang.Object, java.lang.Object)'> (0x00000007101d7a68) 
thrown [s\open\src\hotspot\share\interpreter\linkResolver.cpp, line 773]
Event: 0.542 Thread 0x000001ede6424d00 Exception <a 'java/lang/NoSuchMethodError'{0x000000070fe2fe40}: 'int java.lang.invoke.DirectMethodHandle$Holder.invokeStaticInit(java.lang.Object, java.lang.Object)'> (0x000000070fe2fe40) 
thrown [s\open\src\hotspot\share\interpreter\linkResolver.cpp, line 773]
Event: 0.548 Thread 0x000001ede6424d00 Exception <a 'java/lang/NoSuchMethodError'{0x000000070fe61a28}: 'int java.lang.invoke.DirectMethodHandle$Holder.invokeInterface(java.lang.Object, java.lang.Object)'> (0x000000070fe61a28) 
thrown [s\open\src\hotspot\share\interpreter\linkResolver.cpp, line 773]
Event: 0.575 Thread 0x000001ede6424d00 Exception <a 'java/lang/IncompatibleClassChangeError'{0x000000070ff5af40}: Found class java.lang.Object, but interface was expected> (0x000000070ff5af40) 
thrown [s\open\src\hotspot\share\interpreter\linkResolver.cpp, line 840]
Event: 0.598 Thread 0x000001ede6424d00 Exception <a 'java/lang/NoSuchMethodError'{0x000000070fc11b88}: 'java.lang.Object java.lang.invoke.Invokers$Holder.linkToTargetMethod(java.lang.Object, long, java.lang.Object)'> (0x000000070fc11b88) 
thrown [s\open\src\hotspot\share\interpreter\linkResolver.cpp, line 773]
Event: 0.604 Thread 0x000001ede6424d00 Exception <a 'sun/nio/fs/WindowsException'{0x000000070fc3bdd8}> (0x000000070fc3bdd8) 
thrown [s\open\src\hotspot\share\prims\jni.cpp, line 520]
Event: 0.669 Thread 0x000001ede6424d00 Exception <a 'java/lang/NoSuchMethodError'{0x000000070fc518d0}: 'java.lang.Object java.lang.invoke.DirectMethodHandle$Holder.newInvokeSpecial(java.lang.Object, java.lang.Object, java.lang.Object, java.lang.Object, java.lang.Object, java.lang.Object, java.lang.Object)'> (0x000000070fc518d0) 
thrown [s\open\src\hotspot\share\interpreter\linkResolver.cpp, line 773]
Event: 0.671 Thread 0x000001ede6424d00 Exception <a 'java/lang/NoSuchMethodError'{0x000000070fc60830}: 'java.lang.Object java.lang.invoke.DirectMethodHandle$Holder.invokeInterface(java.lang.Object, java.lang.Object, java.lang.Object, java.lang.Object, java.lang.Object)'> (0x000000070fc60830) 
thrown [s\open\src\hotspot\share\interpreter\linkResolver.cpp, line 773]
Event: 0.671 Thread 0x000001ede6424d00 Exception <a 'java/lang/IncompatibleClassChangeError'{0x000000070fc64368}: Found class java.lang.Object, but interface was expected> (0x000000070fc64368) 
thrown [s\open\src\hotspot\share\interpreter\linkResolver.cpp, line 840]
Event: 0.679 Thread 0x000001ede6424d00 Exception <a 'java/lang/NoSuchMethodError'{0x000000070fca9da0}: 'void java.lang.invoke.DirectMethodHandle$Holder.invokeVirtual(java.lang.Object, java.lang.Object)'> (0x000000070fca9da0) 
thrown [s\open\src\hotspot\share\interpreter\linkResolver.cpp, line 773]

ZGC Phase Switch (0 events):
No events

VM Operations (18 events):
Event: 0.101 Executing VM operation: HandshakeAllThreads (Deoptimize)
Event: 0.102 Executing VM operation: HandshakeAllThreads (Deoptimize) done
Event: 0.239 Executing VM operation: HandshakeAllThreads (Deoptimize)
Event: 0.239 Executing VM operation: HandshakeAllThreads (Deoptimize) done
Event: 0.461 Executing VM operation: HandshakeAllThreads (Deoptimize)
Event: 0.461 Executing VM operation: HandshakeAllThreads (Deoptimize) done
Event: 0.475 Executing VM operation: HandshakeAllThreads (Deoptimize)
Event: 0.475 Executing VM operation: HandshakeAllThreads (Deoptimize) done
Event: 0.516 Executing VM operation: HandshakeAllThreads (Deoptimize)
Event: 0.516 Executing VM operation: HandshakeAllThreads (Deoptimize) done
Event: 0.554 Executing VM operation: ICBufferFull
Event: 0.554 Executing VM operation: ICBufferFull done
Event: 0.578 Executing VM operation: HandshakeAllThreads (Deoptimize)
Event: 0.578 Executing VM operation: HandshakeAllThreads (Deoptimize) done
Event: 0.581 Executing VM operation: HandshakeAllThreads (Deoptimize)
Event: 0.581 Executing VM operation: HandshakeAllThreads (Deoptimize) done
Event: 1.582 Executing VM operation: Cleanup
Event: 1.582 Executing VM operation: Cleanup done

Events (15 events):
Event: 0.028 Thread 0x000001ede6424d00 Thread added: 0x000001ede6424d00
Event: 0.047 Thread 0x000001ed883c6070 Thread added: 0x000001ed883c6070
Event: 0.047 Thread 0x000001ed883c78d0 Thread added: 0x000001ed883c78d0
Event: 0.047 Thread 0x000001ed883cb270 Thread added: 0x000001ed883cb270
Event: 0.047 Thread 0x000001ed883cddd0 Thread added: 0x000001ed883cddd0
Event: 0.047 Thread 0x000001ed883d0330 Thread added: 0x000001ed883d0330
Event: 0.047 Thread 0x000001ed883d5370 Thread added: 0x000001ed883d5370
Event: 0.047 Thread 0x000001ed883d6a40 Thread added: 0x000001ed883d6a40
Event: 0.047 Thread 0x000001ed883e05f0 Thread added: 0x000001ed883e05f0
Event: 0.079 Thread 0x000001ed88617150 Thread added: 0x000001ed88617150
Event: 0.079 Thread 0x000001ed88619a30 Thread added: 0x000001ed88619a30
Event: 0.081 Thread 0x000001ed88652970 Thread added: 0x000001ed88652970
Event: 0.087 Thread 0x000001ed886543b0 Thread added: 0x000001ed886543b0
Event: 0.207 Thread 0x000001ed88655760 Thread added: 0x000001ed88655760
Event: 0.257 Thread 0x000001ed886185c0 Thread added: 0x000001ed886185c0


Dynamic libraries:
0x00007ff730200000 - 0x00007ff730210000 	C:\Program Files\Java\jdk-21\bin\javaw.exe
0x00007ffe21690000 - 0x00007ffe21888000 	C:\WINDOWS\SYSTEM32\ntdll.dll
0x00007ffe1f880000 - 0x00007ffe1f942000 	C:\WINDOWS\System32\KERNEL32.DLL
0x00007ffe1f120000 - 0x00007ffe1f416000 	C:\WINDOWS\System32\KERNELBASE.dll
0x00007ffe1f5b0000 - 0x00007ffe1f6b0000 	C:\WINDOWS\System32\ucrtbase.dll
0x00007ffdffe40000 - 0x00007ffdffe5b000 	C:\Program Files\Java\jdk-21\bin\VCRUNTIME140.dll
0x00007ffdffe20000 - 0x00007ffdffe39000 	C:\Program Files\Java\jdk-21\bin\jli.dll
0x00007ffe1fbe0000 - 0x00007ffe1fc8f000 	C:\WINDOWS\System32\ADVAPI32.dll
0x00007ffe215b0000 - 0x00007ffe2164e000 	C:\WINDOWS\System32\msvcrt.dll
0x00007ffe1f710000 - 0x00007ffe1f7af000 	C:\WINDOWS\System32\sechost.dll
0x00007ffe1fd40000 - 0x00007ffe1fe63000 	C:\WINDOWS\System32\RPCRT4.dll
0x00007ffe1f0f0000 - 0x00007ffe1f117000 	C:\WINDOWS\System32\bcrypt.dll
0x00007ffe1fa40000 - 0x00007ffe1fbdd000 	C:\WINDOWS\System32\USER32.dll
0x00007ffe1f580000 - 0x00007ffe1f5a2000 	C:\WINDOWS\System32\win32u.dll
0x00007ffe1ff80000 - 0x00007ffe1ffab000 	C:\WINDOWS\System32\GDI32.dll
0x00007ffe1ed20000 - 0x00007ffe1ee3a000 	C:\WINDOWS\System32\gdi32full.dll
0x00007ffe07de0000 - 0x00007ffe0807a000 	C:\WINDOWS\WinSxS\amd64_microsoft.windows.common-controls_6595b64144ccf1df_6.0.19041.4355_none_60b8b9eb71f62e16\COMCTL32.dll
0x00007ffe1ee40000 - 0x00007ffe1eedd000 	C:\WINDOWS\System32\msvcp_win.dll
0x00007ffe193c0000 - 0x00007ffe193ca000 	C:\WINDOWS\SYSTEM32\VERSION.dll
0x00007ffe1ffb0000 - 0x00007ffe1ffdf000 	C:\WINDOWS\System32\IMM32.DLL
0x00007ffdf8d60000 - 0x00007ffdf8d6c000 	C:\Program Files\Java\jdk-21\bin\vcruntime140_1.dll
0x00007ffdf8cd0000 - 0x00007ffdf8d5e000 	C:\Program Files\Java\jdk-21\bin\msvcp140.dll
0x00007ffdc35f0000 - 0x00007ffdc430a000 	C:\Program Files\Java\jdk-21\bin\server\jvm.dll
0x00007ffe212b0000 - 0x00007ffe2131b000 	C:\WINDOWS\System32\WS2_32.dll
0x00007ffe1e2b0000 - 0x00007ffe1e2fb000 	C:\WINDOWS\SYSTEM32\POWRPROF.dll
0x00007ffe16160000 - 0x00007ffe16187000 	C:\WINDOWS\SYSTEM32\WINMM.dll
0x00007ffe1e120000 - 0x00007ffe1e132000 	C:\WINDOWS\SYSTEM32\UMPDC.dll
0x00007ffe1cbc0000 - 0x00007ffe1cbd2000 	C:\WINDOWS\SYSTEM32\kernel.appcore.dll
0x00007ffdf8cc0000 - 0x00007ffdf8cca000 	C:\Program Files\Java\jdk-21\bin\jimage.dll
0x00007ffe13d30000 - 0x00007ffe13f14000 	C:\WINDOWS\SYSTEM32\DBGHELP.DLL
0x00007ffdfc1e0000 - 0x00007ffdfc214000 	C:\WINDOWS\SYSTEM32\dbgcore.DLL
0x00007ffe1eee0000 - 0x00007ffe1ef62000 	C:\WINDOWS\System32\bcryptPrimitives.dll
0x00007ffdf8ca0000 - 0x00007ffdf8cbf000 	C:\Program Files\Java\jdk-21\bin\java.dll
0x00007ffe20680000 - 0x00007ffe20def000 	C:\WINDOWS\System32\SHELL32.dll
0x00007ffe1cdc0000 - 0x00007ffe1d563000 	C:\WINDOWS\SYSTEM32\windows.storage.dll
0x00007ffe20e10000 - 0x00007ffe21165000 	C:\WINDOWS\System32\combase.dll
0x00007ffe1e750000 - 0x00007ffe1e77b000 	C:\WINDOWS\SYSTEM32\Wldp.dll
0x00007ffe1f7b0000 - 0x00007ffe1f87d000 	C:\WINDOWS\System32\OLEAUT32.dll
0x00007ffe1fe70000 - 0x00007ffe1ff1d000 	C:\WINDOWS\System32\SHCORE.dll
0x00007ffe21320000 - 0x00007ffe21375000 	C:\WINDOWS\System32\shlwapi.dll
0x00007ffe1ec50000 - 0x00007ffe1ec75000 	C:\WINDOWS\SYSTEM32\profapi.dll
0x00007ffdf8bc0000 - 0x00007ffdf8c97000 	C:\Program Files\Java\jdk-21\bin\jsvml.dll
0x00007ffdf8bb0000 - 0x00007ffdf8bc0000 	C:\Program Files\Java\jdk-21\bin\net.dll
0x00007ffe188f0000 - 0x00007ffe189fa000 	C:\WINDOWS\SYSTEM32\WINHTTP.dll
0x00007ffe1e4b0000 - 0x00007ffe1e51c000 	C:\WINDOWS\system32\mswsock.dll
0x00007ffdf8b90000 - 0x00007ffdf8ba6000 	C:\Program Files\Java\jdk-21\bin\nio.dll
0x00007ffdf8b70000 - 0x00007ffdf8b88000 	C:\Program Files\Java\jdk-21\bin\zip.dll
0x00007ffe1e140000 - 0x00007ffe1e17b000 	C:\WINDOWS\SYSTEM32\IPHLPAPI.DLL
0x00007ffe21290000 - 0x00007ffe21298000 	C:\WINDOWS\System32\NSI.dll
0x00007ffdf8b60000 - 0x00007ffdf8b69000 	C:\Program Files\Java\jdk-21\bin\extnet.dll
0x00007ffdc5080000 - 0x00007ffdc53f8000 	C:\Users\Sullbeans\AppData\Local\Temp\whisper-jni-148083446500\whisper-jni.dll
0x00007ffdf89d0000 - 0x00007ffdf8b56000 	C:\WINDOWS\SYSTEM32\vulkan-1.dll
0x00007ffe1f020000 - 0x00007ffe1f06e000 	C:\WINDOWS\System32\CFGMGR32.dll
0x00007ffdf89a0000 - 0x00007ffdf89d0000 	C:\WINDOWS\SYSTEM32\VCOMP140.DLL
0x00007ffe1d5b0000 - 0x00007ffe1d6a6000 	C:\WINDOWS\system32\dxgi.dll
0x00007ffdbcb60000 - 0x00007ffdbf3f6000 	C:\WINDOWS\System32\DriverStore\FileRepository\nv_dispi.inf_amd64_fcb8b2221bca6b43\nvoglv64.dll
0x00007ffe20040000 - 0x00007ffe204b1000 	C:\WINDOWS\System32\SETUPAPI.dll
0x00007ffe20550000 - 0x00007ffe2067b000 	C:\WINDOWS\System32\ole32.dll
0x00007ffe1a950000 - 0x00007ffe1a964000 	C:\WINDOWS\SYSTEM32\WTSAPI32.dll
0x00007ffe1e8e0000 - 0x00007ffe1e8f2000 	C:\WINDOWS\SYSTEM32\msasn1.dll
0x00007ffe18830000 - 0x00007ffe18861000 	C:\WINDOWS\SYSTEM32\cryptnet.dll
0x00007ffe1f420000 - 0x00007ffe1f57d000 	C:\WINDOWS\System32\CRYPT32.dll
0x00007ffe1e6a0000 - 0x00007ffe1e6ac000 	C:\WINDOWS\SYSTEM32\cryptbase.dll
0x00007ffe18320000 - 0x00007ffe18467000 	C:\WINDOWS\SYSTEM32\drvstore.dll
0x00007ffe1eab0000 - 0x00007ffe1eae3000 	C:\WINDOWS\SYSTEM32\devobj.dll
0x00007ffe1f070000 - 0x00007ffe1f0e3000 	C:\WINDOWS\System32\WINTRUST.dll
0x00007ffe1dfb0000 - 0x00007ffe1dfe3000 	C:\WINDOWS\SYSTEM32\ntmarta.dll
0x00007ffe20df0000 - 0x00007ffe20e0d000 	C:\WINDOWS\System32\imagehlp.dll
0x00007ffe1e6b0000 - 0x00007ffe1e6c8000 	C:\WINDOWS\SYSTEM32\CRYPTSP.dll
0x00007ffe1dd60000 - 0x00007ffe1dd98000 	C:\WINDOWS\system32\rsaenh.dll
0x00007ffe0e940000 - 0x00007ffe123f1000 	C:\WINDOWS\System32\DriverStore\FileRepository\nv_dispi.inf_amd64_fcb8b2221bca6b43\nvgpucomp64.dll
0x00007ffe1fc90000 - 0x00007ffe1fd39000 	C:\WINDOWS\System32\clbcatq.dll
0x00007ffe1b0a0000 - 0x00007ffe1b1f7000 	C:\Windows\System32\WinTypes.dll
0x00007ffdf17d0000 - 0x00007ffdf1819000 	F:\overwolf\0.256.0.2\ow-graphics-vulkan.dll
0x00007ffdf1780000 - 0x00007ffdf17c8000 	C:\Users\Sullbeans\AppData\Local\Overwolf\Extensions\ncfplpkmiejjaklknfnkgcpapnhkggmlcppckhcb\259.0.1\obs\data\obs-plugins\win-capture\ow-graphics-hook64.dll
0x00007ffdc3150000 - 0x00007ffdc35e9000 	F:\overwolf\0.256.0.2\owclient.dll
0x00007ffe212a0000 - 0x00007ffe212a8000 	C:\WINDOWS\System32\PSAPI.DLL
0x00007ffe16200000 - 0x00007ffe1623b000 	C:\WINDOWS\SYSTEM32\dxcore.dll
0x00007ffdc2e40000 - 0x00007ffdc3146000 	C:\WINDOWS\system32\nvspcap64.dll
0x00007ffdc2d90000 - 0x00007ffdc2e38000 	C:\WINDOWS\System32\DriverStore\FileRepository\nv_dispi.inf_amd64_fcb8b2221bca6b43\NvCamera\NvCameraAllowlisting64.dll
0x00007ffe1c6d0000 - 0x00007ffe1c76e000 	C:\WINDOWS\system32\uxtheme.dll
0x00007ffe21170000 - 0x00007ffe21285000 	C:\WINDOWS\System32\MSCTF.dll

dbghelp: loaded successfully - version: 4.0.5 - missing functions: none
symbol engine: initialized successfully - sym options: 0x614 - pdb path: .;C:\Program Files\Java\jdk-21\bin;C:\WINDOWS\SYSTEM32;C:\WINDOWS\WinSxS\amd64_microsoft.windows.common-controls_6595b64144ccf1df_6.0.19041.4355_none_60b8b9eb71f62e16;C:\Program Files\Java\jdk-21\bin\server;C:\Users\Sullbeans\AppData\Local\Temp\whisper-jni-148083446500;C:\WINDOWS\System32\DriverStore\FileRepository\nv_dispi.inf_amd64_fcb8b2221bca6b43;F:\overwolf\0.256.0.2;C:\Users\Sullbeans\AppData\Local\Overwolf\Extensions\ncfplpkmiejjaklknfnkgcpapnhkggmlcppckhcb\259.0.1\obs\data\obs-plugins\win-capture;C:\WINDOWS\System32\DriverStore\FileRepository\nv_dispi.inf_amd64_fcb8b2221bca6b43\NvCamera

VM Arguments:
jvm_args: -ea -Dfile.encoding=UTF-8 -Dstdout.encoding=UTF-8 -Dstderr.encoding=UTF-8 -XX:+ShowCodeDetailsInExceptionMessages 
java_command: org.eclipse.jdt.internal.junit.runner.RemoteTestRunner -version 3 -port 49789 -testLoaderClass org.eclipse.jdt.internal.junit5.runner.JUnit5TestLoader -loaderpluginname org.eclipse.jdt.junit5.runtime -classNames io.github.givimad.whisperjni.WhisperJNITest
java_class_path (initial): C:\Users\Sullbeans\eclipse-workspace\whisper-jni\target\test-classes;C:\Users\Sullbeans\eclipse-workspace\whisper-jni\target\classes;C:\Users\Sullbeans\.m2\repository\org\junit\jupiter\junit-jupiter-api\5.10.1\junit-jupiter-api-5.10.1.jar;C:\Users\Sullbeans\.m2\repository\org\opentest4j\opentest4j\1.3.0\opentest4j-1.3.0.jar;C:\Users\Sullbeans\.m2\repository\org\junit\platform\junit-platform-commons\1.10.1\junit-platform-commons-1.10.1.jar;C:\Users\Sullbeans\.m2\repository\org\apiguardian\apiguardian-api\1.1.2\apiguardian-api-1.1.2.jar;C:\Users\Sullbeans\.m2\repository\org\junit\jupiter\junit-jupiter\5.10.1\junit-jupiter-5.10.1.jar;C:\Users\Sullbeans\.m2\repository\org\junit\jupiter\junit-jupiter-params\5.10.1\junit-jupiter-params-5.10.1.jar;C:\Users\Sullbeans\.m2\repository\org\junit\jupiter\junit-jupiter-engine\5.10.1\junit-jupiter-engine-5.10.1.jar;C:\Users\Sullbeans\.m2\repository\org\junit\platform\junit-platform-engine\1.10.1\junit-platform-engine-1.10.1.jar;C:\Users\Sullbeans\.m2\repository\org\junit\platform\junit-platform-launcher\1.10.1\junit-platform-launcher-1.10.1.jar;C:\Users\Sullbeans\eclipse\java-2023-09\eclipse\configuration\org.eclipse.osgi\251\0\.cp;C:\Users\Sullbeans\eclipse\java-2023-09\eclipse\configuration\org.eclipse.osgi\249\0\.cp
Launcher Type: SUN_STANDARD

[Global flags]
     intx CICompilerCount                          = 12                                        {product} {ergonomic}
     uint ConcGCThreads                            = 3                                         {product} {ergonomic}
     uint G1ConcRefinementThreads                  = 13                                        {product} {ergonomic}
   size_t G1HeapRegionSize                         = 2097152                                   {product} {ergonomic}
    uintx GCDrainStackTargetSize                   = 64                                        {product} {ergonomic}
   size_t InitialHeapSize                          = 268435456                                 {product} {ergonomic}
   size_t MarkStackSize                            = 4194304                                   {product} {ergonomic}
   size_t MaxHeapSize                              = 4280287232                                {product} {ergonomic}
   size_t MaxNewSize                               = 2566914048                                {product} {ergonomic}
   size_t MinHeapDeltaBytes                        = 2097152                                   {product} {ergonomic}
   size_t MinHeapSize                              = 8388608                                   {product} {ergonomic}
    uintx NonNMethodCodeHeapSize                   = 7602480                                {pd product} {ergonomic}
    uintx NonProfiledCodeHeapSize                  = 122027880                              {pd product} {ergonomic}
    uintx ProfiledCodeHeapSize                     = 122027880                              {pd product} {ergonomic}
    uintx ReservedCodeCacheSize                    = 251658240                              {pd product} {ergonomic}
     bool SegmentedCodeCache                       = true                                      {product} {ergonomic}
     bool ShowCodeDetailsInExceptionMessages       = true                                   {manageable} {command line}
   size_t SoftMaxHeapSize                          = 4280287232                             {manageable} {ergonomic}
     bool UseCompressedOops                        = true                           {product lp64_product} {ergonomic}
     bool UseG1GC                                  = true                                      {product} {ergonomic}
     bool UseLargePagesIndividualAllocation        = false                                  {pd product} {ergonomic}

Logging:
Log output configuration:
 #0: stdout all=warning uptime,level,tags foldmultilines=false
 #1: stderr all=off uptime,level,tags foldmultilines=false

Environment Variables:
JAVA_HOME=C:\Program Files\Java\jdk-21
PATH=C:/Users/Sullbeans/.p2/pool/plugins/org.eclipse.justj.openjdk.hotspot.jre.full.win32.x86_64_17.0.8.v20230831-1047/jre/bin/server;C:/Users/Sullbeans/.p2/pool/plugins/org.eclipse.justj.openjdk.hotspot.jre.full.win32.x86_64_17.0.8.v20230831-1047/jre/bin;C:\VulkanSDK\1.4.309.0\Bin;C:\Program Files\NVIDIA GPU Computing Toolkit\CUDA\v12.9\bin;C:\Program Files\NVIDIA GPU Computing Toolkit\CUDA\v12.9\libnvvp;C:\Program Files\Java\jdk-21\bin;C:\WINDOWS\system32;C:\WINDOWS;C:\WINDOWS\System32\Wbem;C:\WINDOWS\System32\WindowsPowerShell\v1.0\;C:\WINDOWS\System32\OpenSSH\;C:\Program Files\Git\cmd;C:\Program Files\nodejs\;C:\Program Files\dotnet\;C:\Program Files\CMake\bin;C:\Program Files (x86)\Windows Kits\10\Windows Performance Toolkit\;C:\Program Files\NVIDIA Corporation\Nsight Compute 2025.2.0\;C:\Program Files\NVIDIA Corporation\NVIDIA App\NvDLISR;C:\Program Files (x86)\NVIDIA Corporation\PhysX\Common;C:\Users\Sullbeans\AppData\Local\Programs\Python\Launcher;C:\Users\Sullbeans\AppData\Local\Android\Sdk\platform-tools;C:\Program Files\Git\usr\bin:;C:\Users\Sullbeans\AppData\Roaming\npm;;C:\Users\Sullbeans\eclipse\java-2023-09\eclipse;
USERNAME=Sullbeans
OS=Windows_NT
PROCESSOR_IDENTIFIER=AMD64 Family 23 Model 1 Stepping 1, AuthenticAMD
TMP=C:\Users\SULLBE~1\AppData\Local\Temp
TEMP=C:\Users\SULLBE~1\AppData\Local\Temp




Periodic native trim disabled

---------------  S Y S T E M  ---------------

OS:
 Windows 10 , 64 bit Build 19041 (10.0.19041.5678)
OS uptime: 0 days 0:02 hours

CPU: total 16 (initial active 16) (16 cores per cpu, 2 threads per core) family 23 model 1 stepping 1 microcode 0x0, cx8, cmov, fxsr, ht, mmx, 3dnowpref, sse, sse2, sse3, ssse3, sse4a, sse4.1, sse4.2, popcnt, lzcnt, tsc, tscinvbit, avx, avx2, aes, clmul, bmi1, bmi2, adx, sha, fma, vzeroupper, clflush, clflushopt, rdtscp, f16c
Processor Information for processor 0
  Max Mhz: 3000, Current Mhz: 1550, Mhz Limit: 3000
Processor Information for processor 1
  Max Mhz: 3000, Current Mhz: 1550, Mhz Limit: 3000
Processor Information for processor 2
  Max Mhz: 3000, Current Mhz: 3000, Mhz Limit: 3000
Processor Information for processor 3
  Max Mhz: 3000, Current Mhz: 3000, Mhz Limit: 3000
Processor Information for processor 4
  Max Mhz: 3000, Current Mhz: 1550, Mhz Limit: 3000
Processor Information for processor 5
  Max Mhz: 3000, Current Mhz: 1550, Mhz Limit: 3000
Processor Information for processor 6
  Max Mhz: 3000, Current Mhz: 1550, Mhz Limit: 3000
Processor Information for processor 7
  Max Mhz: 3000, Current Mhz: 1550, Mhz Limit: 3000
Processor Information for processor 8
  Max Mhz: 3000, Current Mhz: 1550, Mhz Limit: 3000
Processor Information for processor 9
  Max Mhz: 3000, Current Mhz: 1550, Mhz Limit: 3000
Processor Information for processor 10
  Max Mhz: 3000, Current Mhz: 1550, Mhz Limit: 3000
Processor Information for processor 11
  Max Mhz: 3000, Current Mhz: 1550, Mhz Limit: 3000
Processor Information for processor 12
  Max Mhz: 3000, Current Mhz: 1550, Mhz Limit: 3000
Processor Information for processor 13
  Max Mhz: 3000, Current Mhz: 1550, Mhz Limit: 3000
Processor Information for processor 14
  Max Mhz: 3000, Current Mhz: 1550, Mhz Limit: 3000
Processor Information for processor 15
  Max Mhz: 3000, Current Mhz: 1550, Mhz Limit: 3000

Memory: 4k page, system-wide physical 16323M (12118M free)
TotalPageFile size 18755M (AvailPageFile size 13677M)
current process WorkingSet (physical memory assigned to process): 109M, peak: 109M
current process commit charge ("private bytes"): 432M, peak: 432M

vm_info: Java HotSpot(TM) 64-Bit Server VM (21.0.6+8-LTS-188) for windows-amd64 JRE (21.0.6+8-LTS-188), built on 2024-12-03T10:50:54Z by "mach5one" with MS VC++ 17.6 (VS2022)

END.
