#
# A fatal error has been detected by the Java Runtime Environment:
#
#  EXCEPTION_ACCESS_VIOLATION (0xc0000005) at pc=0x00007ffb9b472f58, pid=13236, tid=7144
#
# JRE version: Java(TM) SE Runtime Environment (21.0.6+8) (build 21.0.6+8-LTS-188)
# Java VM: Java HotSpot(TM) 64-Bit Server VM (21.0.6+8-LTS-188, mixed mode, sharing, tiered, compressed oops, compressed class ptrs, g1 gc, windows-amd64)
# Problematic frame:
# C  [msvcp140.dll+0x12f58]
#
# No core dump will be written. Minidumps are not enabled by default on client versions of Windows
#
# If you would like to submit a bug report, please visit:
#   https://bugreport.java.com/bugreport/crash.jsp
# The crash happened outside the Java Virtual Machine in native code.
# See problematic frame for where to report the bug.
#

---------------  S U M M A R Y ------------

Command Line: -ea -Dfile.encoding=UTF-8 -Dstdout.encoding=UTF-8 -Dstderr.encoding=UTF-8 -XX:+ShowCodeDetailsInExceptionMessages org.eclipse.jdt.internal.junit.runner.RemoteTestRunner -version 3 -port 49981 -testLoaderClass org.eclipse.jdt.internal.junit5.runner.JUnit5TestLoader -loaderpluginname org.eclipse.jdt.junit5.runtime -classNames io.github.givimad.whisperjni.WhisperJNITest

Host: AMD Ryzen 7 1700 Eight-Core Processor          , 16 cores, 15G,  Windows 10 , 64 bit Build 19041 (10.0.19041.5678)
Time: Mon May  5 15:01:15 2025 Eastern Daylight Time elapsed time: 8.157194 seconds (0d 0h 0m 8s)

---------------  T H R E A D  ---------------

Current thread (0x00000271f0362d10):  JavaThread "main"             [_thread_in_native, id=7144, stack(0x000000dcec200000,0x000000dcec300000) (1024K)]

Stack: [0x000000dcec200000,0x000000dcec300000],  sp=0x000000dcec2fb710,  free space=1005k
Native frames: (J=compiled Java code, j=interpreted, Vv=VM code, C=native code)
C  [msvcp140.dll+0x12f58]
C  [whisper-jni.dll+0x882c4]

Java frames: (J=compiled Java code, j=interpreted, Vv=VM code)
j  io.github.givimad.whisperjni.WhisperJNI.initNoState(Ljava/lang/String;Lio/github/givimad/whisperjni/WhisperContextParams;)I+0
j  io.github.givimad.whisperjni.WhisperJNI.initNoState(Ljava/nio/file/Path;Lio/github/givimad/whisperjni/WhisperContextParams;)Lio/github/givimad/whisperjni/WhisperContext;+29
j  io.github.givimad.whisperjni.WhisperJNI.initNoState(Ljava/nio/file/Path;)Lio/github/givimad/whisperjni/WhisperContext;+3
j  io.github.givimad.whisperjni.WhisperJNITest.testFullWithState()V+15
j  java.lang.invoke.LambdaForm$DMH+0x00000271940b4000.invokeVirtual(Ljava/lang/Object;Ljava/lang/Object;)V+10 java.base@21.0.6
j  java.lang.invoke.LambdaForm$MH+0x00000271940b4800.invoke(Ljava/lang/Object;Ljava/lang/Object;)Ljava/lang/Object;+31 java.base@21.0.6
j  java.lang.invoke.Invokers$Holder.invokeExact_MT(Ljava/lang/Object;Ljava/lang/Object;Ljava/lang/Object;)Ljava/lang/Object;+19 java.base@21.0.6
j  jdk.internal.reflect.DirectMethodHandleAccessor.invokeImpl(Ljava/lang/Object;[Ljava/lang/Object;)Ljava/lang/Object;+41 java.base@21.0.6
j  jdk.internal.reflect.DirectMethodHandleAccessor.invoke(Ljava/lang/Object;[Ljava/lang/Object;)Ljava/lang/Object;+23 java.base@21.0.6
j  java.lang.reflect.Method.invoke(Ljava/lang/Object;[Ljava/lang/Object;)Ljava/lang/Object;+102 java.base@21.0.6
j  org.junit.platform.commons.util.ReflectionUtils.invokeMethod(Ljava/lang/reflect/Method;Ljava/lang/Object;[Ljava/lang/Object;)Ljava/lang/Object;+42
j  org.junit.jupiter.engine.execution.MethodInvocation.proceed()Ljava/lang/Object;+16
j  org.junit.jupiter.engine.execution.InvocationInterceptorChain$ValidatingInvocation.proceed()Ljava/lang/Object;+8
j  org.junit.jupiter.engine.extension.TimeoutExtension.intercept(Lorg/junit/jupiter/api/extension/InvocationInterceptor$Invocation;Lorg/junit/jupiter/api/extension/ReflectiveInvocationContext;Lorg/junit/jupiter/api/extension/ExtensionContext;Lorg/junit/jupiter/engine/extension/TimeoutDuration;Lorg/junit/jupiter/engine/extension/TimeoutExtension$TimeoutProvider;)Ljava/lang/Object;+28
j  org.junit.jupiter.engine.extension.TimeoutExtension.interceptTestableMethod(Lorg/junit/jupiter/api/extension/InvocationInterceptor$Invocation;Lorg/junit/jupiter/api/extension/ReflectiveInvocationContext;Lorg/junit/jupiter/api/extension/ExtensionContext;Lorg/junit/jupiter/engine/extension/TimeoutExtension$TimeoutProvider;)Ljava/lang/Object;+31
j  org.junit.jupiter.engine.extension.TimeoutExtension.interceptTestMethod(Lorg/junit/jupiter/api/extension/InvocationInterceptor$Invocation;Lorg/junit/jupiter/api/extension/ReflectiveInvocationContext;Lorg/junit/jupiter/api/extension/ExtensionContext;)V+9
j  org.junit.jupiter.engine.descriptor.TestMethodTestDescriptor$$Lambda+0x00000271940372e8.apply(Lorg/junit/jupiter/api/extension/InvocationInterceptor;Lorg/junit/jupiter/api/extension/InvocationInterceptor$Invocation;Lorg/junit/jupiter/api/extension/ReflectiveInvocationContext;Lorg/junit/jupiter/api/extension/ExtensionContext;)V+5
j  org.junit.jupiter.engine.execution.InterceptingExecutableInvoker$ReflectiveInterceptorCall.lambda$ofVoidMethod$0(Lorg/junit/jupiter/engine/execution/InterceptingExecutableInvoker$ReflectiveInterceptorCall$VoidMethodInterceptorCall;Lorg/junit/jupiter/api/extension/InvocationInterceptor;Lorg/junit/jupiter/api/extension/InvocationInterceptor$Invocation;Lorg/junit/jupiter/api/extension/ReflectiveInvocationContext;Lorg/junit/jupiter/api/extension/ExtensionContext;)Ljava/lang/Void;+6
j  org.junit.jupiter.engine.execution.InterceptingExecutableInvoker$ReflectiveInterceptorCall$$Lambda+0x00000271940376e8.apply(Lorg/junit/jupiter/api/extension/InvocationInterceptor;Lorg/junit/jupiter/api/extension/InvocationInterceptor$Invocation;Lorg/junit/jupiter/api/extension/ReflectiveInvocationContext;Lorg/junit/jupiter/api/extension/ExtensionContext;)Ljava/lang/Object;+9
j  org.junit.jupiter.engine.execution.InterceptingExecutableInvoker.lambda$invoke$0(Lorg/junit/jupiter/engine/execution/InterceptingExecutableInvoker$ReflectiveInterceptorCall;Lorg/junit/jupiter/api/extension/ReflectiveInvocationContext;Lorg/junit/jupiter/api/extension/ExtensionContext;Lorg/junit/jupiter/api/extension/InvocationInterceptor;Lorg/junit/jupiter/api/extension/InvocationInterceptor$Invocation;)Ljava/lang/Object;+6
j  org.junit.jupiter.engine.execution.InterceptingExecutableInvoker$$Lambda+0x00000271940a2650.apply(Lorg/junit/jupiter/api/extension/InvocationInterceptor;Lorg/junit/jupiter/api/extension/InvocationInterceptor$Invocation;)Ljava/lang/Object;+14
j  org.junit.jupiter.engine.execution.InvocationInterceptorChain$InterceptedInvocation.proceed()Ljava/lang/Object;+12
j  org.junit.jupiter.engine.execution.InvocationInterceptorChain.proceed(Lorg/junit/jupiter/api/extension/InvocationInterceptor$Invocation;)Ljava/lang/Object;+1
j  org.junit.jupiter.engine.execution.InvocationInterceptorChain.chainAndInvoke(Lorg/junit/jupiter/api/extension/InvocationInterceptor$Invocation;Lorg/junit/jupiter/engine/execution/InvocationInterceptorChain$InterceptorCall;Ljava/util/List;)Ljava/lang/Object;+24
j  org.junit.jupiter.engine.execution.InvocationInterceptorChain.invoke(Lorg/junit/jupiter/api/extension/InvocationInterceptor$Invocation;Lorg/junit/jupiter/engine/extension/ExtensionRegistry;Lorg/junit/jupiter/engine/execution/InvocationInterceptorChain$InterceptorCall;)Ljava/lang/Object;+31
j  org.junit.jupiter.engine.execution.InterceptingExecutableInvoker.invoke(Lorg/junit/jupiter/api/extension/InvocationInterceptor$Invocation;Lorg/junit/jupiter/api/extension/ReflectiveInvocationContext;Lorg/junit/jupiter/api/extension/ExtensionContext;Lorg/junit/jupiter/engine/extension/ExtensionRegistry;Lorg/junit/jupiter/engine/execution/InterceptingExecutableInvoker$ReflectiveInterceptorCall;)Ljava/lang/Object;+15
j  org.junit.jupiter.engine.execution.InterceptingExecutableInvoker.invoke(Ljava/lang/reflect/Method;Ljava/lang/Object;Lorg/junit/jupiter/api/extension/ExtensionContext;Lorg/junit/jupiter/engine/extension/ExtensionRegistry;Lorg/junit/jupiter/engine/execution/InterceptingExecutableInvoker$ReflectiveInterceptorCall;)Ljava/lang/Object;+55
j  org.junit.jupiter.engine.descriptor.TestMethodTestDescriptor.lambda$invokeTestMethod$7(Lorg/junit/jupiter/api/extension/ExtensionContext;Lorg/junit/jupiter/engine/execution/JupiterEngineExecutionContext;)V+28
j  org.junit.jupiter.engine.descriptor.TestMethodTestDescriptor$$Lambda+0x00000271940b0400.execute()V+12
j  org.junit.platform.engine.support.hierarchical.ThrowableCollector.execute(Lorg/junit/platform/engine/support/hierarchical/ThrowableCollector$Executable;)V+1
j  org.junit.jupiter.engine.descriptor.TestMethodTestDescriptor.invokeTestMethod(Lorg/junit/jupiter/engine/execution/JupiterEngineExecutionContext;Lorg/junit/platform/engine/support/hierarchical/Node$DynamicTestExecutor;)V+21
j  org.junit.jupiter.engine.descriptor.TestMethodTestDescriptor.execute(Lorg/junit/jupiter/engine/execution/JupiterEngineExecutionContext;Lorg/junit/platform/engine/support/hierarchical/Node$DynamicTestExecutor;)Lorg/junit/jupiter/engine/execution/JupiterEngineExecutionContext;+44
j  org.junit.jupiter.engine.descriptor.TestMethodTestDescriptor.execute(Lorg/junit/platform/engine/support/hierarchical/EngineExecutionContext;Lorg/junit/platform/engine/support/hierarchical/Node$DynamicTestExecutor;)Lorg/junit/platform/engine/support/hierarchical/EngineExecutionContext;+6
j  org.junit.platform.engine.support.hierarchical.NodeTestTask.lambda$executeRecursively$6()V+79
j  org.junit.platform.engine.support.hierarchical.NodeTestTask$$Lambda+0x0000027194096a60.execute()V+4
j  org.junit.platform.engine.support.hierarchical.ThrowableCollector.execute(Lorg/junit/platform/engine/support/hierarchical/ThrowableCollector$Executable;)V+1
j  org.junit.platform.engine.support.hierarchical.NodeTestTask.lambda$executeRecursively$8(Lorg/junit/platform/engine/support/hierarchical/EngineExecutionContext;)V+15
j  org.junit.platform.engine.support.hierarchical.NodeTestTask$$Lambda+0x0000027194096848.invoke(Lorg/junit/platform/engine/support/hierarchical/EngineExecutionContext;)V+5
j  org.junit.platform.engine.support.hierarchical.Node.around(Lorg/junit/platform/engine/support/hierarchical/EngineExecutionContext;Lorg/junit/platform/engine/support/hierarchical/Node$Invocation;)V+2
j  org.junit.platform.engine.support.hierarchical.NodeTestTask.lambda$executeRecursively$9()V+14
j  org.junit.platform.engine.support.hierarchical.NodeTestTask$$Lambda+0x0000027194096440.execute()V+4
j  org.junit.platform.engine.support.hierarchical.ThrowableCollector.execute(Lorg/junit/platform/engine/support/hierarchical/ThrowableCollector$Executable;)V+1
j  org.junit.platform.engine.support.hierarchical.NodeTestTask.executeRecursively()V+31
j  org.junit.platform.engine.support.hierarchical.NodeTestTask.execute()V+55
j  org.junit.platform.engine.support.hierarchical.SameThreadHierarchicalTestExecutorService$$Lambda+0x0000027194097528.accept(Ljava/lang/Object;)V+4
j  java.util.ArrayList.forEach(Ljava/util/function/Consumer;)V+46 java.base@21.0.6
j  org.junit.platform.engine.support.hierarchical.SameThreadHierarchicalTestExecutorService.invokeAll(Ljava/util/List;)V+6
j  org.junit.platform.engine.support.hierarchical.NodeTestTask.lambda$executeRecursively$6()V+116
j  org.junit.platform.engine.support.hierarchical.NodeTestTask$$Lambda+0x0000027194096a60.execute()V+4
j  org.junit.platform.engine.support.hierarchical.ThrowableCollector.execute(Lorg/junit/platform/engine/support/hierarchical/ThrowableCollector$Executable;)V+1
j  org.junit.platform.engine.support.hierarchical.NodeTestTask.lambda$executeRecursively$8(Lorg/junit/platform/engine/support/hierarchical/EngineExecutionContext;)V+15
j  org.junit.platform.engine.support.hierarchical.NodeTestTask$$Lambda+0x0000027194096848.invoke(Lorg/junit/platform/engine/support/hierarchical/EngineExecutionContext;)V+5
j  org.junit.platform.engine.support.hierarchical.Node.around(Lorg/junit/platform/engine/support/hierarchical/EngineExecutionContext;Lorg/junit/platform/engine/support/hierarchical/Node$Invocation;)V+2
j  org.junit.platform.engine.support.hierarchical.NodeTestTask.lambda$executeRecursively$9()V+14
j  org.junit.platform.engine.support.hierarchical.NodeTestTask$$Lambda+0x0000027194096440.execute()V+4
j  org.junit.platform.engine.support.hierarchical.ThrowableCollector.execute(Lorg/junit/platform/engine/support/hierarchical/ThrowableCollector$Executable;)V+1
j  org.junit.platform.engine.support.hierarchical.NodeTestTask.executeRecursively()V+31
j  org.junit.platform.engine.support.hierarchical.NodeTestTask.execute()V+55
j  org.junit.platform.engine.support.hierarchical.SameThreadHierarchicalTestExecutorService$$Lambda+0x0000027194097528.accept(Ljava/lang/Object;)V+4
j  java.util.ArrayList.forEach(Ljava/util/function/Consumer;)V+46 java.base@21.0.6
j  org.junit.platform.engine.support.hierarchical.SameThreadHierarchicalTestExecutorService.invokeAll(Ljava/util/List;)V+6
j  org.junit.platform.engine.support.hierarchical.NodeTestTask.lambda$executeRecursively$6()V+116
j  org.junit.platform.engine.support.hierarchical.NodeTestTask$$Lambda+0x0000027194096a60.execute()V+4
j  org.junit.platform.engine.support.hierarchical.ThrowableCollector.execute(Lorg/junit/platform/engine/support/hierarchical/ThrowableCollector$Executable;)V+1
j  org.junit.platform.engine.support.hierarchical.NodeTestTask.lambda$executeRecursively$8(Lorg/junit/platform/engine/support/hierarchical/EngineExecutionContext;)V+15
j  org.junit.platform.engine.support.hierarchical.NodeTestTask$$Lambda+0x0000027194096848.invoke(Lorg/junit/platform/engine/support/hierarchical/EngineExecutionContext;)V+5
j  org.junit.platform.engine.support.hierarchical.Node.around(Lorg/junit/platform/engine/support/hierarchical/EngineExecutionContext;Lorg/junit/platform/engine/support/hierarchical/Node$Invocation;)V+2
j  org.junit.platform.engine.support.hierarchical.NodeTestTask.lambda$executeRecursively$9()V+14
j  org.junit.platform.engine.support.hierarchical.NodeTestTask$$Lambda+0x0000027194096440.execute()V+4
j  org.junit.platform.engine.support.hierarchical.ThrowableCollector.execute(Lorg/junit/platform/engine/support/hierarchical/ThrowableCollector$Executable;)V+1
j  org.junit.platform.engine.support.hierarchical.NodeTestTask.executeRecursively()V+31
j  org.junit.platform.engine.support.hierarchical.NodeTestTask.execute()V+55
j  org.junit.platform.engine.support.hierarchical.SameThreadHierarchicalTestExecutorService.submit(Lorg/junit/platform/engine/support/hierarchical/HierarchicalTestExecutorService$TestTask;)Ljava/util/concurrent/Future;+1
j  org.junit.platform.engine.support.hierarchical.HierarchicalTestExecutor.execute()Ljava/util/concurrent/Future;+74
j  org.junit.platform.engine.support.hierarchical.HierarchicalTestEngine.execute(Lorg/junit/platform/engine/ExecutionRequest;)V+31
j  org.junit.platform.launcher.core.EngineExecutionOrchestrator.execute(Lorg/junit/platform/engine/TestDescriptor;Lorg/junit/platform/engine/EngineExecutionListener;Lorg/junit/platform/engine/ConfigurationParameters;Lorg/junit/platform/engine/TestEngine;)V+24
j  org.junit.platform.launcher.core.EngineExecutionOrchestrator.execute(Lorg/junit/platform/launcher/core/LauncherDiscoveryResult;Lorg/junit/platform/engine/EngineExecutionListener;)V+115
j  org.junit.platform.launcher.core.EngineExecutionOrchestrator.execute(Lorg/junit/platform/launcher/core/InternalTestPlan;Lorg/junit/platform/engine/EngineExecutionListener;Lorg/junit/platform/launcher/TestExecutionListener;)V+55
j  org.junit.platform.launcher.core.EngineExecutionOrchestrator.lambda$execute$0(Lorg/junit/platform/launcher/core/InternalTestPlan;Lorg/junit/platform/launcher/TestExecutionListener;)V+6
j  org.junit.platform.launcher.core.EngineExecutionOrchestrator$$Lambda+0x0000027194086300.accept(Ljava/lang/Object;)V+12
j  org.junit.platform.launcher.core.EngineExecutionOrchestrator.withInterceptedStreams(Lorg/junit/platform/engine/ConfigurationParameters;Lorg/junit/platform/launcher/core/ListenerRegistry;Ljava/util/function/Consumer;)V+51
j  org.junit.platform.launcher.core.EngineExecutionOrchestrator.execute(Lorg/junit/platform/launcher/core/InternalTestPlan;[Lorg/junit/platform/launcher/TestExecutionListener;)V+23
j  org.junit.platform.launcher.core.DefaultLauncher.execute(Lorg/junit/platform/launcher/core/InternalTestPlan;[Lorg/junit/platform/launcher/TestExecutionListener;)V+6
j  org.junit.platform.launcher.core.DefaultLauncher.execute(Lorg/junit/platform/launcher/TestPlan;[Lorg/junit/platform/launcher/TestExecutionListener;)V+36
j  org.junit.platform.launcher.core.DelegatingLauncher.execute(Lorg/junit/platform/launcher/TestPlan;[Lorg/junit/platform/launcher/TestExecutionListener;)V+6
j  org.junit.platform.launcher.core.SessionPerRequestLauncher.execute(Lorg/junit/platform/launcher/TestPlan;[Lorg/junit/platform/launcher/TestExecutionListener;)V+13
j  org.eclipse.jdt.internal.junit5.runner.JUnit5TestReference.run(Lorg/eclipse/jdt/internal/junit/runner/TestExecution;)V+69
j  org.eclipse.jdt.internal.junit.runner.TestExecution.run([Lorg/eclipse/jdt/internal/junit/runner/ITestReference;)V+27
j  org.eclipse.jdt.internal.junit.runner.RemoteTestRunner.runTests([Ljava/lang/String;Ljava/lang/String;Lorg/eclipse/jdt/internal/junit/runner/TestExecution;)V+62
j  org.eclipse.jdt.internal.junit.runner.RemoteTestRunner.runTests(Lorg/eclipse/jdt/internal/junit/runner/TestExecution;)V+10
j  org.eclipse.jdt.internal.junit.runner.RemoteTestRunner.run()V+70
j  org.eclipse.jdt.internal.junit.runner.RemoteTestRunner.main([Ljava/lang/String;)V+14
v  ~StubRoutines::call_stub 0x000002718745100d

siginfo: EXCEPTION_ACCESS_VIOLATION (0xc0000005), reading address 0x0000000000000000


Registers:
RAX=0x0000000000000000, RBX=0x00000271d85d06e0, RCX=0x00000271d85d06e8, RDX=0x0000000000000000
RSP=0x000000dcec2fb710, RBP=0x0000000000000002, RSI=0x00000271d85d06e0, RDI=0x00000271d85d0ab0
R8 =0x0000000000000002, R9 =0x0000000000000000, R10=0x00000271f0330000, R11=0x000000dcec2fb630
R12=0x0000000000000001, R13=0x0000000000000001, R14=0x0000000000000000, R15=0x00000271d85d0728
RIP=0x00007ffb9b472f58, EFLAGS=0x0000000000010286


Register to memory mapping:

RAX=0x0 is null
RBX=0x00000271d85d06e0 points into unknown readable memory: 0x0000000000000002 | 02 00 00 00 00 00 00 00
RCX=0x00000271d85d06e8 points into unknown readable memory: 0x0000000000000000 | 00 00 00 00 00 00 00 00
RDX=0x0 is null
RSP=0x000000dcec2fb710 is pointing into the stack for thread: 0x00000271f0362d10
RBP=0x0000000000000002 is an unknown value
RSI=0x00000271d85d06e0 points into unknown readable memory: 0x0000000000000002 | 02 00 00 00 00 00 00 00
RDI=0x00000271d85d0ab0 points into unknown readable memory: 0x0000000000000000 | 00 00 00 00 00 00 00 00
R8 =0x0000000000000002 is an unknown value
R9 =0x0 is null
R10=0x00000271f0330000 points into unknown readable memory: 0x0000000000000000 | 00 00 00 00 00 00 00 00
R11=0x000000dcec2fb630 is pointing into the stack for thread: 0x00000271f0362d10
R12=0x0000000000000001 is an unknown value
R13=0x0000000000000001 is an unknown value
R14=0x0 is null
R15=0x00000271d85d0728 points into unknown readable memory: 0x00000000ffffffff | ff ff ff ff 00 00 00 00

Top of Stack: (sp=0x000000dcec2fb710)
0x000000dcec2fb710:   00000271d82ce0a0 00000271d85f69a0
0x000000dcec2fb720:   00000271d81570c0 0000000000000000
0x000000dcec2fb730:   0000000000000000 0000000000000020
0x000000dcec2fb740:   000015dd2c267437 0000000000000000
0x000000dcec2fb750:   6666666666666667 0000000000000000
0x000000dcec2fb760:   00000271d85d0ab0 00007ffb738e82c4
0x000000dcec2fb770:   000000dcec2fc5c0 00007ffb98fc20b4
0x000000dcec2fb780:   00000271d85d06e0 000000dcec2fb800
0x000000dcec2fb790:   00000271d85d06e0 0000000000000000
0x000000dcec2fb7a0:   000000dcec2fc5c0 0000000000000000
0x000000dcec2fb7b0:   6666666666666667 0000000000000000
0x000000dcec2fb7c0:   0000000000000002 00007ffb738ea02a
0x000000dcec2fb7d0:   00000271d85d06e0 00000271d85d06e0
0x000000dcec2fb7e0:   000000dcec2fb8d0 ffffffffffffffff
0x000000dcec2fb7f0:   000000dcec2fc5c0 0000000000000000
0x000000dcec2fb800:   00000271d85d06e0 00000271d85d06d0
0x000000dcec2fb810:   00000271d8900630 00000271d8900638
0x000000dcec2fb820:   00000271d8900638 3f8000003f800000
0x000000dcec2fb830:   00000271d82b8c40 00000271d82b8c90
0x000000dcec2fb840:   00000271d82b8c90 00000271d8aa61e0
0x000000dcec2fb850:   00000271d8aa6258 00000271d8aa6258
0x000000dcec2fb860:   0000000000000000 00000271d85e9540
0x000000dcec2fb870:   00000271d85f6984 00000271d85f6984
0x000000dcec2fb880:   0000000100000001 0000000100000001
0x000000dcec2fb890:   0000000100000001 0000000100000001
0x000000dcec2fb8a0:   0000000100000001 0000000100000001
0x000000dcec2fb8b0:   0000000100000001 0000000100000001
0x000000dcec2fb8c0:   0000000100000001 0000000100000001
0x000000dcec2fb8d0:   0000000000000000 0000000100000001
0x000000dcec2fb8e0:   0000000100000001 0000000100000001
0x000000dcec2fb8f0:   0000000100000001 0000000100000001
0x000000dcec2fb900:   0000000100000001 0000000100000001 

Instructions: (pc=0x00007ffb9b472f58)
0x00007ffb9b472e58:   cc cc cc cc cc cc cc cc 40 53 48 83 ec 30 48 8d
0x00007ffb9b472e68:   41 08 4d 8b c8 4c 8b c2 48 89 44 24 28 83 64 24
0x00007ffb9b472e78:   20 00 48 8b d9 33 d2 33 c9 ff 15 31 36 04 00 48
0x00007ffb9b472e88:   89 03 48 f7 d8 1b c0 f7 d0 83 e0 04 48 83 c4 30
0x00007ffb9b472e98:   5b c3 cc cc cc cc cc cc 48 ff 25 59 33 04 00 cc
0x00007ffb9b472ea8:   cc cc cc cc cc cc cc cc 48 83 c1 08 48 ff 25 95
0x00007ffb9b472eb8:   31 04 00 cc 48 89 5c 24 18 48 89 74 24 20 57 41
0x00007ffb9b472ec8:   56 41 57 48 83 ec 40 48 8b 05 82 14 07 00 48 33
0x00007ffb9b472ed8:   c4 48 89 44 24 30 8b 01 4c 8b f2 0f ba f0 08 48
0x00007ffb9b472ee8:   8b f1 83 f8 01 75 4a ff 15 03 33 04 00 39 46 48
0x00007ffb9b472ef8:   74 19 48 8d 4e 08 48 8b 01 48 8b 00 ff 15 a6 37
0x00007ffb9b472f08:   04 00 ff 15 e8 32 04 00 89 46 48 ff 46 4c 33 c0
0x00007ffb9b472f18:   48 8b 4c 24 30 48 33 cc e8 3b fd 03 00 48 8b 5c
0x00007ffb9b472f28:   24 70 48 8b 74 24 78 48 83 c4 40 41 5f 41 5e 5f
0x00007ffb9b472f38:   c3 4d 85 f6 75 28 4c 8d 79 48 ff 15 b0 32 04 00
0x00007ffb9b472f48:   41 39 07 0f 84 ad 00 00 00 48 8d 4e 08 48 8b 01
0x00007ffb9b472f58:   48 8b 00 ff 15 4f 37 04 00 e9 98 00 00 00 48 83
0x00007ffb9b472f68:   3a 00 7c 6e 75 06 83 7a 08 00 7e 66 ba 01 00 00
0x00007ffb9b472f78:   00 48 8d 4c 24 20 e8 ed 08 00 00 48 8b 44 24 20
0x00007ffb9b472f88:   49 3b 06 7c 14 0f 85 b3 00 00 00 41 8b 46 08 39
0x00007ffb9b472f98:   44 24 28 0f 8d a5 00 00 00 4c 8d 7e 48 ff 15 4d
0x00007ffb9b472fa8:   32 04 00 41 39 07 74 4e 48 8b 46 08 48 8d 54 24
0x00007ffb9b472fb8:   20 49 8b ce 48 8b 58 10 e8 ab 07 00 00 8b d0 48
0x00007ffb9b472fc8:   8d 4e 08 48 8b c3 ff 15 dc 36 04 00 84 c0 74 9c
0x00007ffb9b472fd8:   eb 24 4c 8d 79 48 ff 15 14 32 04 00 41 39 07 74
0x00007ffb9b472fe8:   15 48 8d 4e 08 48 8b 01 48 8b 40 08 ff 15 b6 36
0x00007ffb9b472ff8:   04 00 84 c0 74 48 8b 4e 4c 33 db bf 02 01 00 00
0x00007ffb9b473008:   8d 41 01 89 46 4c 83 f8 01 7e 0f f7 06 00 01 00
0x00007ffb9b473018:   00 75 10 89 4e 4c 8b df eb 09 ff 15 d0 31 04 00
0x00007ffb9b473028:   41 89 07 85 db 0f 84 e3 fe ff ff 3b df 74 0a b8
0x00007ffb9b473038:   04 00 00 00 e9 d7 fe ff ff 4d 85 f6 74 20 49 83
0x00007ffb9b473048:   3e 00 75 10 41 8b 46 08 f7 d8 1b c0 83 c0 03 e9 


Stack slot to memory mapping:

stack at sp + 0 slots: 0x00000271d82ce0a0 points into unknown readable memory: 0x00000271d812f730 | 30 f7 12 d8 71 02 00 00
stack at sp + 1 slots: 0x00000271d85f69a0 points into unknown readable memory: 0x10aded040410aded | ed ad 10 04 04 ed ad 10
stack at sp + 2 slots: 0x00000271d81570c0 points into unknown readable memory: 0x00000271d85f69a0 | a0 69 5f d8 71 02 00 00
stack at sp + 3 slots: 0x0 is null
stack at sp + 4 slots: 0x0 is null
stack at sp + 5 slots: 0x0000000000000020 is an unknown value
stack at sp + 6 slots: 0x000015dd2c267437 is an unknown value
stack at sp + 7 slots: 0x0 is null


---------------  P R O C E S S  ---------------

Threads class SMR info:
_java_thread_list=0x00000271d8cd10d0, length=12, elements={
0x00000271f0362d10, 0x00000271ff129e70, 0x00000271ff12ab80, 0x00000271ff12c740,
0x00000271ff12d410, 0x00000271ff135e70, 0x00000271ff13bde0, 0x00000271ff13e780,
0x00000271ff13ee20, 0x00000271d8227070, 0x00000271d822a6c0, 0x00000271d82d0b30
}

Java Threads: ( => current thread )
=>0x00000271f0362d10 JavaThread "main"                              [_thread_in_native, id=7144, stack(0x000000dcec200000,0x000000dcec300000) (1024K)]
  0x00000271ff129e70 JavaThread "Reference Handler"          daemon [_thread_blocked, id=180, stack(0x000000dceca00000,0x000000dcecb00000) (1024K)]
  0x00000271ff12ab80 JavaThread "Finalizer"                  daemon [_thread_blocked, id=1804, stack(0x000000dcecb00000,0x000000dcecc00000) (1024K)]
  0x00000271ff12c740 JavaThread "Signal Dispatcher"          daemon [_thread_blocked, id=13804, stack(0x000000dcecc00000,0x000000dcecd00000) (1024K)]
  0x00000271ff12d410 JavaThread "Attach Listener"            daemon [_thread_blocked, id=4920, stack(0x000000dcecd00000,0x000000dcece00000) (1024K)]
  0x00000271ff135e70 JavaThread "Service Thread"             daemon [_thread_blocked, id=14104, stack(0x000000dcece00000,0x000000dcecf00000) (1024K)]
  0x00000271ff13bde0 JavaThread "Monitor Deflation Thread"   daemon [_thread_blocked, id=572, stack(0x000000dcecf00000,0x000000dced000000) (1024K)]
  0x00000271ff13e780 JavaThread "C2 CompilerThread0"         daemon [_thread_blocked, id=9608, stack(0x000000dced000000,0x000000dced100000) (1024K)]
  0x00000271ff13ee20 JavaThread "C1 CompilerThread0"         daemon [_thread_blocked, id=13344, stack(0x000000dced100000,0x000000dced200000) (1024K)]
  0x00000271d8227070 JavaThread "Notification Thread"        daemon [_thread_blocked, id=13056, stack(0x000000dced300000,0x000000dced400000) (1024K)]
  0x00000271d822a6c0 JavaThread "Common-Cleaner"             daemon [_thread_blocked, id=560, stack(0x000000dced400000,0x000000dced500000) (1024K)]
  0x00000271d82d0b30 JavaThread "ReaderThread"                      [_thread_in_native, id=5712, stack(0x000000dced500000,0x000000dced600000) (1024K)]
Total: 12

Other Threads:
  0x00000271ff10e350 VMThread "VM Thread"                           [id=556, stack(0x000000dcec900000,0x000000dceca00000) (1024K)]
  0x00000271ff0f9a70 WatcherThread "VM Periodic Task Thread"        [id=12784, stack(0x000000dcec800000,0x000000dcec900000) (1024K)]
  0x00000271f24e6f20 WorkerThread "GC Thread#0"                     [id=6272, stack(0x000000dcec300000,0x000000dcec400000) (1024K)]
  0x00000271f24f8570 ConcurrentGCThread "G1 Main Marker"            [id=12156, stack(0x000000dcec400000,0x000000dcec500000) (1024K)]
  0x00000271f24f9690 WorkerThread "G1 Conc#0"                       [id=12608, stack(0x000000dcec500000,0x000000dcec600000) (1024K)]
  0x00000271fefbc5f0 ConcurrentGCThread "G1 Refine#0"               [id=13832, stack(0x000000dcec600000,0x000000dcec700000) (1024K)]
  0x00000271fefbce10 ConcurrentGCThread "G1 Service"                [id=12500, stack(0x000000dcec700000,0x000000dcec800000) (1024K)]
Total: 7

Threads with active compile tasks:
Total: 0

VM state: not at safepoint (normal execution)

VM Mutex/Monitor currently owned by a thread: None

Heap address: 0x0000000700e00000, size: 4082 MB, Compressed Oops mode: Zero based, Oop shift amount: 3

CDS archive(s) mapped at: [0x0000027193000000-0x0000027193c90000-0x0000027193c90000), size 13172736, SharedBaseAddress: 0x0000027193000000, ArchiveRelocationMode: 1.
Compressed class space mapped at: 0x0000027194000000-0x00000271d4000000, reserved size: 1073741824
Narrow klass base: 0x0000027193000000, Narrow klass shift: 0, Narrow klass range: 0x100000000

GC Precious Log:
 CardTable entry size: 512
 Card Set container configuration: InlinePtr #cards 4 size 8 Array Of Cards #cards 16 size 48 Howl #buckets 8 coarsen threshold 3686 Howl Bitmap #cards 512 size 80 coarsen threshold 460 Card regions per heap region 1 cards per card region 4096
 CPUs: 16 total, 16 available
 Memory: 16323M
 Large Page Support: Disabled
 NUMA Support: Disabled
 Compressed Oops: Enabled (Zero based)
 Heap Region Size: 2M
 Heap Min Capacity: 8M
 Heap Initial Capacity: 256M
 Heap Max Capacity: 4082M
 Pre-touch: Disabled
 Parallel Workers: 13
 Concurrent Workers: 3
 Concurrent Refinement Workers: 13
 Periodic GC: Disabled

Heap:
 garbage-first heap   total 262144K, used 16384K [0x0000000700e00000, 0x0000000800000000)
  region size 2048K, 9 young (18432K), 0 survivors (0K)
 Metaspace       used 5337K, committed 5568K, reserved 1114112K
  class space    used 661K, committed 768K, reserved 1048576K

Heap Regions: E=young(eden), S=young(survivor), O=old, HS=humongous(starts), HC=humongous(continues), CS=collection set, F=free, TAMS=top-at-mark-start, PB=parsable bottom
|   0|0x0000000700e00000, 0x0000000700e00000, 0x0000000701000000|  0%| F|  |TAMS 0x0000000700e00000| PB 0x0000000700e00000| Untracked 
|   1|0x0000000701000000, 0x0000000701000000, 0x0000000701200000|  0%| F|  |TAMS 0x0000000701000000| PB 0x0000000701000000| Untracked 
|   2|0x0000000701200000, 0x0000000701200000, 0x0000000701400000|  0%| F|  |TAMS 0x0000000701200000| PB 0x0000000701200000| Untracked 
|   3|0x0000000701400000, 0x0000000701400000, 0x0000000701600000|  0%| F|  |TAMS 0x0000000701400000| PB 0x0000000701400000| Untracked 
|   4|0x0000000701600000, 0x0000000701600000, 0x0000000701800000|  0%| F|  |TAMS 0x0000000701600000| PB 0x0000000701600000| Untracked 
|   5|0x0000000701800000, 0x0000000701800000, 0x0000000701a00000|  0%| F|  |TAMS 0x0000000701800000| PB 0x0000000701800000| Untracked 
|   6|0x0000000701a00000, 0x0000000701a00000, 0x0000000701c00000|  0%| F|  |TAMS 0x0000000701a00000| PB 0x0000000701a00000| Untracked 
|   7|0x0000000701c00000, 0x0000000701c00000, 0x0000000701e00000|  0%| F|  |TAMS 0x0000000701c00000| PB 0x0000000701c00000| Untracked 
|   8|0x0000000701e00000, 0x0000000701e00000, 0x0000000702000000|  0%| F|  |TAMS 0x0000000701e00000| PB 0x0000000701e00000| Untracked 
|   9|0x0000000702000000, 0x0000000702000000, 0x0000000702200000|  0%| F|  |TAMS 0x0000000702000000| PB 0x0000000702000000| Untracked 
|  10|0x0000000702200000, 0x0000000702200000, 0x0000000702400000|  0%| F|  |TAMS 0x0000000702200000| PB 0x0000000702200000| Untracked 
|  11|0x0000000702400000, 0x0000000702400000, 0x0000000702600000|  0%| F|  |TAMS 0x0000000702400000| PB 0x0000000702400000| Untracked 
|  12|0x0000000702600000, 0x0000000702600000, 0x0000000702800000|  0%| F|  |TAMS 0x0000000702600000| PB 0x0000000702600000| Untracked 
|  13|0x0000000702800000, 0x0000000702800000, 0x0000000702a00000|  0%| F|  |TAMS 0x0000000702800000| PB 0x0000000702800000| Untracked 
|  14|0x0000000702a00000, 0x0000000702a00000, 0x0000000702c00000|  0%| F|  |TAMS 0x0000000702a00000| PB 0x0000000702a00000| Untracked 
|  15|0x0000000702c00000, 0x0000000702c00000, 0x0000000702e00000|  0%| F|  |TAMS 0x0000000702c00000| PB 0x0000000702c00000| Untracked 
|  16|0x0000000702e00000, 0x0000000702e00000, 0x0000000703000000|  0%| F|  |TAMS 0x0000000702e00000| PB 0x0000000702e00000| Untracked 
|  17|0x0000000703000000, 0x0000000703000000, 0x0000000703200000|  0%| F|  |TAMS 0x0000000703000000| PB 0x0000000703000000| Untracked 
|  18|0x0000000703200000, 0x0000000703200000, 0x0000000703400000|  0%| F|  |TAMS 0x0000000703200000| PB 0x0000000703200000| Untracked 
|  19|0x0000000703400000, 0x0000000703400000, 0x0000000703600000|  0%| F|  |TAMS 0x0000000703400000| PB 0x0000000703400000| Untracked 
|  20|0x0000000703600000, 0x0000000703600000, 0x0000000703800000|  0%| F|  |TAMS 0x0000000703600000| PB 0x0000000703600000| Untracked 
|  21|0x0000000703800000, 0x0000000703800000, 0x0000000703a00000|  0%| F|  |TAMS 0x0000000703800000| PB 0x0000000703800000| Untracked 
|  22|0x0000000703a00000, 0x0000000703a00000, 0x0000000703c00000|  0%| F|  |TAMS 0x0000000703a00000| PB 0x0000000703a00000| Untracked 
|  23|0x0000000703c00000, 0x0000000703c00000, 0x0000000703e00000|  0%| F|  |TAMS 0x0000000703c00000| PB 0x0000000703c00000| Untracked 
|  24|0x0000000703e00000, 0x0000000703e00000, 0x0000000704000000|  0%| F|  |TAMS 0x0000000703e00000| PB 0x0000000703e00000| Untracked 
|  25|0x0000000704000000, 0x0000000704000000, 0x0000000704200000|  0%| F|  |TAMS 0x0000000704000000| PB 0x0000000704000000| Untracked 
|  26|0x0000000704200000, 0x0000000704200000, 0x0000000704400000|  0%| F|  |TAMS 0x0000000704200000| PB 0x0000000704200000| Untracked 
|  27|0x0000000704400000, 0x0000000704400000, 0x0000000704600000|  0%| F|  |TAMS 0x0000000704400000| PB 0x0000000704400000| Untracked 
|  28|0x0000000704600000, 0x0000000704600000, 0x0000000704800000|  0%| F|  |TAMS 0x0000000704600000| PB 0x0000000704600000| Untracked 
|  29|0x0000000704800000, 0x0000000704800000, 0x0000000704a00000|  0%| F|  |TAMS 0x0000000704800000| PB 0x0000000704800000| Untracked 
|  30|0x0000000704a00000, 0x0000000704a00000, 0x0000000704c00000|  0%| F|  |TAMS 0x0000000704a00000| PB 0x0000000704a00000| Untracked 
|  31|0x0000000704c00000, 0x0000000704c00000, 0x0000000704e00000|  0%| F|  |TAMS 0x0000000704c00000| PB 0x0000000704c00000| Untracked 
|  32|0x0000000704e00000, 0x0000000704e00000, 0x0000000705000000|  0%| F|  |TAMS 0x0000000704e00000| PB 0x0000000704e00000| Untracked 
|  33|0x0000000705000000, 0x0000000705000000, 0x0000000705200000|  0%| F|  |TAMS 0x0000000705000000| PB 0x0000000705000000| Untracked 
|  34|0x0000000705200000, 0x0000000705200000, 0x0000000705400000|  0%| F|  |TAMS 0x0000000705200000| PB 0x0000000705200000| Untracked 
|  35|0x0000000705400000, 0x0000000705400000, 0x0000000705600000|  0%| F|  |TAMS 0x0000000705400000| PB 0x0000000705400000| Untracked 
|  36|0x0000000705600000, 0x0000000705600000, 0x0000000705800000|  0%| F|  |TAMS 0x0000000705600000| PB 0x0000000705600000| Untracked 
|  37|0x0000000705800000, 0x0000000705800000, 0x0000000705a00000|  0%| F|  |TAMS 0x0000000705800000| PB 0x0000000705800000| Untracked 
|  38|0x0000000705a00000, 0x0000000705a00000, 0x0000000705c00000|  0%| F|  |TAMS 0x0000000705a00000| PB 0x0000000705a00000| Untracked 
|  39|0x0000000705c00000, 0x0000000705c00000, 0x0000000705e00000|  0%| F|  |TAMS 0x0000000705c00000| PB 0x0000000705c00000| Untracked 
|  40|0x0000000705e00000, 0x0000000705e00000, 0x0000000706000000|  0%| F|  |TAMS 0x0000000705e00000| PB 0x0000000705e00000| Untracked 
|  41|0x0000000706000000, 0x0000000706000000, 0x0000000706200000|  0%| F|  |TAMS 0x0000000706000000| PB 0x0000000706000000| Untracked 
|  42|0x0000000706200000, 0x0000000706200000, 0x0000000706400000|  0%| F|  |TAMS 0x0000000706200000| PB 0x0000000706200000| Untracked 
|  43|0x0000000706400000, 0x0000000706400000, 0x0000000706600000|  0%| F|  |TAMS 0x0000000706400000| PB 0x0000000706400000| Untracked 
|  44|0x0000000706600000, 0x0000000706600000, 0x0000000706800000|  0%| F|  |TAMS 0x0000000706600000| PB 0x0000000706600000| Untracked 
|  45|0x0000000706800000, 0x0000000706800000, 0x0000000706a00000|  0%| F|  |TAMS 0x0000000706800000| PB 0x0000000706800000| Untracked 
|  46|0x0000000706a00000, 0x0000000706a00000, 0x0000000706c00000|  0%| F|  |TAMS 0x0000000706a00000| PB 0x0000000706a00000| Untracked 
|  47|0x0000000706c00000, 0x0000000706c00000, 0x0000000706e00000|  0%| F|  |TAMS 0x0000000706c00000| PB 0x0000000706c00000| Untracked 
|  48|0x0000000706e00000, 0x0000000706e00000, 0x0000000707000000|  0%| F|  |TAMS 0x0000000706e00000| PB 0x0000000706e00000| Untracked 
|  49|0x0000000707000000, 0x0000000707000000, 0x0000000707200000|  0%| F|  |TAMS 0x0000000707000000| PB 0x0000000707000000| Untracked 
|  50|0x0000000707200000, 0x0000000707200000, 0x0000000707400000|  0%| F|  |TAMS 0x0000000707200000| PB 0x0000000707200000| Untracked 
|  51|0x0000000707400000, 0x0000000707400000, 0x0000000707600000|  0%| F|  |TAMS 0x0000000707400000| PB 0x0000000707400000| Untracked 
|  52|0x0000000707600000, 0x0000000707600000, 0x0000000707800000|  0%| F|  |TAMS 0x0000000707600000| PB 0x0000000707600000| Untracked 
|  53|0x0000000707800000, 0x0000000707800000, 0x0000000707a00000|  0%| F|  |TAMS 0x0000000707800000| PB 0x0000000707800000| Untracked 
|  54|0x0000000707a00000, 0x0000000707a00000, 0x0000000707c00000|  0%| F|  |TAMS 0x0000000707a00000| PB 0x0000000707a00000| Untracked 
|  55|0x0000000707c00000, 0x0000000707c00000, 0x0000000707e00000|  0%| F|  |TAMS 0x0000000707c00000| PB 0x0000000707c00000| Untracked 
|  56|0x0000000707e00000, 0x0000000707e00000, 0x0000000708000000|  0%| F|  |TAMS 0x0000000707e00000| PB 0x0000000707e00000| Untracked 
|  57|0x0000000708000000, 0x0000000708000000, 0x0000000708200000|  0%| F|  |TAMS 0x0000000708000000| PB 0x0000000708000000| Untracked 
|  58|0x0000000708200000, 0x0000000708200000, 0x0000000708400000|  0%| F|  |TAMS 0x0000000708200000| PB 0x0000000708200000| Untracked 
|  59|0x0000000708400000, 0x0000000708400000, 0x0000000708600000|  0%| F|  |TAMS 0x0000000708400000| PB 0x0000000708400000| Untracked 
|  60|0x0000000708600000, 0x0000000708600000, 0x0000000708800000|  0%| F|  |TAMS 0x0000000708600000| PB 0x0000000708600000| Untracked 
|  61|0x0000000708800000, 0x0000000708800000, 0x0000000708a00000|  0%| F|  |TAMS 0x0000000708800000| PB 0x0000000708800000| Untracked 
|  62|0x0000000708a00000, 0x0000000708a00000, 0x0000000708c00000|  0%| F|  |TAMS 0x0000000708a00000| PB 0x0000000708a00000| Untracked 
|  63|0x0000000708c00000, 0x0000000708c00000, 0x0000000708e00000|  0%| F|  |TAMS 0x0000000708c00000| PB 0x0000000708c00000| Untracked 
|  64|0x0000000708e00000, 0x0000000708e00000, 0x0000000709000000|  0%| F|  |TAMS 0x0000000708e00000| PB 0x0000000708e00000| Untracked 
|  65|0x0000000709000000, 0x0000000709000000, 0x0000000709200000|  0%| F|  |TAMS 0x0000000709000000| PB 0x0000000709000000| Untracked 
|  66|0x0000000709200000, 0x0000000709200000, 0x0000000709400000|  0%| F|  |TAMS 0x0000000709200000| PB 0x0000000709200000| Untracked 
|  67|0x0000000709400000, 0x0000000709400000, 0x0000000709600000|  0%| F|  |TAMS 0x0000000709400000| PB 0x0000000709400000| Untracked 
|  68|0x0000000709600000, 0x0000000709600000, 0x0000000709800000|  0%| F|  |TAMS 0x0000000709600000| PB 0x0000000709600000| Untracked 
|  69|0x0000000709800000, 0x0000000709800000, 0x0000000709a00000|  0%| F|  |TAMS 0x0000000709800000| PB 0x0000000709800000| Untracked 
|  70|0x0000000709a00000, 0x0000000709a00000, 0x0000000709c00000|  0%| F|  |TAMS 0x0000000709a00000| PB 0x0000000709a00000| Untracked 
|  71|0x0000000709c00000, 0x0000000709c00000, 0x0000000709e00000|  0%| F|  |TAMS 0x0000000709c00000| PB 0x0000000709c00000| Untracked 
|  72|0x0000000709e00000, 0x0000000709e00000, 0x000000070a000000|  0%| F|  |TAMS 0x0000000709e00000| PB 0x0000000709e00000| Untracked 
|  73|0x000000070a000000, 0x000000070a000000, 0x000000070a200000|  0%| F|  |TAMS 0x000000070a000000| PB 0x000000070a000000| Untracked 
|  74|0x000000070a200000, 0x000000070a200000, 0x000000070a400000|  0%| F|  |TAMS 0x000000070a200000| PB 0x000000070a200000| Untracked 
|  75|0x000000070a400000, 0x000000070a400000, 0x000000070a600000|  0%| F|  |TAMS 0x000000070a400000| PB 0x000000070a400000| Untracked 
|  76|0x000000070a600000, 0x000000070a600000, 0x000000070a800000|  0%| F|  |TAMS 0x000000070a600000| PB 0x000000070a600000| Untracked 
|  77|0x000000070a800000, 0x000000070a800000, 0x000000070aa00000|  0%| F|  |TAMS 0x000000070a800000| PB 0x000000070a800000| Untracked 
|  78|0x000000070aa00000, 0x000000070aa00000, 0x000000070ac00000|  0%| F|  |TAMS 0x000000070aa00000| PB 0x000000070aa00000| Untracked 
|  79|0x000000070ac00000, 0x000000070ac00000, 0x000000070ae00000|  0%| F|  |TAMS 0x000000070ac00000| PB 0x000000070ac00000| Untracked 
|  80|0x000000070ae00000, 0x000000070ae00000, 0x000000070b000000|  0%| F|  |TAMS 0x000000070ae00000| PB 0x000000070ae00000| Untracked 
|  81|0x000000070b000000, 0x000000070b000000, 0x000000070b200000|  0%| F|  |TAMS 0x000000070b000000| PB 0x000000070b000000| Untracked 
|  82|0x000000070b200000, 0x000000070b200000, 0x000000070b400000|  0%| F|  |TAMS 0x000000070b200000| PB 0x000000070b200000| Untracked 
|  83|0x000000070b400000, 0x000000070b400000, 0x000000070b600000|  0%| F|  |TAMS 0x000000070b400000| PB 0x000000070b400000| Untracked 
|  84|0x000000070b600000, 0x000000070b600000, 0x000000070b800000|  0%| F|  |TAMS 0x000000070b600000| PB 0x000000070b600000| Untracked 
|  85|0x000000070b800000, 0x000000070b800000, 0x000000070ba00000|  0%| F|  |TAMS 0x000000070b800000| PB 0x000000070b800000| Untracked 
|  86|0x000000070ba00000, 0x000000070ba00000, 0x000000070bc00000|  0%| F|  |TAMS 0x000000070ba00000| PB 0x000000070ba00000| Untracked 
|  87|0x000000070bc00000, 0x000000070bc00000, 0x000000070be00000|  0%| F|  |TAMS 0x000000070bc00000| PB 0x000000070bc00000| Untracked 
|  88|0x000000070be00000, 0x000000070be00000, 0x000000070c000000|  0%| F|  |TAMS 0x000000070be00000| PB 0x000000070be00000| Untracked 
|  89|0x000000070c000000, 0x000000070c000000, 0x000000070c200000|  0%| F|  |TAMS 0x000000070c000000| PB 0x000000070c000000| Untracked 
|  90|0x000000070c200000, 0x000000070c200000, 0x000000070c400000|  0%| F|  |TAMS 0x000000070c200000| PB 0x000000070c200000| Untracked 
|  91|0x000000070c400000, 0x000000070c400000, 0x000000070c600000|  0%| F|  |TAMS 0x000000070c400000| PB 0x000000070c400000| Untracked 
|  92|0x000000070c600000, 0x000000070c600000, 0x000000070c800000|  0%| F|  |TAMS 0x000000070c600000| PB 0x000000070c600000| Untracked 
|  93|0x000000070c800000, 0x000000070c800000, 0x000000070ca00000|  0%| F|  |TAMS 0x000000070c800000| PB 0x000000070c800000| Untracked 
|  94|0x000000070ca00000, 0x000000070ca00000, 0x000000070cc00000|  0%| F|  |TAMS 0x000000070ca00000| PB 0x000000070ca00000| Untracked 
|  95|0x000000070cc00000, 0x000000070cc00000, 0x000000070ce00000|  0%| F|  |TAMS 0x000000070cc00000| PB 0x000000070cc00000| Untracked 
|  96|0x000000070ce00000, 0x000000070ce00000, 0x000000070d000000|  0%| F|  |TAMS 0x000000070ce00000| PB 0x000000070ce00000| Untracked 
|  97|0x000000070d000000, 0x000000070d000000, 0x000000070d200000|  0%| F|  |TAMS 0x000000070d000000| PB 0x000000070d000000| Untracked 
|  98|0x000000070d200000, 0x000000070d200000, 0x000000070d400000|  0%| F|  |TAMS 0x000000070d200000| PB 0x000000070d200000| Untracked 
|  99|0x000000070d400000, 0x000000070d400000, 0x000000070d600000|  0%| F|  |TAMS 0x000000070d400000| PB 0x000000070d400000| Untracked 
| 100|0x000000070d600000, 0x000000070d600000, 0x000000070d800000|  0%| F|  |TAMS 0x000000070d600000| PB 0x000000070d600000| Untracked 
| 101|0x000000070d800000, 0x000000070d800000, 0x000000070da00000|  0%| F|  |TAMS 0x000000070d800000| PB 0x000000070d800000| Untracked 
| 102|0x000000070da00000, 0x000000070da00000, 0x000000070dc00000|  0%| F|  |TAMS 0x000000070da00000| PB 0x000000070da00000| Untracked 
| 103|0x000000070dc00000, 0x000000070dc00000, 0x000000070de00000|  0%| F|  |TAMS 0x000000070dc00000| PB 0x000000070dc00000| Untracked 
| 104|0x000000070de00000, 0x000000070de00000, 0x000000070e000000|  0%| F|  |TAMS 0x000000070de00000| PB 0x000000070de00000| Untracked 
| 105|0x000000070e000000, 0x000000070e000000, 0x000000070e200000|  0%| F|  |TAMS 0x000000070e000000| PB 0x000000070e000000| Untracked 
| 106|0x000000070e200000, 0x000000070e200000, 0x000000070e400000|  0%| F|  |TAMS 0x000000070e200000| PB 0x000000070e200000| Untracked 
| 107|0x000000070e400000, 0x000000070e400000, 0x000000070e600000|  0%| F|  |TAMS 0x000000070e400000| PB 0x000000070e400000| Untracked 
| 108|0x000000070e600000, 0x000000070e600000, 0x000000070e800000|  0%| F|  |TAMS 0x000000070e600000| PB 0x000000070e600000| Untracked 
| 109|0x000000070e800000, 0x000000070e800000, 0x000000070ea00000|  0%| F|  |TAMS 0x000000070e800000| PB 0x000000070e800000| Untracked 
| 110|0x000000070ea00000, 0x000000070ea00000, 0x000000070ec00000|  0%| F|  |TAMS 0x000000070ea00000| PB 0x000000070ea00000| Untracked 
| 111|0x000000070ec00000, 0x000000070ec00000, 0x000000070ee00000|  0%| F|  |TAMS 0x000000070ec00000| PB 0x000000070ec00000| Untracked 
| 112|0x000000070ee00000, 0x000000070ee00000, 0x000000070f000000|  0%| F|  |TAMS 0x000000070ee00000| PB 0x000000070ee00000| Untracked 
| 113|0x000000070f000000, 0x000000070f000000, 0x000000070f200000|  0%| F|  |TAMS 0x000000070f000000| PB 0x000000070f000000| Untracked 
| 114|0x000000070f200000, 0x000000070f200000, 0x000000070f400000|  0%| F|  |TAMS 0x000000070f200000| PB 0x000000070f200000| Untracked 
| 115|0x000000070f400000, 0x000000070f400000, 0x000000070f600000|  0%| F|  |TAMS 0x000000070f400000| PB 0x000000070f400000| Untracked 
| 116|0x000000070f600000, 0x000000070f600000, 0x000000070f800000|  0%| F|  |TAMS 0x000000070f600000| PB 0x000000070f600000| Untracked 
| 117|0x000000070f800000, 0x000000070f800000, 0x000000070fa00000|  0%| F|  |TAMS 0x000000070f800000| PB 0x000000070f800000| Untracked 
| 118|0x000000070fa00000, 0x000000070fa00000, 0x000000070fc00000|  0%| F|  |TAMS 0x000000070fa00000| PB 0x000000070fa00000| Untracked 
| 119|0x000000070fc00000, 0x000000070fd734d0, 0x000000070fe00000| 72%| E|  |TAMS 0x000000070fc00000| PB 0x000000070fc00000| Complete 
| 120|0x000000070fe00000, 0x0000000710000000, 0x0000000710000000|100%| E|CS|TAMS 0x000000070fe00000| PB 0x000000070fe00000| Complete 
| 121|0x0000000710000000, 0x0000000710200000, 0x0000000710200000|100%| E|CS|TAMS 0x0000000710000000| PB 0x0000000710000000| Complete 
| 122|0x0000000710200000, 0x0000000710400000, 0x0000000710400000|100%| E|CS|TAMS 0x0000000710200000| PB 0x0000000710200000| Complete 
| 123|0x0000000710400000, 0x0000000710600000, 0x0000000710600000|100%| E|CS|TAMS 0x0000000710400000| PB 0x0000000710400000| Complete 
| 124|0x0000000710600000, 0x0000000710800000, 0x0000000710800000|100%| E|CS|TAMS 0x0000000710600000| PB 0x0000000710600000| Complete 
| 125|0x0000000710800000, 0x0000000710a00000, 0x0000000710a00000|100%| E|CS|TAMS 0x0000000710800000| PB 0x0000000710800000| Complete 
| 126|0x0000000710a00000, 0x0000000710c00000, 0x0000000710c00000|100%| E|CS|TAMS 0x0000000710a00000| PB 0x0000000710a00000| Complete 
| 127|0x0000000710c00000, 0x0000000710e00000, 0x0000000710e00000|100%| E|CS|TAMS 0x0000000710c00000| PB 0x0000000710c00000| Complete 

Card table byte_map: [0x00000271fb990000,0x00000271fc190000] _byte_map_base: 0x00000271f8189000

Marking Bits: (CMBitMap*) 0x00000271f24e7430
 Bits: [0x000002718f000000, 0x0000027192fc8000)

Polling page: 0x00000271f0300000

Metaspace:

Usage:
  Non-class:      4.57 MB used.
      Class:    661.35 KB used.
       Both:      5.21 MB used.

Virtual space:
  Non-class space:       64.00 MB reserved,       4.69 MB (  7%) committed,  1 nodes.
      Class space:        1.00 GB reserved,     768.00 KB ( <1%) committed,  1 nodes.
             Both:        1.06 GB reserved,       5.44 MB ( <1%) committed. 

Chunk freelists:
   Non-Class:  10.10 MB
       Class:  15.29 MB
        Both:  25.40 MB

MaxMetaspaceSize: unlimited
CompressedClassSpaceSize: 1.00 GB
Initial GC threshold: 21.00 MB
Current GC threshold: 21.00 MB
CDS: on
 - commit_granule_bytes: 65536.
 - commit_granule_words: 8192.
 - virtual_space_node_default_size: 8388608.
 - enlarge_chunks_in_place: 1.
 - use_allocation_guard: 0.


Internal statistics:

num_allocs_failed_limit: 0.
num_arena_births: 154.
num_arena_deaths: 0.
num_vsnodes_births: 2.
num_vsnodes_deaths: 0.
num_space_committed: 87.
num_space_uncommitted: 0.
num_chunks_returned_to_freelist: 0.
num_chunks_taken_from_freelist: 326.
num_chunk_merges: 0.
num_chunk_splits: 175.
num_chunks_enlarged: 100.
num_inconsistent_stats: 0.

CodeHeap 'non-profiled nmethods': size=119168Kb used=365Kb max_used=365Kb free=118802Kb
 bounds [0x0000027187ba0000, 0x0000027187e10000, 0x000002718f000000]
CodeHeap 'profiled nmethods': size=119104Kb used=2484Kb max_used=2484Kb free=116619Kb
 bounds [0x0000027180000000, 0x0000027180270000, 0x0000027187450000]
CodeHeap 'non-nmethods': size=7488Kb used=1345Kb max_used=1935Kb free=6142Kb
 bounds [0x0000027187450000, 0x00000271876c0000, 0x0000027187ba0000]
 total_blobs=1772 nmethods=1320 adapters=357
 compilation: enabled
              stopped_count=0, restarted_count=0
 full_count=0

Compilation events (20 events):
Event: 0.665 Thread 0x00000271ff13e780 1311       4       jdk.internal.misc.Unsafe::getShortUnaligned (12 bytes)
Event: 0.666 Thread 0x00000271d84f91d0 1312       4       java.nio.Buffer::hasRemaining (17 bytes)
Event: 0.666 Thread 0x00000271d84f91d0 nmethod 1312 0x0000027187bf9890 code [0x0000027187bf9a20, 0x0000027187bf9ac0]
Event: 0.666 Thread 0x00000271d84f91d0 1313       4       java.lang.Math::min (46 bytes)
Event: 0.667 Thread 0x00000271ff13e780 nmethod 1311 0x0000027187bf9b90 code [0x0000027187bf9d20, 0x0000027187bf9dd8]
Event: 0.667 Thread 0x00000271ff13e780 1314       4       java.nio.ByteBufferAsShortBufferL::get (30 bytes)
Event: 0.667 Thread 0x00000271d84f91d0 nmethod 1313 0x0000027187bf9e90 code [0x0000027187bfa040, 0x0000027187bfa178]
Event: 0.667 Thread 0x00000271d84f91d0 1315       4       java.lang.Float::min (6 bytes)
Event: 0.668 Thread 0x00000271ff13e780 nmethod 1314 0x0000027187bfa210 code [0x0000027187bfa3a0, 0x0000027187bfa4c8]
Event: 0.668 Thread 0x00000271d84f91d0 nmethod 1315 0x0000027187bfa690 code [0x0000027187bfa800, 0x0000027187bfa880]
Event: 0.668 Thread 0x00000271ff13e780 1316       4       java.lang.Float::max (6 bytes)
Event: 0.668 Thread 0x00000271d84f91d0 1317       4       java.lang.Math::max (46 bytes)
Event: 0.669 Thread 0x00000271d84f91d0 nmethod 1317 0x0000027187bfa990 code [0x0000027187bfab40, 0x0000027187bfac70]
Event: 0.669 Thread 0x00000271ff13e780 nmethod 1316 0x0000027187bfad10 code [0x0000027187bfae80, 0x0000027187bfaf00]
Event: 0.673 Thread 0x00000271ff13ee20 1318 %     3       io.github.givimad.whisperjni.WhisperJNITest::readJFKFileSamples @ 75 (114 bytes)
Event: 0.673 Thread 0x00000271ff13ee20 nmethod 1318% 0x000002718026a790 code [0x000002718026aac0, 0x000002718026b738]
Event: 0.674 Thread 0x00000271d8209f60 1319       3       io.github.givimad.whisperjni.WhisperJNITest::readJFKFileSamples (114 bytes)
Event: 0.674 Thread 0x00000271d8209f60 nmethod 1319 0x000002718026bc90 code [0x000002718026bfa0, 0x000002718026cb68]
Event: 0.675 Thread 0x00000271ff13e780 1320 %     4       io.github.givimad.whisperjni.WhisperJNITest::readJFKFileSamples @ 75 (114 bytes)
Event: 0.679 Thread 0x00000271ff13e780 nmethod 1320% 0x0000027187bfb010 code [0x0000027187bfb1e0, 0x0000027187bfb4b8]

GC Heap History (0 events):
No events

Dll operation events (8 events):
Event: 0.008 Loaded shared library C:\Program Files\Java\jdk-21\bin\java.dll
Event: 0.041 Loaded shared library C:\Program Files\Java\jdk-21\bin\jsvml.dll
Event: 0.078 Loaded shared library C:\Program Files\Java\jdk-21\bin\net.dll
Event: 0.082 Loaded shared library C:\Program Files\Java\jdk-21\bin\nio.dll
Event: 0.086 Loaded shared library C:\Program Files\Java\jdk-21\bin\zip.dll
Event: 0.156 Loaded shared library C:\Program Files\Java\jdk-21\bin\jimage.dll
Event: 0.184 Loaded shared library C:\Program Files\Java\jdk-21\bin\extnet.dll
Event: 0.636 Loaded shared library C:\Users\Sullbeans\AppData\Local\Temp\whisper-jni-1391196727200\whisper-jni.dll

Deoptimization events (20 events):
Event: 0.504 Thread 0x00000271f0362d10 Uncommon trap: trap_request=0xffffffde fr.pc=0x0000027187be7744 relative=0x0000000000000124
Event: 0.504 Thread 0x00000271f0362d10 Uncommon trap: reason=class_check action=maybe_recompile pc=0x0000027187be7744 method=jdk.internal.misc.Unsafe.allocateUninitializedArray(Ljava/lang/Class;I)Ljava/lang/Object; @ 51 c2
Event: 0.504 Thread 0x00000271f0362d10 DEOPT PACKING pc=0x0000027187be7744 sp=0x000000dcec2fdc00
Event: 0.504 Thread 0x00000271f0362d10 DEOPT UNPACKING pc=0x00000271874a46a2 sp=0x000000dcec2fdb78 mode 2
Event: 0.561 Thread 0x00000271f0362d10 Uncommon trap: trap_request=0xffffff45 fr.pc=0x0000027187be63f4 relative=0x0000000000000054
Event: 0.561 Thread 0x00000271f0362d10 Uncommon trap: reason=unstable_if action=reinterpret pc=0x0000027187be63f4 method=java.lang.CharacterData.of(I)Ljava/lang/CharacterData; @ 4 c2
Event: 0.561 Thread 0x00000271f0362d10 DEOPT PACKING pc=0x0000027187be63f4 sp=0x000000dcec2fc180
Event: 0.561 Thread 0x00000271f0362d10 DEOPT UNPACKING pc=0x00000271874a46a2 sp=0x000000dcec2fc120 mode 2
Event: 0.563 Thread 0x00000271f0362d10 Uncommon trap: trap_request=0xffffff45 fr.pc=0x0000027187bc47e8 relative=0x00000000000002a8
Event: 0.563 Thread 0x00000271f0362d10 Uncommon trap: reason=unstable_if action=reinterpret pc=0x0000027187bc47e8 method=java.lang.String.hashCode()I @ 20 c2
Event: 0.563 Thread 0x00000271f0362d10 DEOPT PACKING pc=0x0000027187bc47e8 sp=0x000000dcec2fc9f0
Event: 0.563 Thread 0x00000271f0362d10 DEOPT UNPACKING pc=0x00000271874a46a2 sp=0x000000dcec2fc980 mode 2
Event: 0.583 Thread 0x00000271f0362d10 Uncommon trap: trap_request=0xffffff45 fr.pc=0x0000027187be704c relative=0x000000000000008c
Event: 0.583 Thread 0x00000271f0362d10 Uncommon trap: reason=unstable_if action=reinterpret pc=0x0000027187be704c method=sun.net.www.ParseUtil.firstEncodeIndex(Ljava/lang/String;)I @ 51 c2
Event: 0.583 Thread 0x00000271f0362d10 DEOPT PACKING pc=0x0000027187be704c sp=0x000000dcec2fcec0
Event: 0.583 Thread 0x00000271f0362d10 DEOPT UNPACKING pc=0x00000271874a46a2 sp=0x000000dcec2fce48 mode 2
Event: 0.583 Thread 0x00000271f0362d10 Uncommon trap: trap_request=0xffffff6e fr.pc=0x0000027187bc07a0 relative=0x0000000000000460
Event: 0.583 Thread 0x00000271f0362d10 Uncommon trap: reason=loop_limit_check action=maybe_recompile pc=0x0000027187bc07a0 method=java.lang.StringLatin1.indexOf([BI[BII)I @ 37 c2
Event: 0.583 Thread 0x00000271f0362d10 DEOPT PACKING pc=0x0000027187bc07a0 sp=0x000000dcec2fce60
Event: 0.583 Thread 0x00000271f0362d10 DEOPT UNPACKING pc=0x00000271874a46a2 sp=0x000000dcec2fcdc0 mode 2

Classes loaded (20 events):
Event: 0.659 Loading class com/sun/media/sound/RIFFReader
Event: 0.660 Loading class com/sun/media/sound/RIFFReader done
Event: 0.660 Loading class java/io/EOFException
Event: 0.660 Loading class java/io/EOFException done
Event: 0.661 Loading class com/sun/media/sound/WaveFileFormat
Event: 0.661 Loading class com/sun/media/sound/StandardFileFormat
Event: 0.662 Loading class javax/sound/sampled/AudioFileFormat
Event: 0.662 Loading class javax/sound/sampled/AudioFileFormat done
Event: 0.662 Loading class com/sun/media/sound/StandardFileFormat done
Event: 0.662 Loading class com/sun/media/sound/WaveFileFormat done
Event: 0.662 Loading class java/nio/ByteBufferAsShortBufferL
Event: 0.663 Loading class java/nio/ShortBuffer
Event: 0.663 Loading class java/nio/ShortBuffer done
Event: 0.663 Loading class java/nio/ByteBufferAsShortBufferL done
Event: 0.664 Loading class jdk/internal/foreign/MemorySessionImpl
Event: 0.664 Loading class java/lang/foreign/MemorySegment$Scope
Event: 0.665 Loading class java/lang/foreign/MemorySegment$Scope done
Event: 0.665 Loading class jdk/internal/foreign/MemorySessionImpl done
Event: 0.676 Loading class java/nio/file/AccessMode
Event: 0.676 Loading class java/nio/file/AccessMode done

Classes unloaded (0 events):
No events

Classes redefined (0 events):
No events

Internal exceptions (20 events):
Event: 0.427 Thread 0x00000271f0362d10 Exception <a 'java/lang/NoSuchMethodError'{0x0000000710325f00}: 'void java.lang.invoke.DirectMethodHandle$Holder.invokeSpecial(java.lang.Object, java.lang.Object, java.lang.Object, java.lang.Object, java.lang.Object)'> (0x0000000710325f00) 
thrown [s\open\src\hotspot\share\interpreter\linkResolver.cpp, line 773]
Event: 0.440 Thread 0x00000271f0362d10 Exception <a 'java/lang/NoSuchMethodError'{0x000000071037b5f8}: 'long java.lang.invoke.DirectMethodHandle$Holder.invokeSpecial(java.lang.Object, java.lang.Object)'> (0x000000071037b5f8) 
thrown [s\open\src\hotspot\share\interpreter\linkResolver.cpp, line 773]
Event: 0.440 Thread 0x00000271f0362d10 Exception <a 'java/lang/NoSuchMethodError'{0x000000071037eb38}: 'long java.lang.invoke.Invokers$Holder.invokeExact_MT(java.lang.Object, java.lang.Object)'> (0x000000071037eb38) 
thrown [s\open\src\hotspot\share\interpreter\linkResolver.cpp, line 773]
Event: 0.462 Thread 0x00000271f0362d10 Exception <a 'java/lang/NoSuchMethodError'{0x00000007100039a8}: 'void java.lang.invoke.DirectMethodHandle$Holder.invokeInterface(java.lang.Object, java.lang.Object, java.lang.Object, java.lang.Object)'> (0x00000007100039a8) 
thrown [s\open\src\hotspot\share\interpreter\linkResolver.cpp, line 773]
Event: 0.462 Thread 0x00000271f0362d10 Exception <a 'java/lang/IncompatibleClassChangeError'{0x0000000710007000}: Found class java.lang.Object, but interface was expected> (0x0000000710007000) 
thrown [s\open\src\hotspot\share\interpreter\linkResolver.cpp, line 840]
Event: 0.466 Thread 0x00000271f0362d10 Exception <a 'java/lang/NoSuchMethodError'{0x0000000710020900}: 'void java.lang.invoke.DirectMethodHandle$Holder.invokeStatic(java.lang.Object, java.lang.Object, java.lang.Object, java.lang.Object)'> (0x0000000710020900) 
thrown [s\open\src\hotspot\share\interpreter\linkResolver.cpp, line 773]
Event: 0.479 Thread 0x00000271f0362d10 Exception <a 'java/lang/NoSuchMethodError'{0x0000000710082858}: 'int java.lang.invoke.DirectMethodHandle$Holder.invokeStatic(java.lang.Object, java.lang.Object, java.lang.Object, java.lang.Object)'> (0x0000000710082858) 
thrown [s\open\src\hotspot\share\interpreter\linkResolver.cpp, line 773]
Event: 0.480 Thread 0x00000271f0362d10 Exception <a 'java/lang/NoSuchMethodError'{0x0000000710085ee8}: 'java.lang.Object java.lang.invoke.Invokers$Holder.invokeExact_MT(java.lang.Object, java.lang.Object, java.lang.Object, java.lang.Object, java.lang.Object, java.lang.Object)'> (0x0000000710085ee8) 
thrown [s\open\src\hotspot\share\interpreter\linkResolver.cpp, line 773]
Event: 0.481 Thread 0x00000271f0362d10 Exception <a 'java/lang/NoSuchMethodError'{0x0000000710093558}: 'int java.lang.invoke.DirectMethodHandle$Holder.invokeStatic(java.lang.Object, java.lang.Object, java.lang.Object, java.lang.Object, java.lang.Object)'> (0x0000000710093558) 
thrown [s\open\src\hotspot\share\interpreter\linkResolver.cpp, line 773]
Event: 0.490 Thread 0x00000271f0362d10 Exception <a 'java/lang/NoSuchMethodError'{0x00000007100d4320}: 'void java.lang.invoke.DirectMethodHandle$Holder.invokeStaticInit(java.lang.Object)'> (0x00000007100d4320) 
thrown [s\open\src\hotspot\share\interpreter\linkResolver.cpp, line 773]
Event: 0.508 Thread 0x00000271f0362d10 Exception <a 'java/lang/NoSuchMethodError'{0x000000071016bf70}: 'void java.lang.invoke.DirectMethodHandle$Holder.invokeStaticInit(java.lang.Object, java.lang.Object, java.lang.Object, java.lang.Object)'> (0x000000071016bf70) 
thrown [s\open\src\hotspot\share\interpreter\linkResolver.cpp, line 773]
Event: 0.519 Thread 0x00000271f0362d10 Exception <a 'java/lang/NoSuchMethodError'{0x00000007101c3eb0}: 'int java.lang.invoke.DirectMethodHandle$Holder.invokeStaticInit(java.lang.Object, java.lang.Object)'> (0x00000007101c3eb0) 
thrown [s\open\src\hotspot\share\interpreter\linkResolver.cpp, line 773]
Event: 0.526 Thread 0x00000271f0362d10 Exception <a 'java/lang/NoSuchMethodError'{0x00000007101f5d30}: 'int java.lang.invoke.DirectMethodHandle$Holder.invokeInterface(java.lang.Object, java.lang.Object)'> (0x00000007101f5d30) 
thrown [s\open\src\hotspot\share\interpreter\linkResolver.cpp, line 773]
Event: 0.555 Thread 0x00000271f0362d10 Exception <a 'java/lang/IncompatibleClassChangeError'{0x000000070feef408}: Found class java.lang.Object, but interface was expected> (0x000000070feef408) 
thrown [s\open\src\hotspot\share\interpreter\linkResolver.cpp, line 840]
Event: 0.579 Thread 0x00000271f0362d10 Exception <a 'java/lang/NoSuchMethodError'{0x000000070ffa5668}: 'java.lang.Object java.lang.invoke.Invokers$Holder.linkToTargetMethod(java.lang.Object, long, java.lang.Object)'> (0x000000070ffa5668) 
thrown [s\open\src\hotspot\share\interpreter\linkResolver.cpp, line 773]
Event: 0.584 Thread 0x00000271f0362d10 Exception <a 'sun/nio/fs/WindowsException'{0x000000070ffcfba0}> (0x000000070ffcfba0) 
thrown [s\open\src\hotspot\share\prims\jni.cpp, line 520]
Event: 0.639 Thread 0x00000271f0362d10 Exception <a 'java/lang/NoSuchMethodError'{0x000000070ffe5698}: 'java.lang.Object java.lang.invoke.DirectMethodHandle$Holder.newInvokeSpecial(java.lang.Object, java.lang.Object, java.lang.Object, java.lang.Object, java.lang.Object, java.lang.Object, java.lang.Object)'> (0x000000070ffe5698) 
thrown [s\open\src\hotspot\share\interpreter\linkResolver.cpp, line 773]
Event: 0.641 Thread 0x00000271f0362d10 Exception <a 'java/lang/NoSuchMethodError'{0x000000070fff45f8}: 'java.lang.Object java.lang.invoke.DirectMethodHandle$Holder.invokeInterface(java.lang.Object, java.lang.Object, java.lang.Object, java.lang.Object, java.lang.Object)'> (0x000000070fff45f8) 
thrown [s\open\src\hotspot\share\interpreter\linkResolver.cpp, line 773]
Event: 0.642 Thread 0x00000271f0362d10 Exception <a 'java/lang/IncompatibleClassChangeError'{0x000000070fff8130}: Found class java.lang.Object, but interface was expected> (0x000000070fff8130) 
thrown [s\open\src\hotspot\share\interpreter\linkResolver.cpp, line 840]
Event: 0.651 Thread 0x00000271f0362d10 Exception <a 'java/lang/NoSuchMethodError'{0x000000070fc3dff8}: 'void java.lang.invoke.DirectMethodHandle$Holder.invokeVirtual(java.lang.Object, java.lang.Object)'> (0x000000070fc3dff8) 
thrown [s\open\src\hotspot\share\interpreter\linkResolver.cpp, line 773]

ZGC Phase Switch (0 events):
No events

VM Operations (18 events):
Event: 0.089 Executing VM operation: HandshakeAllThreads (Deoptimize)
Event: 0.089 Executing VM operation: HandshakeAllThreads (Deoptimize) done
Event: 0.220 Executing VM operation: HandshakeAllThreads (Deoptimize)
Event: 0.220 Executing VM operation: HandshakeAllThreads (Deoptimize) done
Event: 0.439 Executing VM operation: HandshakeAllThreads (Deoptimize)
Event: 0.439 Executing VM operation: HandshakeAllThreads (Deoptimize) done
Event: 0.452 Executing VM operation: HandshakeAllThreads (Deoptimize)
Event: 0.452 Executing VM operation: HandshakeAllThreads (Deoptimize) done
Event: 0.493 Executing VM operation: HandshakeAllThreads (Deoptimize)
Event: 0.493 Executing VM operation: HandshakeAllThreads (Deoptimize) done
Event: 0.558 Executing VM operation: HandshakeAllThreads (Deoptimize)
Event: 0.558 Executing VM operation: HandshakeAllThreads (Deoptimize) done
Event: 0.561 Executing VM operation: HandshakeAllThreads (Deoptimize)
Event: 0.561 Executing VM operation: HandshakeAllThreads (Deoptimize) done
Event: 0.641 Executing VM operation: ICBufferFull
Event: 0.641 Executing VM operation: ICBufferFull done
Event: 1.646 Executing VM operation: Cleanup
Event: 1.646 Executing VM operation: Cleanup done

Events (16 events):
Event: 0.024 Thread 0x00000271f0362d10 Thread added: 0x00000271f0362d10
Event: 0.039 Thread 0x00000271ff129e70 Thread added: 0x00000271ff129e70
Event: 0.039 Thread 0x00000271ff12ab80 Thread added: 0x00000271ff12ab80
Event: 0.040 Thread 0x00000271ff12c740 Thread added: 0x00000271ff12c740
Event: 0.040 Thread 0x00000271ff12d410 Thread added: 0x00000271ff12d410
Event: 0.040 Thread 0x00000271ff135e70 Thread added: 0x00000271ff135e70
Event: 0.040 Thread 0x00000271ff13bde0 Thread added: 0x00000271ff13bde0
Event: 0.040 Thread 0x00000271ff13e780 Thread added: 0x00000271ff13e780
Event: 0.040 Thread 0x00000271ff13ee20 Thread added: 0x00000271ff13ee20
Event: 0.067 Thread 0x00000271d8209f60 Thread added: 0x00000271d8209f60
Event: 0.069 Thread 0x00000271d8227070 Thread added: 0x00000271d8227070
Event: 0.075 Thread 0x00000271d822a6c0 Thread added: 0x00000271d822a6c0
Event: 0.193 Thread 0x00000271d82d0b30 Thread added: 0x00000271d82d0b30
Event: 0.237 Thread 0x00000271d84f91d0 Thread added: 0x00000271d84f91d0
Event: 5.688 Thread 0x00000271d84f91d0 Thread exited: 0x00000271d84f91d0
Event: 5.688 Thread 0x00000271d8209f60 Thread exited: 0x00000271d8209f60


Dynamic libraries:
0x00007ff749740000 - 0x00007ff749750000 	C:\Program Files\Java\jdk-21\bin\javaw.exe
0x00007ffbbdd90000 - 0x00007ffbbdf88000 	C:\WINDOWS\SYSTEM32\ntdll.dll
0x00007ffbbc020000 - 0x00007ffbbc0e2000 	C:\WINDOWS\System32\KERNEL32.DLL
0x00007ffbbb7a0000 - 0x00007ffbbba96000 	C:\WINDOWS\System32\KERNELBASE.dll
0x00007ffbbb550000 - 0x00007ffbbb650000 	C:\WINDOWS\System32\ucrtbase.dll
0x00007ffbb40b0000 - 0x00007ffbb40cb000 	C:\Program Files\Java\jdk-21\bin\VCRUNTIME140.dll
0x00007ffbae090000 - 0x00007ffbae0a9000 	C:\Program Files\Java\jdk-21\bin\jli.dll
0x00007ffbbc300000 - 0x00007ffbbc3af000 	C:\WINDOWS\System32\ADVAPI32.dll
0x00007ffbbcf40000 - 0x00007ffbbcfde000 	C:\WINDOWS\System32\msvcrt.dll
0x00007ffbbc620000 - 0x00007ffbbc6bf000 	C:\WINDOWS\System32\sechost.dll
0x00007ffbbbec0000 - 0x00007ffbbbfe3000 	C:\WINDOWS\System32\RPCRT4.dll
0x00007ffbbb770000 - 0x00007ffbbb797000 	C:\WINDOWS\System32\bcrypt.dll
0x00007ffbbd090000 - 0x00007ffbbd22d000 	C:\WINDOWS\System32\USER32.dll
0x00007ffbbbb30000 - 0x00007ffbbbb52000 	C:\WINDOWS\System32\win32u.dll
0x00007ffbbc440000 - 0x00007ffbbc46b000 	C:\WINDOWS\System32\GDI32.dll
0x00007ffbabdc0000 - 0x00007ffbac05a000 	C:\WINDOWS\WinSxS\amd64_microsoft.windows.common-controls_6595b64144ccf1df_6.0.19041.4355_none_60b8b9eb71f62e16\COMCTL32.dll
0x00007ffbbb650000 - 0x00007ffbbb76a000 	C:\WINDOWS\System32\gdi32full.dll
0x00007ffbbbb60000 - 0x00007ffbbbbfd000 	C:\WINDOWS\System32\msvcp_win.dll
0x00007ffbb59e0000 - 0x00007ffbb59ea000 	C:\WINDOWS\SYSTEM32\VERSION.dll
0x00007ffbbbe30000 - 0x00007ffbbbe5f000 	C:\WINDOWS\System32\IMM32.DLL
0x00007ffbb61c0000 - 0x00007ffbb61cc000 	C:\Program Files\Java\jdk-21\bin\vcruntime140_1.dll
0x00007ffb9b460000 - 0x00007ffb9b4ee000 	C:\Program Files\Java\jdk-21\bin\msvcp140.dll
0x00007ffb720a0000 - 0x00007ffb72dba000 	C:\Program Files\Java\jdk-21\bin\server\jvm.dll
0x00007ffbbc480000 - 0x00007ffbbc4eb000 	C:\WINDOWS\System32\WS2_32.dll
0x00007ffbba9b0000 - 0x00007ffbba9fb000 	C:\WINDOWS\SYSTEM32\POWRPROF.dll
0x00007ffbb39e0000 - 0x00007ffbb3a07000 	C:\WINDOWS\SYSTEM32\WINMM.dll
0x00007ffbba820000 - 0x00007ffbba832000 	C:\WINDOWS\SYSTEM32\UMPDC.dll
0x00007ffbb92c0000 - 0x00007ffbb92d2000 	C:\WINDOWS\SYSTEM32\kernel.appcore.dll
0x00007ffbb41e0000 - 0x00007ffbb41ea000 	C:\Program Files\Java\jdk-21\bin\jimage.dll
0x00007ffbb0dc0000 - 0x00007ffbb0fa4000 	C:\WINDOWS\SYSTEM32\DBGHELP.DLL
0x00007ffb9c560000 - 0x00007ffb9c594000 	C:\WINDOWS\SYSTEM32\dbgcore.DLL
0x00007ffbbbaa0000 - 0x00007ffbbbb22000 	C:\WINDOWS\System32\bcryptPrimitives.dll
0x00007ffb9e5c0000 - 0x00007ffb9e5df000 	C:\Program Files\Java\jdk-21\bin\java.dll
0x00007ffbbc720000 - 0x00007ffbbce8f000 	C:\WINDOWS\System32\SHELL32.dll
0x00007ffbb94c0000 - 0x00007ffbb9c63000 	C:\WINDOWS\SYSTEM32\windows.storage.dll
0x00007ffbbd9f0000 - 0x00007ffbbdd45000 	C:\WINDOWS\System32\combase.dll
0x00007ffbbae50000 - 0x00007ffbbae7b000 	C:\WINDOWS\SYSTEM32\Wldp.dll
0x00007ffbbd4a0000 - 0x00007ffbbd56d000 	C:\WINDOWS\System32\OLEAUT32.dll
0x00007ffbbce90000 - 0x00007ffbbcf3d000 	C:\WINDOWS\System32\SHCORE.dll
0x00007ffbbc6c0000 - 0x00007ffbbc715000 	C:\WINDOWS\System32\shlwapi.dll
0x00007ffbbb350000 - 0x00007ffbbb375000 	C:\WINDOWS\SYSTEM32\profapi.dll
0x00007ffb990f0000 - 0x00007ffb991c7000 	C:\Program Files\Java\jdk-21\bin\jsvml.dll
0x00007ffbaf500000 - 0x00007ffbaf510000 	C:\Program Files\Java\jdk-21\bin\net.dll
0x00007ffbb5200000 - 0x00007ffbb530a000 	C:\WINDOWS\SYSTEM32\WINHTTP.dll
0x00007ffbbabb0000 - 0x00007ffbbac1c000 	C:\WINDOWS\system32\mswsock.dll
0x00007ffb9b730000 - 0x00007ffb9b746000 	C:\Program Files\Java\jdk-21\bin\nio.dll
0x00007ffb9b3d0000 - 0x00007ffb9b3e8000 	C:\Program Files\Java\jdk-21\bin\zip.dll
0x00007ffbba840000 - 0x00007ffbba87b000 	C:\WINDOWS\SYSTEM32\IPHLPAPI.DLL
0x00007ffbbc010000 - 0x00007ffbbc018000 	C:\WINDOWS\System32\NSI.dll
0x00007ffbae080000 - 0x00007ffbae089000 	C:\Program Files\Java\jdk-21\bin\extnet.dll
0x00007ffb73860000 - 0x00007ffb73bd8000 	C:\Users\Sullbeans\AppData\Local\Temp\whisper-jni-1391196727200\whisper-jni.dll
0x00007ffb9b130000 - 0x00007ffb9b160000 	C:\WINDOWS\SYSTEM32\VCOMP140.DLL
0x00007ffb98f60000 - 0x00007ffb990e6000 	C:\WINDOWS\SYSTEM32\vulkan-1.dll
0x00007ffbbbc00000 - 0x00007ffbbbc4e000 	C:\WINDOWS\System32\CFGMGR32.dll
0x00007ffbb9cb0000 - 0x00007ffbb9da6000 	C:\WINDOWS\system32\dxgi.dll
0x00007ffb40180000 - 0x00007ffb42a16000 	C:\WINDOWS\System32\DriverStore\FileRepository\nv_dispui.inf_amd64_52d114f5cd09616c\nvoglv64.dll
0x00007ffbbd570000 - 0x00007ffbbd9e1000 	C:\WINDOWS\System32\SETUPAPI.dll
0x00007ffbbc4f0000 - 0x00007ffbbc61b000 	C:\WINDOWS\System32\ole32.dll
0x00007ffbb6890000 - 0x00007ffbb68a4000 	C:\WINDOWS\SYSTEM32\WTSAPI32.dll
0x00007ffbbafe0000 - 0x00007ffbbaff2000 	C:\WINDOWS\SYSTEM32\msasn1.dll
0x00007ffbb4fb0000 - 0x00007ffbb4fe1000 	C:\WINDOWS\SYSTEM32\cryptnet.dll
0x00007ffbbbc50000 - 0x00007ffbbbdad000 	C:\WINDOWS\System32\CRYPT32.dll
0x00007ffbbada0000 - 0x00007ffbbadac000 	C:\WINDOWS\SYSTEM32\cryptbase.dll
0x00007ffbb4c40000 - 0x00007ffbb4d87000 	C:\WINDOWS\SYSTEM32\drvstore.dll
0x00007ffbbb1b0000 - 0x00007ffbbb1e3000 	C:\WINDOWS\SYSTEM32\devobj.dll
0x00007ffbbb420000 - 0x00007ffbbb493000 	C:\WINDOWS\System32\WINTRUST.dll
0x00007ffbba6b0000 - 0x00007ffbba6e3000 	C:\WINDOWS\SYSTEM32\ntmarta.dll
0x00007ffbbbff0000 - 0x00007ffbbc00d000 	C:\WINDOWS\System32\imagehlp.dll
0x00007ffbbadb0000 - 0x00007ffbbadc8000 	C:\WINDOWS\SYSTEM32\CRYPTSP.dll
0x00007ffbba460000 - 0x00007ffbba498000 	C:\WINDOWS\system32\rsaenh.dll
0x00007ffba8130000 - 0x00007ffbabbe0000 	C:\WINDOWS\System32\DriverStore\FileRepository\nv_dispui.inf_amd64_52d114f5cd09616c\nvgpucomp64.dll
0x00007ffbbcfe0000 - 0x00007ffbbd089000 	C:\WINDOWS\System32\clbcatq.dll
0x00007ffbb7610000 - 0x00007ffbb7767000 	C:\Windows\System32\WinTypes.dll
0x00007ffb98f10000 - 0x00007ffb98f59000 	F:\overwolf\0.256.0.2\ow-graphics-vulkan.dll
0x00007ffb98ec0000 - 0x00007ffb98f08000 	C:\Users\Sullbeans\AppData\Local\Overwolf\Extensions\ncfplpkmiejjaklknfnkgcpapnhkggmlcppckhcb\259.0.1\obs\data\obs-plugins\win-capture\ow-graphics-hook64.dll
0x00007ffb733c0000 - 0x00007ffb73859000 	F:\overwolf\0.256.0.2\owclient.dll
0x00007ffbbd230000 - 0x00007ffbbd238000 	C:\WINDOWS\System32\PSAPI.DLL
0x00007ffbb8dd0000 - 0x00007ffbb8e6e000 	C:\WINDOWS\system32\uxtheme.dll
0x00007ffbbd240000 - 0x00007ffbbd355000 	C:\WINDOWS\System32\MSCTF.dll
0x00007ffbb3a10000 - 0x00007ffbb3a4b000 	C:\WINDOWS\SYSTEM32\dxcore.dll
0x00007ffb70020000 - 0x00007ffb70326000 	C:\WINDOWS\system32\nvspcap64.dll
0x00007ffb98e10000 - 0x00007ffb98eb8000 	C:\WINDOWS\System32\DriverStore\FileRepository\nv_dispui.inf_amd64_52d114f5cd09616c\NvCamera\NvCameraAllowlisting64.dll

dbghelp: loaded successfully - version: 4.0.5 - missing functions: none
symbol engine: initialized successfully - sym options: 0x614 - pdb path: .;C:\Program Files\Java\jdk-21\bin;C:\WINDOWS\SYSTEM32;C:\WINDOWS\WinSxS\amd64_microsoft.windows.common-controls_6595b64144ccf1df_6.0.19041.4355_none_60b8b9eb71f62e16;C:\Program Files\Java\jdk-21\bin\server;C:\Users\Sullbeans\AppData\Local\Temp\whisper-jni-1391196727200;C:\WINDOWS\System32\DriverStore\FileRepository\nv_dispui.inf_amd64_52d114f5cd09616c;F:\overwolf\0.256.0.2;C:\Users\Sullbeans\AppData\Local\Overwolf\Extensions\ncfplpkmiejjaklknfnkgcpapnhkggmlcppckhcb\259.0.1\obs\data\obs-plugins\win-capture;C:\WINDOWS\System32\DriverStore\FileRepository\nv_dispui.inf_amd64_52d114f5cd09616c\NvCamera

VM Arguments:
jvm_args: -ea -Dfile.encoding=UTF-8 -Dstdout.encoding=UTF-8 -Dstderr.encoding=UTF-8 -XX:+ShowCodeDetailsInExceptionMessages 
java_command: org.eclipse.jdt.internal.junit.runner.RemoteTestRunner -version 3 -port 49981 -testLoaderClass org.eclipse.jdt.internal.junit5.runner.JUnit5TestLoader -loaderpluginname org.eclipse.jdt.junit5.runtime -classNames io.github.givimad.whisperjni.WhisperJNITest
java_class_path (initial): C:\Users\Sullbeans\eclipse-workspace\whisper-jni\target\test-classes;C:\Users\Sullbeans\eclipse-workspace\whisper-jni\target\classes;C:\Users\Sullbeans\.m2\repository\org\junit\jupiter\junit-jupiter-api\5.10.1\junit-jupiter-api-5.10.1.jar;C:\Users\Sullbeans\.m2\repository\org\opentest4j\opentest4j\1.3.0\opentest4j-1.3.0.jar;C:\Users\Sullbeans\.m2\repository\org\junit\platform\junit-platform-commons\1.10.1\junit-platform-commons-1.10.1.jar;C:\Users\Sullbeans\.m2\repository\org\apiguardian\apiguardian-api\1.1.2\apiguardian-api-1.1.2.jar;C:\Users\Sullbeans\.m2\repository\org\junit\jupiter\junit-jupiter\5.10.1\junit-jupiter-5.10.1.jar;C:\Users\Sullbeans\.m2\repository\org\junit\jupiter\junit-jupiter-params\5.10.1\junit-jupiter-params-5.10.1.jar;C:\Users\Sullbeans\.m2\repository\org\junit\jupiter\junit-jupiter-engine\5.10.1\junit-jupiter-engine-5.10.1.jar;C:\Users\Sullbeans\.m2\repository\org\junit\platform\junit-platform-engine\1.10.1\junit-platform-engine-1.10.1.jar;C:\Users\Sullbeans\.m2\repository\org\junit\platform\junit-platform-launcher\1.10.1\junit-platform-launcher-1.10.1.jar;C:\Users\Sullbeans\eclipse\java-2023-09\eclipse\configuration\org.eclipse.osgi\251\0\.cp;C:\Users\Sullbeans\eclipse\java-2023-09\eclipse\configuration\org.eclipse.osgi\249\0\.cp
Launcher Type: SUN_STANDARD

[Global flags]
     intx CICompilerCount                          = 12                                        {product} {ergonomic}
     uint ConcGCThreads                            = 3                                         {product} {ergonomic}
     uint G1ConcRefinementThreads                  = 13                                        {product} {ergonomic}
   size_t G1HeapRegionSize                         = 2097152                                   {product} {ergonomic}
    uintx GCDrainStackTargetSize                   = 64                                        {product} {ergonomic}
   size_t InitialHeapSize                          = 268435456                                 {product} {ergonomic}
   size_t MarkStackSize                            = 4194304                                   {product} {ergonomic}
   size_t MaxHeapSize                              = 4280287232                                {product} {ergonomic}
   size_t MaxNewSize                               = 2566914048                                {product} {ergonomic}
   size_t MinHeapDeltaBytes                        = 2097152                                   {product} {ergonomic}
   size_t MinHeapSize                              = 8388608                                   {product} {ergonomic}
    uintx NonNMethodCodeHeapSize                   = 7602480                                {pd product} {ergonomic}
    uintx NonProfiledCodeHeapSize                  = 122027880                              {pd product} {ergonomic}
    uintx ProfiledCodeHeapSize                     = 122027880                              {pd product} {ergonomic}
    uintx ReservedCodeCacheSize                    = 251658240                              {pd product} {ergonomic}
     bool SegmentedCodeCache                       = true                                      {product} {ergonomic}
     bool ShowCodeDetailsInExceptionMessages       = true                                   {manageable} {command line}
   size_t SoftMaxHeapSize                          = 4280287232                             {manageable} {ergonomic}
     bool UseCompressedOops                        = true                           {product lp64_product} {ergonomic}
     bool UseG1GC                                  = true                                      {product} {ergonomic}
     bool UseLargePagesIndividualAllocation        = false                                  {pd product} {ergonomic}

Logging:
Log output configuration:
 #0: stdout all=warning uptime,level,tags foldmultilines=false
 #1: stderr all=off uptime,level,tags foldmultilines=false

Environment Variables:
JAVA_HOME=C:\Program Files\Java\jdk-21
PATH=C:/Users/Sullbeans/.p2/pool/plugins/org.eclipse.justj.openjdk.hotspot.jre.full.win32.x86_64_17.0.8.v20230831-1047/jre/bin/server;C:/Users/Sullbeans/.p2/pool/plugins/org.eclipse.justj.openjdk.hotspot.jre.full.win32.x86_64_17.0.8.v20230831-1047/jre/bin;C:\VulkanSDK\1.4.309.0\Bin;C:\Program Files\NVIDIA GPU Computing Toolkit\CUDA\v12.9\bin;C:\Program Files\NVIDIA GPU Computing Toolkit\CUDA\v12.9\libnvvp;C:\Program Files\Java\jdk-21\bin;C:\WINDOWS\system32;C:\WINDOWS;C:\WINDOWS\System32\Wbem;C:\WINDOWS\System32\WindowsPowerShell\v1.0\;C:\WINDOWS\System32\OpenSSH\;C:\Program Files\Git\cmd;C:\Program Files\nodejs\;C:\Program Files\dotnet\;C:\Program Files\CMake\bin;C:\Program Files (x86)\Windows Kits\10\Windows Performance Toolkit\;C:\Program Files\NVIDIA Corporation\Nsight Compute 2025.2.0\;C:\Program Files\NVIDIA Corporation\NVIDIA App\NvDLISR;C:\Program Files (x86)\NVIDIA Corporation\PhysX\Common;C:\Users\Sullbeans\AppData\Local\Programs\Python\Launcher;C:\Users\Sullbeans\AppData\Local\Android\Sdk\platform-tools;C:\Program Files\Git\usr\bin:;C:\Users\Sullbeans\AppData\Roaming\npm;;C:\Users\Sullbeans\eclipse\java-2023-09\eclipse;
USERNAME=Sullbeans
OS=Windows_NT
PROCESSOR_IDENTIFIER=AMD64 Family 23 Model 1 Stepping 1, AuthenticAMD
TMP=C:\Users\SULLBE~1\AppData\Local\Temp
TEMP=C:\Users\SULLBE~1\AppData\Local\Temp




Periodic native trim disabled

---------------  S Y S T E M  ---------------

OS:
 Windows 10 , 64 bit Build 19041 (10.0.19041.5678)
OS uptime: 0 days 0:23 hours

CPU: total 16 (initial active 16) (16 cores per cpu, 2 threads per core) family 23 model 1 stepping 1 microcode 0x0, cx8, cmov, fxsr, ht, mmx, 3dnowpref, sse, sse2, sse3, ssse3, sse4a, sse4.1, sse4.2, popcnt, lzcnt, tsc, tscinvbit, avx, avx2, aes, clmul, bmi1, bmi2, adx, sha, fma, vzeroupper, clflush, clflushopt, rdtscp, f16c
Processor Information for processor 0
  Max Mhz: 3000, Current Mhz: 1550, Mhz Limit: 3000
Processor Information for processor 1
  Max Mhz: 3000, Current Mhz: 1550, Mhz Limit: 3000
Processor Information for processor 2
  Max Mhz: 3000, Current Mhz: 3000, Mhz Limit: 3000
Processor Information for processor 3
  Max Mhz: 3000, Current Mhz: 3000, Mhz Limit: 3000
Processor Information for processor 4
  Max Mhz: 3000, Current Mhz: 1550, Mhz Limit: 3000
Processor Information for processor 5
  Max Mhz: 3000, Current Mhz: 1550, Mhz Limit: 3000
Processor Information for processor 6
  Max Mhz: 3000, Current Mhz: 1550, Mhz Limit: 3000
Processor Information for processor 7
  Max Mhz: 3000, Current Mhz: 1550, Mhz Limit: 3000
Processor Information for processor 8
  Max Mhz: 3000, Current Mhz: 1550, Mhz Limit: 3000
Processor Information for processor 9
  Max Mhz: 3000, Current Mhz: 1550, Mhz Limit: 3000
Processor Information for processor 10
  Max Mhz: 3000, Current Mhz: 1550, Mhz Limit: 3000
Processor Information for processor 11
  Max Mhz: 3000, Current Mhz: 1550, Mhz Limit: 3000
Processor Information for processor 12
  Max Mhz: 3000, Current Mhz: 1550, Mhz Limit: 3000
Processor Information for processor 13
  Max Mhz: 3000, Current Mhz: 1550, Mhz Limit: 3000
Processor Information for processor 14
  Max Mhz: 3000, Current Mhz: 1550, Mhz Limit: 3000
Processor Information for processor 15
  Max Mhz: 3000, Current Mhz: 1550, Mhz Limit: 3000

Memory: 4k page, system-wide physical 16323M (9700M free)
TotalPageFile size 18755M (AvailPageFile size 10274M)
current process WorkingSet (physical memory assigned to process): 103M, peak: 103M
current process commit charge ("private bytes"): 426M, peak: 426M

vm_info: Java HotSpot(TM) 64-Bit Server VM (21.0.6+8-LTS-188) for windows-amd64 JRE (21.0.6+8-LTS-188), built on 2024-12-03T10:50:54Z by "mach5one" with MS VC++ 17.6 (VS2022)

END.
